<?xml version="1.0" encoding="UTF-8"?>
<testsuite name="vrielynckpieterjan.encryptionlayer.schemes.RSACipherEncryptedSegmentTest" tests="2" skipped="0" failures="0" errors="0" timestamp="2021-04-07T10:35:02" hostname="MacBook-Pro-van-Pieter-Jan.local" time="0.441">
  <properties/>
  <testcase name="encrypt()" classname="vrielynckpieterjan.encryptionlayer.schemes.RSACipherEncryptedSegmentTest" time="0.029"/>
  <testcase name="nonStringEncrypt()" classname="vrielynckpieterjan.encryptionlayer.schemes.RSACipherEncryptedSegmentTest" time="0.412"/>
  <system-out><![CDATA[��??sr?Dvrielynckpieterjan.encryptionlayer.schemes.RSACipherEncryptedSegment??a���o????L??encapsulatedAESEncryptedSegmentt?FLvrielynckpieterjan/encryptionlayer/schemes/AESCipherEncryptedSegment;xr?Avrielynckpieterjan.encryptionlayer.schemes.CipherEncryptedSegment7�2Ĩ�4�???[??encryptedSegmentt??[Bxpur??[B��?�??T�???xp????m+?�%?/^qm-Y�u���]q��ʄ�-?� k?+x�??{�c���WA?h���q?�.�?��\2h��m��]]>&#x7f;<![CDATA[�m?��1�
?�oL?����X�y�v?�a&�M�?[��?#[�Z�w,?P?��R�� �ٷ��%��?M?7?:��?���?~��������7i�e���AGFx2S�%ԟa����q
16.;]�yR��C��5ցI��ES?1NdF�A�2��"]]>&#x7f;<![CDATA[�V�to��	Jw���[���($?��?t�LU����?z®�Њ-���AĹ?asr?Dvrielynckpieterjan.encryptionlayer.schemes.AESCipherEncryptedSegment��?\?t[�???xq?~??uq?~?????��??�E��]*G��  �;�@�]]>&#x7f;<![CDATA[e`��@���P�?�P?A���]]>&#x7f;<![CDATA[��?�K�Z���܋����dи�q@.��A��w	%�Q�H���/d��6Lk��.?�W�?E�?�:Y�N���ڔA��Pcp��<Ed@�﭂��?�?d�-?Բ?�	�?�<-�?=��~�m<QR�ub?�ޠ?ڸU�?4�r��?�Pj7�7�T����:P���6
�O`��?�]�H�?.�?�hd??�+	��ԤKw��F7?U�m�c�����	�/��(��Mm�#��?�??&��i��C,U�y�?�?l��?@9-�i�{w�[��+r�-~�F?�3�!*�a5f�?��?�'�5�3�̝◣I??�J���)?��\?�:�?-?��A]��l��)�����_���?۫?gDw��ƣſ�s�5�[��?Y�1gȂ��
S4�U!?�?�kA�?�??0,-�#�?|�jҠ?9|�)����d�RV~0�?�����?V�����v?��r?̟Ze?�~��V��4GSF��:
��??sr?Dvrielynckpieterjan.encryptionlayer.schemes.RSACipherEncryptedSegment??a���o????L??encapsulatedAESEncryptedSegmentt?FLvrielynckpieterjan/encryptionlayer/schemes/AESCipherEncryptedSegment;xr?Avrielynckpieterjan.encryptionlayer.schemes.CipherEncryptedSegment7�2Ĩ�4�???[??encryptedSegmentt??[Bxpur??[B��?�??T�???xp????)��*�?�?��&/�>Js�xR��?���?iȒՁ���8-�C+c�l�]����2?VfL)'�ݒ??e��?�K��mG�B��"X�[��&�?�j?�f�9meC�(�i�O�`��N���7	?��K?���R��?])�I# ~�f?/?�ɗ�?�Z2�?�.��-?����?�x�й5�Ѽ���s�?��SF��ʊ�L�Z���[�??�:u��?tM���O?�?����-k-�b��z!�x�C�]]>&#x87;<![CDATA[?̸k��t��?�?37�?0?n���??I,u(?��esr?Dvrielynckpieterjan.encryptionlayer.schemes.AESCipherEncryptedSegment��?\?t[�???xq?~??uq?~?????`�??�LkM-vy?���?0???{j;K?�?���?�?�c�2 ��y���t4����S?1��B�|��xR�?�mtTE3Y��]]>&#x7f;<![CDATA[�?�P1�k�`22�ݮ?�?q'JLf?�?�	[$:S�<�Pdt��I�?r�??�?�6ܔ�@��k̋p�?F��Ÿ<IL�s�?���b�DM�?&��!ʻ�?i:_0�.hJ�j�l�,c����?n�)����??~tN-�@>L�2`sH?L��#�����g+�܉�?U8��?mi=F?��?�i��?;?��S��o??X@��a��dl���겴q?�Q�d�~��+4r	�B}��_]]>&#x7f;<![CDATA[vT{�?:8�6?�?�7�t��E��W��	?uv�,�.�&�X?CY@c��?Q����?�0/-�h4�>2��9��@og�O��*v�zx䊶���??�x??��!ah�p4R?���SE?�"S?=(n��TkL(q?�?X?�`ϣ9<@�{x�-9��Ճ�"��pmj8[7b[?��#?�BK5@�����!{���^�2f�ÆnxN??�?Tv��Ψhߵ��Ż?�ѝ�\0?��I~+��!~y�?>#?Ol鼫��J�vF-8#�B?۞p�?�]����-��.�8V�������5-|F�??r(b����=��
:�d]#s@K�'-gZr��?i?��?쑳�(�c�?7�?/_�?	�T�wo�3f%?PA?��?\vq?�	���A�??��.??�D)@j���j�?��&�mFN�,����U纯��?t�??/��C`�B��?C~�?Cᣞ?)o�L��A��*�?Ӫ9�o1/�?�S??��~��w]���!9�n:�o7?1Z��� �Sx��
?��?��u��[�y�2l�.o
?�?�e5��?�$?Y��q3��?��R?a�T?�s@?3Nl�?��V�}�A��z�ba.X��?����CF��9��?�q��?�ե:{����?����D
��?�\�J�m�N�?ٝA??E]]>&#x7f;<![CDATA[?pU?�W��?wp?3W?��]]>&#x7f;<![CDATA[�\L?�Ө?�?�?Z?�%�'5�U�:{�&J\�?	`��	̽�kP�q�wU�~g�K�?�ٶ!F�2??�a'��;?w3�'�����9X�O�}�?�?��Uz(�˴4����?�KGP�{�2߯C��B�} �AK�?V��I�ۜ�$��`9�e)$:����)$�?	cR]]>&#x7f;<![CDATA[?*�����S�0??i��?V�,�����Z>ϝR5N���t����f�I?���=Iz8�8��5"�)��T�gF�YuK��?��1??�|N�*H���TɅ��z������}�`��յ�n�5�Nq�R�b�)�	��� �u�#���?��?�}?�?��]]>&#x7f;<![CDATA[?`�|����|�l?�u��?}辮I?�S�����{E\	aC��:�t�l��u�8�R�?��������?��[?�@ǲ�Z�?]]>&#x7f;<![CDATA[eg��0����TK������"?�8��?R�w:�
sP����04E��ۑ'O�^�п0��\��?��Tx�炽�5�U�(��Q"�?|?v]}??�]]>&#x7f;<![CDATA[�\��g-?���5�`$��˂�g�(P`�yN�x��ݬj���Q?�7��O�?�<�	�~��B�} �AK�?V��I��?��AΈ���b�XoQ�")Ǵ�l,�����Yg0~ҋ����Z8�9??3ۈÁ��]a���N>]I��W����&̚�^�?�?�R��`�?��?LA?Re�H+�?��?��?�A?�Ί6�*�J?�?��}Xj���ʩ?��?����AJ�_�m�4�A�Z��M�!>�F?��?ᑤ@����_�?@�S�_�9)�	h�8�]]>&#x7f;<![CDATA[�&tH?�`QoV?<�$��@?&fj���UԱۺ?3g퇚H?e"`� ??N�%�?�??���=??��?%?@j!҇??m�l
X?h?�h?brϥ���P�;T�?ng??�?����-�0�?H����P��?�?@?�#�&�rև�%P�d<�0��f��?ȭ�زhU7�?]]>&#x9a;<![CDATA[oA�s[Tϭ? �?����?¼�a��w�?}��wyL?Q�W?�?�6�<��??"8=��??hQ?��??�b?"��>��??7?�?��m�V���m���3����rqB�yl�0?;?1/����/<�B��n(��Q��?��m�3�*틂�M?ճ�����r035׺�f??�ץ���+�a�֠�x!�նo�{?� lhi�Đ��î9[??-&�*�|Y*zT?}?�D��,�?�����]�?*�jbK�YL.CǠe�?&�t�*"
P��xyH��}�p�yr?7Y|��q��v>??��?�	j�??�ց2j&.?k0�?�?�@�Aa#�|E?�Uo��w�?�??5Iy��;�Z~�p3�f�,�B7��>v���0�[U�?��h�?]]>&#xabc19;<![CDATA[�W�~�9���n�/�?<����?�ŵ(����I�8�	�?��=K�=?��C���sN??����L�C�g)֟?\(M2V�?�a*?�{M��?�?�nZ�?P�F��ߌS��8�Yz�f�1??�W?8??K?1��LkM,�����}�?�?�n?�?d��s),~?�ө?x���?��J??�?}�>I�!2��?����?©m#<W�DV`��-��??9�;��X�b?={S�%h��?;����?Y=?B��3k �Щ��D��`/�r�?��D��	�}�j���HU"�
���ئ�k��?T�.��?]]>&#x81;<![CDATA[!Ë�b~��?�|BA?)`�=�5�A��cpw{K1yK�]]>&#x7f;<![CDATA[����&�{�$��d?w�?�?b츀?_���???�C����)V�e��?��6��[���in�����?��X�&???�?ݺ�eG�OB?�߷X7�=k�PA�?B]]>&#x8e;<![CDATA[��`��(U_o�?2��Յ-C3?��??�9y��?�����M??��Y�?)B�� �?���?��.�0�(Sg?[�@p�~j?+�]�DO�6�1]]>&#x7f;<![CDATA[?�?D+�e�?�s��@��F??M�b��?V�M��I�;?;Cܴ|K�Ʒ��@�l#]��?\u�ᇾZٛ�?]pGVh?�K�?v��K��W�&N-��hT�
=$����3��?���f�븯??ݜ��A��<?�D�?�N��g�?�v�tn�?�?_rJ���I�Q��ߏtԻ?㍽h!1 ��d�6���=P�?h�?�c�� ������+cP����o�?�?^��?�٦w��&n�@��24`�Y��yˬ��>�?~�.Qp��?�+�]]>&#x7f;<![CDATA[�?���?nN�?�9�P��ٞ�?�px|��~�?SľZ�Pɨơ���M�V_ȯ?�\@&?��т�e�=fE�Oa]]>&#x7f;<![CDATA[������bH��Ԍ���?��/��in�b�ei,E�?�.1�?�?�c�]]>&#x80;<![CDATA[�mH�?���Q���/�Ʀ�h���?�?[��wn�?�?Zu:ڥFX²?Q5?g?��Cl��i�z�%�?)��1�T���?��
�FO�;8	D�`	:?]�d��}z?Ɗ�k�?e��T��[H?o�?��������+��	v�� ��?e��� �?¬��???Y5�o]]>&#x84;<![CDATA[�?&)Q?OK_)ܥ��?�V�?. �Fϯ�{�Xj��欼.�b��t�䔚(?*�?}���
?{���w@�4�x???U��?��?#"�3-�e/2:�Є?���?�H�� �C�G����?
u�
�Up'����?�ܚ����?����n???*��A���q�a�ҕ�9�K��h7Ӣ��C�?|���*?�.`訝l$�?	��:ӂ�?��G�|q�%��E(��R?��]�Bh??yJ?#��?�?���na`���??�O>���d3?v)y?�t7YԠ?�,��@�?�?��UG_:��Z+�c%������Z7~�?��j�蓑;Ykt�Ǳ�l��%>�ʖc\�شU��?�Q �V�Q܂y?F�Q��?m�?ac��?��Wz;�n4�S���?*G���ȃ�چ?��?nX�Wd?6b��� �?�Ncΐ�;?����t?b;?��UTk�?�xyh��?F�hه�J�z����?:s?�
sP����04E��ۑ'/ci�G?C(���?d[?!�	�f���s�?���kܽ���:2/���|e���?�6����?[?��!�
;�?�Hxj��T_A�����_�Gv�~��]]>&#x7f;<![CDATA[M�R�Y^��
sP����04E��ۑ'
�؎��+%!�h7�o%���?�;X2F??��?k(f{���:n�n�fNT0�?�3�?/�ĩ�V��|�?�)�:oNk�?���?hzف%����?�?�W��`E=e��8䥌
h��%�	�M??�?kD?��U?_�h�R��~��k?r??�i�;��頖���uP[1x�k�=5��z�i��H?�?��?7$Y�n#F�?hs�9??�
sP����04E��ۑ'?:TR��cp�?�A��&ekV�???�??_?F�~c�� N���p-;3��F�?֚!g�Pd��Xm?�?�
�H��Q��IcuQ?vc��%����?�?�W��`E=e��8䥌
h��%�	�y��?�'?j�.g�a���?�?��۠�zdO�8sDL!>C�y������fܘx?�N*?R�H)G?,3'?���/�<���PY�L��~�՘??�?DL?,��s��z�ڞ/n_	�?�l��?�aI�/��?Z1w??�w�
]]></system-out>
  <system-err><![CDATA[]]></system-err>
</testsuite>
