<?xml version="1.0" encoding="UTF-8"?>
<testsuite name="vrielynckpieterjan.applicationlayer.attestation.AttestationTest" tests="1" skipped="0" failures="0" errors="0" timestamp="2021-04-17T08:36:05" hostname="MBPvanPieterJan" time="0.278">
  <properties/>
  <testcase name="isValid()" classname="vrielynckpieterjan.applicationlayer.attestation.AttestationTest" time="0.278"/>
  <system-out><![CDATA[]]></system-out>
  <system-err><![CDATA[]]></system-err>
</testsuite>
