<?xml version="1.0" encoding="UTF-8"?>
<testsuite name="vrielynckpieterjan.masterproef.encryptionlayer.schemes.RSACipherEncryptedSegmentTest" tests="2" skipped="0" failures="0" errors="0" timestamp="2021-04-18T09:51:03" hostname="MBPvanPieterJan" time="0.251">
  <properties/>
  <testcase name="encrypt()" classname="vrielynckpieterjan.masterproef.encryptionlayer.schemes.RSACipherEncryptedSegmentTest" time="0.064"/>
  <testcase name="nonStringEncrypt()" classname="vrielynckpieterjan.masterproef.encryptionlayer.schemes.RSACipherEncryptedSegmentTest" time="0.186"/>
  <system-out><![CDATA[��??sr?Pvrielynckpieterjan.masterproef.encryptionlayer.schemes.RSACipherEncryptedSegment?�8f3?��???L??encapsulatedAESEncryptedSegmentt?RLvrielynckpieterjan/masterproef/encryptionlayer/schemes/AESCipherEncryptedSegment;xr?Mvrielynckpieterjan.masterproef.encryptionlayer.schemes.CipherEncryptedSegmentC�si_��???[??encryptedSegmentt??[Bxpur??[B��?�??T�???xp?????���8\�=ȍ���-�V�*�e�Q!��?�-*��Ѭ�?�i�?�r&R��vL�f\,?f?5/���7�?|�����?B�W�����?0�}�@�߸�6��[ӵȊ��1W]4�X�?��N>��]]>&#x7f;<![CDATA[e�3pc?�oP��S�C�g�?��z���F�u?V�*�0v��R8~���#��?�??~75z�J��?`���y�aBX/?�/�?h�J�Ʋ�R��]]>&#x7f;<![CDATA[a�??�l`?(�T�k����́��f棐�?�X[��O?��Rs���K9���֣��Rasr?Pvrielynckpieterjan.masterproef.encryptionlayer.schemes.AESCipherEncryptedSegmenth�<�Cc�@???xq?~??uq?~?????��:��?�?)#?�׹d��z�S�r?��٠2V�رM`?��U�g�a.A��L�L7`i.��?��W?]�?��?Z[bz�{.x+�9�?f�t�g�^g����f?#�=-5�H��`=��^DY`��)�?�z8�j��?����?{�z+?���7�V��k;-�?��柩f ��?\��?��???+W)XR�|�%j��`?��wư�Ƴ?N�F?jlW����cE3�Wod�2 ?�����A0?djJ.�-9k2�?�o�??������ܶ_�	Qj�4<���J+4��c{ 5?*q�??�X�;�?? G�z�!fqQ���?�?ʺk?���G�2���}�%�7_P��SЅtw??a4TP�??w��K?�"Ķ?6"�?B��?�\�BN��?<>?^+�xC?A�4{_$��K6:�J�D�?���D�}\<j?��=Y$?G��
?�Č	�o�;����m����?2�?MD���?�W��RA(V��u��+�vmņ#;��^�ڈ�3����cʵτ�-z?�Y�#��>���
��??sr?Pvrielynckpieterjan.masterproef.encryptionlayer.schemes.RSACipherEncryptedSegment?�8f3?��???L??encapsulatedAESEncryptedSegmentt?RLvrielynckpieterjan/masterproef/encryptionlayer/schemes/AESCipherEncryptedSegment;xr?Mvrielynckpieterjan.masterproef.encryptionlayer.schemes.CipherEncryptedSegmentC�si_��???[??encryptedSegmentt??[Bxpur??[B��?�??T�???xp????a�;?}��19�?,t���.#3ޔ???=s�*��P�����G9�?_��?��~t?����D%~?5��j{��:�$�7�ZÉrfmܰ*�{?�-Y��`�mꎅ?·G��P-��HwN�5?���6��B��J�Đ6u??�w�g??Rb?���x?���?������f�?�5�.���?�h�0$haj?��1�0Ĺ�M!v�s�:�er??�"?�w#�Gv���*L?�?�?")��?Qt-�4��Sak��$۫31?ELA���!F:�_�d?�?susr?Pvrielynckpieterjan.masterproef.encryptionlayer.schemes.AESCipherEncryptedSegmenth�<�Cc�@???xq?~??uq?~?????�m��?�?6/4�<Z��<O���ǞT���$�#|�Zה[
�ո�?���o~Z��-�dx;��]�]]>&#x7f;<![CDATA[��R/�?�+u2_ů��<��?CC9��Aݚ?���n�G�#?�w����7�c�?������?<`��:c����a{??�����+��;��}��*��LP
��R>��]]>&#x88;<![CDATA[4)&N���$�d�?�C_4�
{�{v�{Z����bp���x�O*�[gj�	�?�)?n?]]>&#xb6756;<![CDATA[��pߝ�?e�?0�{�8�?V$w�Y�???gκ�ΜG�X�Q?�?>c??J|7հC??�o?c�;�W��;��DՒơ �g�����?���C�CF[U��.�n�?�?\3�]]>&#x7f;<![CDATA[�>�.<?;�����d�?��?P�?T�?���-��gd�>,�y��k�䳩�Qdb����*
V?2�?�?_Z֩��'.<?�\�n?�k��!A�I�t����8L�s?�A�$�݀�ւ*���1~d�?6�,d�/��?^�\�.?�?�k��ڕn��?��
UU^&+=\	q�!?��?m�c��?1�X� �߸m:9)�?Yq.��@qN��4����?��	V:�"�^A�Uڑ!=���c��K-</7�q�?VnG?֣ܣ?�?����5ݛ?�y]]>&#x7f;<![CDATA[�D�c?K?���%,�Ӝ(e�4���2!��m	C��P��?	��IT���?���LUhG��	�]?#Bo�#@?n�w?��1'v���۫�k|�?�b�?c,Ę���ni�IgGM�
���;�3�T�p�]��$�����ےL2���{%�?/M�L��ٍ}�iS�ڠ��o��D��ΰ�ȷ�?�?E�0�y+��?~���_��"v�4^�?uj$�tR?4���R\	R��?	X�?�<��rꝈ?rS�?س??P�����P\C�$�y�<5��P?�VC?��??	?n���2���?!�����H-I�׾g�u��wi?%e.��)���6?�??�O?�M�h�^�ʭ0;-л�?��?.ĩo��C��ǉ�f��D�9�H?�gߝ?�7/?/�mG�u�Ƙq ?w���?{�U?�a����K�?���83I?I�[��[?�'���݄����?g~�Q�c?�`?�˳?�~4��?���-�%�?�I`O+?j?[�0��^�?�p�Gį��N�9��!4����}??Y#�k�R	�N���y/Df��?�E�	E�ئ"SL���???'�݅^Sb�p?G??u?���b�396?v���l��R?^X[ {?֬	�M?42�?��M,��Y��.�?�0D-X�?̽?�J
C�E�u���Ī �)F?�š��)[�]]>&#x7f;<![CDATA[)z,�t�>	^�u��׈C?O��?�.n�i�??䅶��?T�?�m��˳�?�֡�r?W�J�a�&��v�?�U)?��Ue��L=huhX��V9��ԑBwf?8�ۺ�к�^͎'�?4#�~��?t�^2�oD��?��ܬl�[?��m�I/��q�e�sab.�1?��L?{���04�3�?�2e;�v��d?�v2-��E0�꛼��?Ī �)F?�š��)[�]]>&#x7f;<![CDATA[)z,�t�>	^�u��׈mw�?��o��>�n$�?yl[y�A˱�?4?�?�{*�e?�-�K��6?Oq�8L?��l�À?�|UN�?k�������,�?�u�ۺ�к�^͎'�?4#�~��=�L\\f��ǵ���50�Ɏ???�.j&?%/s��WV]]>&#x7f;<![CDATA[??/c9[������r��|�	�и?��O��?Cb��!?�K?�����U؆�[�_��9���W}��?�U\�m]]>&#x7f;<![CDATA[��?/�t�@��?"^�]àS���?DܵN�?rI;?��"cB���L?M���UWhd?��?�E��?�?&?�I�w�vGc_e[m�ԭ�8?�^�?�I8{�]]>&#x7f;<![CDATA[o�?d��??�*�)��?er�%�?E!��˦)������?��h�A9��N�]]>&#x9c;<![CDATA[Fd�?��E�v?@F�:I�Dꏶ�A??�???#䭋��??{��~�I��2��=��?U�Cr?�xTTW�W??4T�b?��v?$�ޛ�hf�fW��jO��v?u?����{^���de���Dʚ�b\]�jN6�?�]]>&#x87;<![CDATA[��o���x�?�5-§?�5?�1�?�?G��i\o��G;6�?�u�Ӵ?�4�U!9�]]>&#x7f;<![CDATA[/??d��Z,�o?��?N�����?�X�|ȃߙ�)�1[NeD,?��Y��?��&ɍ��Wr���ܣ�Ԛl*��?<�Ɂ��_V§p� �Xw%��?
?��?����%C�b-�(�:obgE?�?R���??}�?,?��TA�����4t�[�(�i�+?s?�s���L?r~JM2p�$�=��^�^�Px�̼�ʋ��Q饾>??!�?a��\Bm�!�?X����s?=,�l+e�%	�tZ]�>�4�:���?-��ƛ��ι�;D���G�H�?���&�'?����0�7s~��A\�?�??��9�h�!���?��?�E����m?z�"?6?O��P���a8x"ɂ?͊&�&���Ԑ����?c�p-���?��:��X?k��?7�?6�="Rｰ.�[xB6��>ކ�4e�Y�����Щ�?ύ^*ə��Q�>��{??���,�ϸc2�Ǳ��?T�?�]]>&#x8c;<![CDATA[���)�;ӳ?.����x?�r��w��2�|v�ख�����?�B��7����]]>&#x7f;<![CDATA[k���F-���93�%?/!�߃�˂F^�a�l�n<i�?:w?8�.N��L4�WW5�	����8Jd�u?^�H�1�w����;��!�XD�j�?.-���ս���?�{+?k�[�/?1#?�P��*)?z��y?k�uе8G�?�?�?���?.t?�v�$A��N�g~G�p���藴?N�{�OS	�Nų=v8��??V�=P��^��%?�?.���6���?c-�r�>���!�▮?ݡ˽r?c2�:�׶�P�_.���B��3i?y�?�䅖?U?e�	�ۻ?���)�}�[ЁM�???�?V?��q�)�A�?�C?k>��?�\�h?z/�ix�f��F챇poȮad)l�<������?6��?�9�H�?���?{HĢ��c'���)p?x�Y�b���w?�|��b܆�.��Q�	\�0����`�.EK\�&^�E��?�?�2���3??M?��?�t#?�?K�h%�?�5�7?���h{u?V<n���~d?ө�?`��Z�?n�Ǟ�?����Y�X��	ʑ��o~rB9"H��СӜ?���O5G?p?�yG}Д8�Y�A?E� j-�?Ӷ?z9wȢ5?O,]?�_?.��ŀ??]3��?�??lZ7��
@
����6MF�+��*��0���^��)�2�Q�?QY{�&R�]�S���X�o$\�j-T�?sc8��??�Q??��}moz��SME]{��>�*�\/s�?0*�U����j�w]�<?~{(�)]]>&#x7f;<![CDATA[i?�?6�O�~A0�;����%�4�&O�3?A���!�?��J�?�;VB4B�Z��k2�b�,q�1XԤ'�Q]]>&#x7f;<![CDATA[�Ծ��XE�?��7'�o��&����#���|ETo��]]>&#x7f;<![CDATA[c�����Q�a���"�FJ;�]?
F�B�~��?[�g
]]></system-out>
  <system-err><![CDATA[]]></system-err>
</testsuite>
