<?xml version="1.0" encoding="UTF-8"?>
<testsuite name="vrielynckpieterjan.encryptionlayer.schemes.RSACipherEncryptedSegmentTest" tests="2" skipped="0" failures="0" errors="0" timestamp="2021-04-05T17:22:06" hostname="MacBook-Pro-van-Pieter-Jan.local" time="0.402">
  <properties/>
  <testcase name="encrypt()" classname="vrielynckpieterjan.encryptionlayer.schemes.RSACipherEncryptedSegmentTest" time="0.068"/>
  <testcase name="nonStringEncrypt()" classname="vrielynckpieterjan.encryptionlayer.schemes.RSACipherEncryptedSegmentTest" time="0.334"/>
  <system-out><![CDATA[��??sr?Dvrielynckpieterjan.encryptionlayer.schemes.RSACipherEncryptedSegment:?u!����???L??encapsulatedAESEncryptedSegmentt?FLvrielynckpieterjan/encryptionlayer/schemes/AESCipherEncryptedSegment;xr?Avrielynckpieterjan.encryptionlayer.schemes.CipherEncryptedSegment7�2Ĩ�4�???[??encryptedSegmentt??[Bxpur??[B��?�??T�???xp????�ʹ�%�?�q20Vr��������r���_d2M��^?%��1?D??��~.%�+�t?*`�t�F9�?������26?5W?:R�L�h?1?/X�Z?j�y?�M��.j�uIl�4W���D�9?;W�&�D���R��S� U�??�;??e�z��H���?�	'ސ�
�����S�\�n�/��5t�K��?�i��ɳ�?#�?�Ќ-�zo!��þj�g��?�q8_?�9�}(��h��l�[�G?E�?��?U��?c�bIyU?�:�+37?(�\5FAX���sr?Dvrielynckpieterjan.encryptionlayer.schemes.AESCipherEncryptedSegment��?\?t[�???xq?~??uq?~?????�?�}�?�����8���S�=�w?�Jx?�2n�#�wm��?G�?mrϒ??�y?[sU����w�_�?�=>KC.�A�u�L'��FƐ��v�D��&?E�ChYH̟�?����?�a?��7p?�'��4�/ԎT��굨+����L6���b�M�?�e�ָE����?]�?�?�G�W��d�.Y]]>&#x88;<![CDATA[z��v-e�7�?e?���kR�y?���?�	��%{c��$��hbj�ܶ?��?�J�z��U�b�Zs+_?��?��!%\J*?}�'Hd�2�?�C?�i!ϜTԿ�L%[��?<]]>&#x7f;<![CDATA[�Ok��;�y��4??�$8]���fl�R�n�|w��??�?_�})ԗ�r;?�S-�W;�e�"k���?x�?V�2y��8��?��?Iu��I$ )D?�P�+i?"K?7?�F|n����??���ئ�?����H�S���?��	���?N?:���ZdJ|��X�ή~??	}�TdN��d�d]]>&#x7f;<![CDATA[?B��A�:�}??�U/?���u�;�??]0?�z��K�r!z-K��?
��??sr?Dvrielynckpieterjan.encryptionlayer.schemes.RSACipherEncryptedSegment:?u!����???L??encapsulatedAESEncryptedSegmentt?FLvrielynckpieterjan/encryptionlayer/schemes/AESCipherEncryptedSegment;xr?Avrielynckpieterjan.encryptionlayer.schemes.CipherEncryptedSegment7�2Ĩ�4�???[??encryptedSegmentt??[Bxpur??[B��?�??T�???xp????,|�?��?����??�A�?�o�z�?�Bƿ�1?��2M�?�X_YJ?3�5W��8�����?S_�8A2�З�1�˂�6??��	��I���Ά?ܠ�̇H?\?�?z9�}�Fs�?��?�F�ItB��?:�|���K� X�?��,�d߆'�W��?�Hc�v}?��(���n�?lO��7?{sI�$F�>��A�j��
���y3Λ��&o���_`��+C%m�{*?$3H��n�K{n����?��E��h���0��l^?.��kH�pݹ��+o�?sr?Dvrielynckpieterjan.encryptionlayer.schemes.AESCipherEncryptedSegment��?\?t[�???xq?~??uq?~?????`�d=Xd�XW�"�A���r�"9v]]>&#x7f;<![CDATA[���,�_�e�d_,���?�i4��@�#L�ׄu?h�V:XN'�4G�'%¤*�z]]>&#x7f;<![CDATA[��7NL?���"?%"[h��p��d���f�?�����8+����jԛ�W�:�T?�o(X���ɛ:�C$�c�}@G{4n@?�E'��??���?�Kfx�IA+�����?�^�J�x��?��e�?��#9hp?9�?.�3���eH��&�F{^�:Q��@��R'��%0˪��rY�*�O?�/᫉�<�?�����Y�3F�{�U�?�z3�fs�D���?�'��)$���JB�������?a$n]��]]>&#x7f;<![CDATA[ٰ���e]n$�c??�?�?�t�!�1D��m⚛ӓ�F�&�)�?fw��?H7*�?� =��?.���?�z�?Z�̳?�_��{ټ�"�O#�r�{?i斢?�у?���l�'�?�c1�]]>&#x4f9eb;<![CDATA[���=yh?��?Nc�גH̡h��9�?�&?�;��Z2��h�?n�?�?��`H�	����<'Փ�(wG?�]7����tvKJNZ�J����������/�-���
����eC��?�A�_}S�8�М��1?|j�?�$���B5u��D�\��95E_?��,L��5;���?:OJ?	XȔ��[�?��?搕]]>&#x92;<![CDATA[�?�?�ħ�?bgu?]�h�3C�����zU?�?��zd?(\(W7���e���W��ϫ˒��2詈?]]>&#x9d;<![CDATA[���S4�T2�?;�h�s?����r�@�Z�8'X��{�=r�`F??W?��|:?8���C�c��e�?���?=�1?Y�?d��l&�Ew�?�??8�?2���?�:�?��?����g�Y?F�?�?8!?��z?�Q��G#�G���6���ҿ�?�^lq�WZ�p"���=����j??#AӅ-N����͘΃�v��@��????�?�T!?�^�m����"(�Z�s�?��ꉡ�Nk���>��? L�U	�z�બ�ƒ�v?����ȓ�t5g'?l�y]]>&#x7f;<![CDATA[6��[�l���!w���?�Q^�*�3�?+�QT�?��?a?��R?���D?hZ�:d{�Ж�]?����/iA6�7?�Q?w��C�β?��?�ɜwP�U?�C.�?�04�?V6?sk�1�Y*�l{ ��XR��?+�A��%���P��b��G?>�?q?�g?A[�b�?[P�??�(Ц1PK�2�?�*?��h�o>?��P����edE3�Ɛ�bh��2-dr;̏��9wA��k{-$942/?�?dv-��;߀��]]>&#x95;<![CDATA[#��?��?���6�ằ�Z�����Z/?��������5"E}�p*??�3��?&irVY��xx��͌�5��?�a�R�b�?�^S�p@��{b�6:�?�=�w7�BV?�?��jD&>�醢pĬ�?��??�?� G���pr�i�l�{��r�R��?TC]�BF��џ�a��	�W�7?�?̜]����&54?_�,/��G$����C�����Y???����*N?a����y�ґ�\�??�^?���.����.��?t,?�����??6b����L��xx��͌�5��?�a%� ��?A?��;U"˫yjߞ?F�4�%��M��?���<|ձE�L??߻m�8j�r0�l�!z�:?�)P�F?��n�NG}Z�9?�7�TC]�BF��џ�a��	�,??d�A�Z�?���L.e裡?�/�m߱~�?7�������?��?^��:'��N�?9y�v}��歽?-2�^o��wa\�vT�?}��L?�?!��?\�.���<?n�=�=l��h?��|?ˎ�KdJ��?�??=�?�����?$�k���e��io׹���?�?�8��?�2ǀ��?�j7$�?v��WX���y�??a	���%.J?C�����?�k�?�y�GГZ�g#�?Y}�4�o�e/<���uSm���;��$�1CvB>?�64�E�x?y���-��;/׷?OD("+8pLV�٦���#����J�o�߼e�lw���I����G\%r��Lժ?�Pwq�"�
�8�ߺ/�ddY�R�?�{��AV�\�)y?&�?�?3���J�?��s��Ů�?�Q??��Z5z�3�e�Җ�r1�fo�~���??�l?�m�G+��?��?���?jo��hƊ[
p�z5H?G���uO�2�{#�?�Ⱥ���aIO
f�?�#U����?��$?��P]�Y��M�c.zʔ`�K���oR??lh1?ѣ�f��u��?�g!�|~�V�?��$�tӓ�/��b?����G(9��?z>��*?A]]>&#x7f;<![CDATA[1?�2Ezʎ�?���+�G}�?�umԧB�������+??���O3��\E�()�@����R��?��	-�Z
9<��j�d��S���???�~\?'7���?�T?թ2�T��)�Q��=�??���]]>&#x7f;<![CDATA[���ӆ��%��(�Z)1?�������n��?�9���*����0���g�8��g?�]]>&#x7f;<![CDATA[Cd�J�?qL�P}8??�y�E=R�?b�L��*8v?�?�Y?W_'Е�kbz7�?�QO�?Ć������Q?�T@w;)?�E[S�?�qn���[�ȯ��h.>7I4�?p*��z�?ٓW����m�|�]]>&#x7f;<![CDATA[��7�?ah?L2��kN*?[�F�?`�]
�>�[XYc?��^?����?����?��/�t�����N�x5�O}?�鳟>�W��[��?�tj���!�?w?���ϥ	�z�?p��g�?cz�?Y�gZBEOƽ�D??@^-�+�?z�֯!Ӵ�8��K��Z-�|�Y��*wY��N�?���a?�I<?#�o�3\2���؄�5?�?.o�������e�	ʫ�Q?���2o;�֝�R9�??��_�.�?�??p���?�?�Z3�Ƿ(ЀTG�~]]>&#x7f;<![CDATA[~:� C��M�?�I��Ȋ{?�?*���f�Y�L�?����?���m? mv<}?J�K��Kqܒ��g$F&�}��=v�p?LL]�?eqGc�?��ӥ*}Nv��?,�?�PRm?��X�2:�F=*O�2x�ؤ#���?�8�ﱔ;ta2c�m��"��C?��U�/1��A?��?������5]��
��n�z�2�H?Bgz�# ��?�??;�}���yDG�v>-?���B��?�WV�rǹ?�p�iV0�?����,?��?�^ꕠ*��??d;?G>?a��[9�憵?X������������Ǆd���Ņ��e>[{�����ZFhj	��������nc ��?�w�\#g[?<�?5��+hL���??���?�?�?|�ia??o?�-�?��*�0w��?�:���47Ⱥ׀�;?Nlڶm�?9iP��#�6gb$��?�~� /��)�?%��R'H��v�W��W?
G?��*�<��h�-�??�?��8|?��7,���L�?���Y�?[D�L�B��Ƣ�#M��@���?���b��?C'Ei�\݈?U����?r4f��?�{��?�BPb���t?��7'��.?�?��2�k?c��?�*�]�f���I̚��E[&�?|?�s?�1?,5��������C{�p��[�m�nU8c��ڞ+D�Fi������?(��e9�9�ZC�??5$?W?�?U??�{�Q�Տ��T��,n(Fp�?'?g���l�G4?W�0(��~�q���?�Hի?kl�g/���p�Q��<@??_1?�]]>&#x7f;<![CDATA[y?"WXe���[&h�z�(s~�g?ʆ�L�<�}5z�?��?��V2�H??�GGg�,n�Vd)N�P7��?����G�K�4�?F?N�?���=DdL��N-�?Մ��WmD?+{���.%4ՀK��a�b�?]]>&#x7f;<![CDATA[?�>/�W�JCz]]>&#x94;<![CDATA[��K]]>&#x7f;<![CDATA[��x�\�B���TF+Vy�ϵF|�?�z?2.V��?%���>?�?�3�,�5`�\`n����qʍ9��T?��,���w$��c�?�t�h�,5F+v�1�?�S?�Y�0�U�����?I㐃ݶ�����A#�?sk�1�Y*�l{ ��XVC+�Y�?���{��y3>��{;?��Nh��ӕ5��Cu�ذ����?��ږ��i��
M���D���@!��?DeqU�pg?I��/Y����.T?�(�B`�0?sk�1�Y*�l{ ��X��C�T6�w\<��~�)��~~��E�.d��א�?�ՠi���hQ��6c?��Sxް���4<m�����XAc�?T�ے"`Q?	Q���?�Y�w=9�gH" B???"?،N?�h��b����V?�?NR¸�(�t?�H�J?G�������5��ҍ(?B4?W/?પ���r?���??U������Q�L?Ӳ�4�LI]���?sk�1�Y*�l{ ��X�!��|V��ї)��|-Y^���N]]>&#x7f;<![CDATA[?��CVc?�)�r��8_??�?H?6?HV�?=�?�JӋLڝb�zLG�=�Au�?�W?��?�Re��?�Y�w=9�gH" B???"?،N?�h��b�cӔ=�oh-��%�?�nA��(�P??��x��cb?x"A��﴾��?�n���?3	�?��?0!y�y?#�q]?����/iA6�7?�Q?w��C�β?��?�ɜw�2�Y?��$�ƿ*��$��uN�d�-?�?;j��ƫ
]]></system-out>
  <system-err><![CDATA[]]></system-err>
</testsuite>
