<?xml version="1.0" encoding="UTF-8"?>
<testsuite name="vrielynckpieterjan.masterproef.storagelayer.StorageLayerTest" tests="2" skipped="0" failures="0" errors="0" timestamp="2021-04-24T08:17:08" hostname="MacBook-Pro-van-Pieter-Jan.local" time="0.785">
  <properties/>
  <testcase name="retrieve()" classname="vrielynckpieterjan.masterproef.storagelayer.StorageLayerTest" time="0.004"/>
  <testcase name="getPersonalQueueUser()" classname="vrielynckpieterjan.masterproef.storagelayer.StorageLayerTest" time="0.781"/>
  <system-out><![CDATA[]]></system-out>
  <system-err><![CDATA[]]></system-err>
</testsuite>
