<?xml version="1.0" encoding="UTF-8"?>
<testsuite name="vrielynckpieterjan.encryptionlayer.schemes.IBEDecryptableSegmentTest" tests="1" skipped="0" failures="0" errors="0" timestamp="2021-04-17T08:36:06" hostname="MBPvanPieterJan" time="0.331">
  <properties/>
  <testcase name="encrypt()" classname="vrielynckpieterjan.encryptionlayer.schemes.IBEDecryptableSegmentTest" time="0.331"/>
  <system-out><![CDATA[��??sr?@vrielynckpieterjan.encryptionlayer.schemes.IBEDecryptableSegment�<??ͯk�???L??encryptedSegmentt?$Lcryptid/ibe/domain/CipherTextTuple;xpsr?"cryptid.ibe.domain.CipherTextTuple7-@?ȠTV???L??cipherUt?0Lcryptid/ellipticcurve/point/affine/AffinePoint;[??cipherVt??[B[??cipherWq?~??xpsr?.cryptid.ellipticcurve.point.affine.AffinePoint�#?U?�a???L??xt??Ljava/math/BigInteger;L??yq?~??xpsr??java.math.BigInteger���?�;�????I??bitCountI?	bitLengthI??firstNonzeroByteNumI??lowestSetBitI??signum[?	magnitudeq?~??xr??java.lang.Number���??���???xp����������������????ur??[B��?�??T�???xp???@Uƅx��?��kݠ�?&P??��?����z����wE<)l?����z'���?j?b��{?����/��4�o xsq?~?
����������������????uq?~????@?bm??ȘG`t]]>&#x7f;<![CDATA[-���,?���I�?�<Q4�?�|S??�h��?�ȡ?�:�3K��0��G]]>&#x7f;<![CDATA[��xH?]]>&#x7f;<![CDATA[zxuq?~?????L\	��q��baީcЊ���ޔuq?~????\��'�oɑ�Lz�?�b~OJ3!j�?5>FғI????��[��L�?��?|�l�?�ߗ�3adR ??�?�21����aeQ�4�Q+걻??C�Ni�t�9h��Z�?��?A??�r�p}�>�~x�.'6��?�*��LA{?�7'HM?�4�Rs�]]>&#x7f;<![CDATA[1�?*�0a΍gԴ_�Dȴ?���ٳ�Lb�?MyC)uލ?J?�?���Y%eQ�?%�~j�Zn?h��?��[?Nm�?����W�V�*?.#��]]ܖ7�g���\D���}?:�	?$t?��+:��?PC�ͣu`1FW�����gy -�l��K��]�W��Z?ˏ7�[]]>&#x7f;<![CDATA[y��yq�?�d?��b@V�e} V.I��q�C
R�#��w&����0S�2��?�X?�Oɋ?Hs�\�8���?��Š�?�I�?]"},?en�HT��4�yS/��jZ�,��u?�R?����?�@�j/u�wƲ?�YW?$-�]]>&#x81;<![CDATA[IXW/\�A�WA�(:�0��#���2?��e�S�?��qTe�U������b��灮>�!��jw�}�???�+�&��g�]]>&#x7f;<![CDATA[KՊSs�|?ѱ?��-ĝ��I�IR-��ҲI:�?�*�B?v�.�b�]]>&#x7f;<![CDATA[@-rZ??��L#Bio��ĕb�՚?K�w�??�<M��??L����??���]]>&#x7f;<![CDATA[<6bI���S?�?M�M
]]></system-out>
  <system-err><![CDATA[]]></system-err>
</testsuite>
