<?xml version="1.0" encoding="UTF-8"?>
<testsuite name="vrielynckpieterjan.applicationlayer.proof.ProofObjectTest" tests="1" skipped="0" failures="0" errors="0" timestamp="2021-04-10T14:59:41" hostname="MacBook-Pro-van-Pieter-Jan.local" time="5.711">
  <properties/>
  <testcase name="test()" classname="vrielynckpieterjan.applicationlayer.proof.ProofObjectTest" time="5.711"/>
  <system-out><![CDATA[Entity identifiers generated (time needed: 1432 milliseconds).
The generate PublicEntityIdentifiers:
Cloud:	f7fdaf01fb1ab8509854b0dcaf05b2adeda38c764f291ddea092386bfef4dbee09fca39cb265e597d8042324671ca7d3f4e4363504b6cc57f6aedb2d4a6b8964
userA:	22d614e8ec1b06e2a07eede8bbd0913946a7e5955d012a64d31528f9f0d98d376771b4d66ab40a210073d074d34e50861c6eefb511ea4f463dde5e64df9e44b1
userB:	5c02314e93e8426ddbce33ed64c5f66b91b08ae7dd24bb3bc3b582746369e16f135e7aacec02e2e8f32e83a2e0d166db02be61f55fcbdee6c27db4c7e2a363a4
userC:	22de819389b8dd8a689fea35b2cc82a3544ee59b33be325c452b16241549bc66fda5855c9bb983c5f1d9ed460715849bf105d15ff01912cc623de1dc86019539
Policies generated (time needed: 3 milliseconds).
Storage identifiers generated (time needed: 0 milliseconds).
Revocation secrets and commitments generated (time needed: 1 milliseconds).
Issuer's parts generated (time needed: 1633 milliseconds).
Attestations generated (time needed: 5 milliseconds).
Proof object manually generated (time needed: 976 milliseconds).
Proof object automatically generated (time needed: 1571 milliseconds).
Proof object verified (time needed: 54 milliseconds).
One revocation secret revealed (time needed: 0 milliseconds).
Invalid proof object successfully detected (time needed: 14 milliseconds).
]]></system-out>
  <system-err><![CDATA[apr. 10, 2021 4:59:45 P.M. vrielynckpieterjan.applicationlayer.proof.ProofObject generateProofObjectForPolicy
INFO: Generating a ProofObject for RTreePolicy (READ://A/B/C) by consulting the personal queue of the entity with PublicEntityIdentifier (22de819389b8dd8a689fea35b2cc82a3544ee59b33be325c452b16241549bc66fda5855c9bb983c5f1d9ed460715849bf105d15ff01912cc623de1dc86019539)...
apr. 10, 2021 4:59:46 P.M. vrielynckpieterjan.applicationlayer.proof.ProofObject generateProofObjectForPolicy
INFO: Generating a ProofObject for RTreePolicy (WRITE://A/B/C) by consulting the personal queue of the entity with PublicEntityIdentifier (5c02314e93e8426ddbce33ed64c5f66b91b08ae7dd24bb3bc3b582746369e16f135e7aacec02e2e8f32e83a2e0d166db02be61f55fcbdee6c27db4c7e2a363a4)...
apr. 10, 2021 4:59:46 P.M. vrielynckpieterjan.applicationlayer.proof.ProofObject generateProofObjectForPolicy
INFO: Generating a ProofObject for RTreePolicy (READ://A/B) by consulting the personal queue of the entity with PublicEntityIdentifier (22d614e8ec1b06e2a07eede8bbd0913946a7e5955d012a64d31528f9f0d98d376771b4d66ab40a210073d074d34e50861c6eefb511ea4f463dde5e64df9e44b1)...
apr. 10, 2021 4:59:47 P.M. vrielynckpieterjan.applicationlayer.proof.ProofObject verify
INFO: Trying to verify ProofObject (ProofObject{storageElementIdentifiers=[StorageElementIdentifier{identifier='22d614e8ec1b06e2a07eede8bbd0913946a7e5955d012a64d31528f9f0d98d376771b4d66ab40a210073d074d34e50861c6eefb511ea4f463dde5e64df9e44b1'}, StorageElementIdentifier{identifier='userAtoUserB'}, StorageElementIdentifier{identifier='userBtoUserC'}], aesKeys=[oqo3EreUXDdmfsImIU3Pb9TVbjExofdu, IF2awOHcJg4ENSTFmNsSYp0CHyfn060T, RUlLBDenug5x2TcrGoY9TJBe4zhjjD8D], aesKeyNamespaceAttestationProver='wQFnmZgbGLrCUeXhIUv0jO4k5htBNN9x'})...
apr. 10, 2021 4:59:47 P.M. vrielynckpieterjan.applicationlayer.proof.ProofObject verify
INFO: Verifying the 0th Attestation with StorageElementIdentifier (StorageElementIdentifier{identifier='22d614e8ec1b06e2a07eede8bbd0913946a7e5955d012a64d31528f9f0d98d376771b4d66ab40a210073d074d34e50861c6eefb511ea4f463dde5e64df9e44b1'}) for ProofObject (ProofObject{storageElementIdentifiers=[StorageElementIdentifier{identifier='22d614e8ec1b06e2a07eede8bbd0913946a7e5955d012a64d31528f9f0d98d376771b4d66ab40a210073d074d34e50861c6eefb511ea4f463dde5e64df9e44b1'}, StorageElementIdentifier{identifier='userAtoUserB'}, StorageElementIdentifier{identifier='userBtoUserC'}], aesKeys=[oqo3EreUXDdmfsImIU3Pb9TVbjExofdu, IF2awOHcJg4ENSTFmNsSYp0CHyfn060T, RUlLBDenug5x2TcrGoY9TJBe4zhjjD8D], aesKeyNamespaceAttestationProver='wQFnmZgbGLrCUeXhIUv0jO4k5htBNN9x'})...
apr. 10, 2021 4:59:47 P.M. vrielynckpieterjan.applicationlayer.proof.ProofObject verify
INFO: Verifying the 1th Attestation with StorageElementIdentifier (StorageElementIdentifier{identifier='userAtoUserB'}) for ProofObject (ProofObject{storageElementIdentifiers=[StorageElementIdentifier{identifier='22d614e8ec1b06e2a07eede8bbd0913946a7e5955d012a64d31528f9f0d98d376771b4d66ab40a210073d074d34e50861c6eefb511ea4f463dde5e64df9e44b1'}, StorageElementIdentifier{identifier='userAtoUserB'}, StorageElementIdentifier{identifier='userBtoUserC'}], aesKeys=[oqo3EreUXDdmfsImIU3Pb9TVbjExofdu, IF2awOHcJg4ENSTFmNsSYp0CHyfn060T, RUlLBDenug5x2TcrGoY9TJBe4zhjjD8D], aesKeyNamespaceAttestationProver='wQFnmZgbGLrCUeXhIUv0jO4k5htBNN9x'})...
apr. 10, 2021 4:59:47 P.M. vrielynckpieterjan.applicationlayer.proof.ProofObject verify
INFO: Verifying the 2th Attestation with StorageElementIdentifier (StorageElementIdentifier{identifier='userBtoUserC'}) for ProofObject (ProofObject{storageElementIdentifiers=[StorageElementIdentifier{identifier='22d614e8ec1b06e2a07eede8bbd0913946a7e5955d012a64d31528f9f0d98d376771b4d66ab40a210073d074d34e50861c6eefb511ea4f463dde5e64df9e44b1'}, StorageElementIdentifier{identifier='userAtoUserB'}, StorageElementIdentifier{identifier='userBtoUserC'}], aesKeys=[oqo3EreUXDdmfsImIU3Pb9TVbjExofdu, IF2awOHcJg4ENSTFmNsSYp0CHyfn060T, RUlLBDenug5x2TcrGoY9TJBe4zhjjD8D], aesKeyNamespaceAttestationProver='wQFnmZgbGLrCUeXhIUv0jO4k5htBNN9x'})...
apr. 10, 2021 4:59:47 P.M. vrielynckpieterjan.applicationlayer.proof.ProofObject verify
INFO: Verifying the NamespaceAttestation of the prover with PublicEntityIdentifier (22de819389b8dd8a689fea35b2cc82a3544ee59b33be325c452b16241549bc66fda5855c9bb983c5f1d9ed460715849bf105d15ff01912cc623de1dc86019539) for ProofObject (ProofObject{storageElementIdentifiers=[StorageElementIdentifier{identifier='22d614e8ec1b06e2a07eede8bbd0913946a7e5955d012a64d31528f9f0d98d376771b4d66ab40a210073d074d34e50861c6eefb511ea4f463dde5e64df9e44b1'}, StorageElementIdentifier{identifier='userAtoUserB'}, StorageElementIdentifier{identifier='userBtoUserC'}], aesKeys=[oqo3EreUXDdmfsImIU3Pb9TVbjExofdu, IF2awOHcJg4ENSTFmNsSYp0CHyfn060T, RUlLBDenug5x2TcrGoY9TJBe4zhjjD8D], aesKeyNamespaceAttestationProver='wQFnmZgbGLrCUeXhIUv0jO4k5htBNN9x'})...
apr. 10, 2021 4:59:47 P.M. vrielynckpieterjan.applicationlayer.proof.ProofObject verify
INFO: ProofObject (ProofObject{storageElementIdentifiers=[StorageElementIdentifier{identifier='22d614e8ec1b06e2a07eede8bbd0913946a7e5955d012a64d31528f9f0d98d376771b4d66ab40a210073d074d34e50861c6eefb511ea4f463dde5e64df9e44b1'}, StorageElementIdentifier{identifier='userAtoUserB'}, StorageElementIdentifier{identifier='userBtoUserC'}], aesKeys=[oqo3EreUXDdmfsImIU3Pb9TVbjExofdu, IF2awOHcJg4ENSTFmNsSYp0CHyfn060T, RUlLBDenug5x2TcrGoY9TJBe4zhjjD8D], aesKeyNamespaceAttestationProver='wQFnmZgbGLrCUeXhIUv0jO4k5htBNN9x'}) verified.
apr. 10, 2021 4:59:47 P.M. vrielynckpieterjan.applicationlayer.proof.ProofObject verify
INFO: Trying to verify ProofObject (ProofObject{storageElementIdentifiers=[StorageElementIdentifier{identifier='22d614e8ec1b06e2a07eede8bbd0913946a7e5955d012a64d31528f9f0d98d376771b4d66ab40a210073d074d34e50861c6eefb511ea4f463dde5e64df9e44b1'}, StorageElementIdentifier{identifier='userAtoUserB'}, StorageElementIdentifier{identifier='userBtoUserC'}], aesKeys=[oqo3EreUXDdmfsImIU3Pb9TVbjExofdu, IF2awOHcJg4ENSTFmNsSYp0CHyfn060T, RUlLBDenug5x2TcrGoY9TJBe4zhjjD8D], aesKeyNamespaceAttestationProver='wQFnmZgbGLrCUeXhIUv0jO4k5htBNN9x'})...
apr. 10, 2021 4:59:47 P.M. vrielynckpieterjan.applicationlayer.proof.ProofObject verify
INFO: Verifying the 0th Attestation with StorageElementIdentifier (StorageElementIdentifier{identifier='22d614e8ec1b06e2a07eede8bbd0913946a7e5955d012a64d31528f9f0d98d376771b4d66ab40a210073d074d34e50861c6eefb511ea4f463dde5e64df9e44b1'}) for ProofObject (ProofObject{storageElementIdentifiers=[StorageElementIdentifier{identifier='22d614e8ec1b06e2a07eede8bbd0913946a7e5955d012a64d31528f9f0d98d376771b4d66ab40a210073d074d34e50861c6eefb511ea4f463dde5e64df9e44b1'}, StorageElementIdentifier{identifier='userAtoUserB'}, StorageElementIdentifier{identifier='userBtoUserC'}], aesKeys=[oqo3EreUXDdmfsImIU3Pb9TVbjExofdu, IF2awOHcJg4ENSTFmNsSYp0CHyfn060T, RUlLBDenug5x2TcrGoY9TJBe4zhjjD8D], aesKeyNamespaceAttestationProver='wQFnmZgbGLrCUeXhIUv0jO4k5htBNN9x'})...
apr. 10, 2021 4:59:47 P.M. vrielynckpieterjan.applicationlayer.proof.ProofObject verify
INFO: Verifying the 1th Attestation with StorageElementIdentifier (StorageElementIdentifier{identifier='userAtoUserB'}) for ProofObject (ProofObject{storageElementIdentifiers=[StorageElementIdentifier{identifier='22d614e8ec1b06e2a07eede8bbd0913946a7e5955d012a64d31528f9f0d98d376771b4d66ab40a210073d074d34e50861c6eefb511ea4f463dde5e64df9e44b1'}, StorageElementIdentifier{identifier='userAtoUserB'}, StorageElementIdentifier{identifier='userBtoUserC'}], aesKeys=[oqo3EreUXDdmfsImIU3Pb9TVbjExofdu, IF2awOHcJg4ENSTFmNsSYp0CHyfn060T, RUlLBDenug5x2TcrGoY9TJBe4zhjjD8D], aesKeyNamespaceAttestationProver='wQFnmZgbGLrCUeXhIUv0jO4k5htBNN9x'})...
]]></system-err>
</testsuite>
