<?xml version="1.0" encoding="UTF-8"?>
<testsuite name="vrielynckpieterjan.apilayer.macaroon.APILayerMacaroonTest" tests="1" skipped="0" failures="0" errors="0" timestamp="2021-04-09T08:41:20" hostname="MacBook-Pro-van-Pieter-Jan.local" time="0.002">
  <properties/>
  <testcase name="isValid()" classname="vrielynckpieterjan.apilayer.macaroon.APILayerMacaroonTest" time="0.002"/>
  <system-out><![CDATA[]]></system-out>
  <system-err><![CDATA[]]></system-err>
</testsuite>
