<?xml version="1.0" encoding="UTF-8"?>
<testsuite name="vrielynckpieterjan.masterproef.storagelayer.StorageLayerTest" tests="2" skipped="0" failures="0" errors="0" timestamp="2021-04-18T09:50:56" hostname="MBPvanPieterJan" time="1.298">
  <properties/>
  <testcase name="retrieve()" classname="vrielynckpieterjan.masterproef.storagelayer.StorageLayerTest" time="0.003"/>
  <testcase name="getPersonalQueueUser()" classname="vrielynckpieterjan.masterproef.storagelayer.StorageLayerTest" time="1.294"/>
  <system-out><![CDATA[]]></system-out>
  <system-err><![CDATA[]]></system-err>
</testsuite>
