<?xml version="1.0" encoding="UTF-8"?>
<testsuite name="vrielynckpieterjan.masterproef.storagelayer.dht.DHTStorageLayerTest" tests="1" skipped="0" failures="0" errors="0" timestamp="2021-06-20T19:27:15" hostname="MBPvanPieterJan" time="0.292">
  <properties/>
  <testcase name="retrieve()" classname="vrielynckpieterjan.masterproef.storagelayer.dht.DHTStorageLayerTest" time="0.292"/>
  <system-out><![CDATA[]]></system-out>
  <system-err><![CDATA[jun. 20, 2021 9:27:15 P.M. vrielynckpieterjan.masterproef.storagelayer.dht.DHTStorageLayer <init>
INFO: DHTStorageLayer (vrielynckpieterjan.masterproef.storagelayer.dht.DHTStorageLayer@644bff0f) initialized and running on port 5878.
jun. 20, 2021 9:27:15 P.M. vrielynckpieterjan.masterproef.storagelayer.dht.DHTStorageLayer <init>
INFO: DHTStorageLayer (vrielynckpieterjan.masterproef.storagelayer.dht.DHTStorageLayer@4773dfda) initialized and running on port 5879.
jun. 20, 2021 9:27:15 P.M. vrielynckpieterjan.masterproef.storagelayer.dht.DHTStorageLayer <init>
INFO: DHTStorageLayer (vrielynckpieterjan.masterproef.storagelayer.dht.DHTStorageLayer@4773dfda) bootstrapped using DHTStorageLayer (vrielynckpieterjan.masterproef.storagelayer.dht.DHTStorageLayer@644bff0f).
]]></system-err>
</testsuite>
