<?xml version="1.0" encoding="UTF-8"?>
<testsuite name="vrielynckpieterjan.encryptionlayer.RSAEncryptedSegmentTest" tests="1" skipped="0" failures="0" errors="0" timestamp="2021-04-02T14:43:01" hostname="MacBook-Pro-van-Pieter-Jan.local" time="0.057">
  <properties/>
  <testcase name="encrypt()" classname="vrielynckpieterjan.encryptionlayer.RSAEncryptedSegmentTest" time="0.057"/>
  <system-out><![CDATA[��??sr?6vrielynckpieterjan.encryptionlayer.RSAEncryptedSegment
?�X?ޒ�???L??encapsulatedAESEncryptedSegmentt?8Lvrielynckpieterjan/encryptionlayer/AESEncryptedSegment;xr?3vrielynckpieterjan.encryptionlayer.EncryptedSegment?�??*pk???[??encryptedSegmentt??[Bxpur??[B��?�??T�???xp????/�G0�?�\��K�}?�F��u���d(��'y� m�w?L�?�rPxG���q�?�!?�sßh�?�l�LP�C:\ȹZ4��V�M�/?'�m?���	E�k�0��6��ƞ��^���c����?�;?u"�;�9?Y�����?8O?)gEv�]]>&#x7f;<![CDATA[f��?��?�	lH�?5`���0mW~w�_��???�MD?]f`�|m�?�R��ԡ�T�[�U/!?�aǏI���HL���?�dT��G�Q?eK���ޝ��n�\�G��?`�M?=�X��B�����vV�sr?6vrielynckpieterjan.encryptionlayer.AESEncryptedSegmentx�p.P�-�???xq?~??uq?~?????�9[��??Z���?z]]>&#x7f;<![CDATA[�8r�0��fmP��	hs����A?h��Q�Z�??�0?O&2c�?�Ɛ?��L'?d�7<^���!j(�?��m�U�?��垲��}��j[��{��ED?��l�������Թ�@B�2���k�b$��gS���"V?#�\�NƇ׋h?���[��ȿH??z¼�2C??-?!{�U
?-�Y���dZ
�jQ+@�C�~k3F������?$��`�s��??�b��̣�98�Rde�Z��f��gͰ?�;ǷL,��q}�-!?�J���g�`�Ȥ����T��I�@$a�WCe?b���?r�]N��sZ�?�4?H��!!w.pɲ�g�
S�_p��>Y��fߑ��p9?hm???C�0 ����?�?��\�h��p���f�f�&?C̎_�X%�ڦ�9�l'�W,�?;�?�-��??[�c�Hz�-5~���s�i���Z*?�p�gїT�u6�n"�ٮ�?	˺�???��B2���ICD9��o�a��BN��(?�sa�9Kj
]]></system-out>
  <system-err><![CDATA[]]></system-err>
</testsuite>
