<?xml version="1.0" encoding="UTF-8"?>
<testsuite name="vrielynckpieterjan.encryptionlayer.RSAEncryptedSegmentTest" tests="1" skipped="0" failures="0" errors="0" timestamp="2021-04-01T19:02:25" hostname="MacBook-Pro-van-Pieter-Jan.local" time="0.054">
  <properties/>
  <testcase name="encrypt()" classname="vrielynckpieterjan.encryptionlayer.RSAEncryptedSegmentTest" time="0.054"/>
  <system-out><![CDATA[��??sr?6vrielynckpieterjan.encryptionlayer.RSAEncryptedSegment
?�X?ޒ�???L??encapsulatedAESEncryptedSegmentt?8Lvrielynckpieterjan/encryptionlayer/AESEncryptedSegment;xr?3vrielynckpieterjan.encryptionlayer.EncryptedSegment�6?"
�{f???[??encryptedSegmentt??[Bxpur??[B��?�??T�???xp????^v͐�~?A�8T}�3���???D��&��(	깃�8e���?>ɫ#�?�ԳH?i7���x?�DO��I��?�<U��?����&~~#T��?u�?����+Y���݋6z�??i?��??��0���?[2�\��Mmg5�z?���T)ҝ?#�W�4E��C'��?�?]?_��ń���l�%�?6��A?���9��D�?�a��n�@e������?�"\qӐ��*־?�v#��?:3��,Ӯ�?�?��Fpyׇ[��E?�\(?#U���Xsr?6vrielynckpieterjan.encryptionlayer.AESEncryptedSegmentx�p.P�-�???xq?~??uq?~?????�?-���??�b?,��l�?V���?��6/WI�&d�r��k��^
8���zsяqD�����z	d��{�w�D�EeM���s��j	
b?�G��?�*����?ݿ-9�~���Kp?��Q&?=]]>&#x7f;<![CDATA[��ٍc�?���<�-��Ru�5B1'�b@�ʖ߇j�vs(�����l??#?�?���u���Y�??|?�B��s���pq���d�?�ڷ��r?̛?���o�i�{��D??I��?&^?�o%ý�O'|�\?�43�?_?�4i��ŷL���E?V������{�ة�a?�ӺY�z.?Ԓ@�?j�jP?E�d?�?j��?�N��q�=�Y�f�<����ee?O�n�����?;Q���B�?z�U??c����v �/JX���?.����/���;n��#�7�<`g?���?�?s?23�(?xG�fS����2	��#Ĵ�)��(�?�>H��s��항2�h�?�;b����7�>a�jYL&�8�??}��~
����#???�v5��f������yz�
]]></system-out>
  <system-err><![CDATA[]]></system-err>
</testsuite>
