<?xml version="1.0" encoding="UTF-8"?>
<testsuite name="vrielynckpieterjan.encryptionlayer.schemes.AESCipherEncryptedSegmentTest" tests="2" skipped="0" failures="0" errors="0" timestamp="2021-04-09T08:41:34" hostname="MacBook-Pro-van-Pieter-Jan.local" time="0.232">
  <properties/>
  <testcase name="encrypt()" classname="vrielynckpieterjan.encryptionlayer.schemes.AESCipherEncryptedSegmentTest" time="0.003"/>
  <testcase name="nonStringEncrypt()" classname="vrielynckpieterjan.encryptionlayer.schemes.AESCipherEncryptedSegmentTest" time="0.228"/>
  <system-out><![CDATA[��??sr?Dvrielynckpieterjan.encryptionlayer.schemes.AESCipherEncryptedSegment��?\?t[�???xr?Avrielynckpieterjan.encryptionlayer.schemes.CipherEncryptedSegment7�2Ĩ�4�???[??encryptedSegmentt??[Bxpur??[B��?�??T�???xp???�K�r�?�G�?��?M���]]>&#x7f;<![CDATA[4v����^���-?R��i�?!��p�?��>z)�����?�j��a���Q[�>?�t�6	{]]>&#x7f;<![CDATA[U�P���o��+J<r��W=�?�^`d�h��ġ 3�3aJ�x�3RVB�l�����FT��??��<��x��V�>���N�o_k�����?�ԕ�?���-?5b?�=5�(1?%�g%UJ�L�X?O�n?�C�����}���l32Q�P `0E`1�GP}ݷݺ�N?]?n��?�?lM�&??���?8[�)?]�����?6�H�m�2�?[Eŭ?�0;r6$,�#�-7c??�,.\���?~���|�ن�~]��gW��hsFH|�?-� �#���^ӳ��(�̻3�@jG�\Ut�?Z.Έ�?^rRl-�1�&M�(�]]>&#x7f;<![CDATA[邉�?j�g�O?+�E��h�?�G[��g���9�ݺ??H=?,���CӪ�aּ�CN�2�-Q�?:ן�???@����k���c�?+E�J?�p0���R��9�?�S^
��??sr?Dvrielynckpieterjan.encryptionlayer.schemes.AESCipherEncryptedSegment��?\?t[�???xr?Avrielynckpieterjan.encryptionlayer.schemes.CipherEncryptedSegment7�2Ĩ�4�???[??encryptedSegmentt??[Bxpur??[B��?�??T�???xp???@??���:�0�y�?ր��<�}?mU�?7���?a��K�\�Qa���y�C��???�V�?��???���?���=��O��y�]?���&��3i?[��q{???�)�ޝ��?��=??�8��[�hS�?�J�AЗ�A?4��L�I�㛌��=�D��!hc��?�L�a�d)r?|~�I1?�R�B�e����!GA��� B����/5'8z�N�?��]]>&#x7f;<![CDATA[��?�|0?_6�fS��+o�??���h8n?�?N�]�1���?�f+�xR�E��![�u?�J�??=�Z�?-�Z���1�?+7TI"p��h?F� ��s�E��#ط�W?����'�A���N�պ�9~�O�?�f��l���|?[�,i��VO����,g��˭�??��n�J���K����oBEd'�r�$�d��ۙ����^i�>�8篩��?`+?}?��8�???Q�?��????��~�,f�AF����w
�?�9���Ucdڹ��??�Jٵ�?�]]>&#x7f;<![CDATA[?�z������(�?�H�m�?�?�8��?)y�o	S��?0�+��a��?B�/����ڸ�??;�0���~�hD?�d=�m?)F@.?��[�/��?�]]>&#x7f;<![CDATA[<Λo���?����Ed��?��??#��f?�Ew�?��JV|Aj0K?h�gL7���?ל??����$�?٬]]>&#x7f;<![CDATA[�s<IQ�A-??�j,?`��?��?Ρ�[��K�?w��?;v	���-6�a?s��b???��h?'?�D"5y�X�)�;�s��]��]b!7`�ju�ʮ���[�Q�8�?j�U��da�ۼ�?��^�S�8#??��r�P9��s�1�w��+q��s�X���X�h?�?ޕ�!i��c?4��Ǿ?}���?��3�`���7�¬�,RrB��>�K]f'�a�n&?�><m��[?�?��$o�?�;�?��?	�`�w�aff�%t>�J��?�����\U�???�NИq��?��wHu�]]>&#x7f;<![CDATA[�?6?��"���^}��$�&࡯�:?a�?`�Q&?�DLz??[fKS?:�xB� ##����{;�?�j�[O�[U��R2�q�??e7��4����ǚ?<��Q��?�di���&�|S����o$<��k��?!?o�+��?-?j�"<�}�|���Tԅ�єi�?�����_�??|?�<?}`?�x����s;5-?8��??�?�[�ڣ4�D��U���`/<�?��HkO�	??��]]>&#x7f;<![CDATA[��Y9���Ւ?|E1��kװ��?`��m?L`=� ��7a?3��???�?6�M�<��B�>�	W�RL�p�j��?�,�q� З%�2F�kX�?�?q9��d?��?ߞ0�,'�??1?�j+a�?��L��T�1� �D	�N?�m����tAQ? 6�]]>&#x7f;<![CDATA[(#��ʹ��~�L�?*�G��ϭt��v!l?�:�%MNI-z?�� �?�e_3?�?�?��?�??���g�?�%k�T1=K��J����<�m�ck?&e@MT�'>��???��p���{����?���9?+�A��ڂ��?U~��?Q�8ٷ�{�%�2F�kX�?�?q9�֌?q?���lW?Q������?�H�..�,e�gmZ��P��z|�d��g_W�?(�??	��y����?�y���ME�*�V`n��?X4�?�:�%MNI-z?�� �?�e_3?�?�?��?�??��s�C��j��Q7
������??�?E�h<)�]]>&#x7f;<![CDATA[��?���(?��aѽy�`??Cs�k��3�?�qc\�8�6|Ps�?�?M4E�e��Y��?����?��f�O��մ?�]]>&#x7f;<![CDATA[�h�z�?��j�?�?IT�_��Nh��PB�S:�j�?]E���(�N7�?�8��h?6�ҕ�2RG�k�?��M�|E`��?$�p�%-(oɌ�r��*��?����7pK	�/X�t���p{?��`�X#������=?<��^m�ܑޞ��>�����1;?T��'Z\��!#Ȇ�0?R���N�~h?�tP�`??�m1�]]>&#x7f;<![CDATA[�?�N��h?�Q�?�9��r]�9/���yX�0�����$�rJ?��Юi�zF�i"�???J�(�?�ŋ����fҜU?�O�.��?�>&)(�p?R?�@?�n(�MI��{����N~�8�_C#�8���XB�B���bw	?��?oR�.��?
5 
���M	`jS;���4	&\T?��??ۂ?�S2`�W?ׂe�?�-�[?��i0nAe?\�����"��I[a�^��nvע��1�/�0�?p?���#@��L;ȟ\�}	�����?����I�_�?r8?�?��&r�?u�ǧ�_�??�?��4�&?
��"lL"�h$'��ݚ��3�Ǩ�2:?+��q��?/
�Õ�
���??@�dbb\?]�n�]]>&#x7f;<![CDATA[���)?̮s���1e�ke4>^"!-?>ݺ3 ~_R�?F��
�?�E	??"��?�o��?cJ�?H`���V@�^6{,���?�?�%�???��R�B��?:?J��laF�:�Kƴ�i4��t�6^8��g��K��(�7C��VP��h?�I�J ��%�P_;=gBA0-wP�N�*�>@lB�-��cM��=?�ɥ[?9�?�'��?}/s;l]]>&#x7f;<![CDATA[�f��ܻ2m�:�/���b?KV�?J�?��Nt���엶���N�m�?��?�zo�;�&??�?����?�]a>�<�j��?�?�_JV�?+�?
Sn�?�\��ིX�׆��<]	?l?���Cȱ[���s& h�冇@�Le��]]>&#x7f;<![CDATA[���ߚ?�6U��mxޫ�?E�w?=:�2����x�kv�?^���%s?�kZ7D����@Ȏ?C�?7�?�$�2?�f�K�?*o?��??O[�^]]>&#x7f;<![CDATA[�b>߃k�)�?"1�\�h��L�l���(2H�?+���Q����`���o�����"H
x�?�m~�]�?OT���?�z�,�0D�?� ��?�&z���?�?7r�??I�v��?��@t]Q�_��n���b?��?Z�n����?�?�?�c�?>t?�}h�?y���stѬt�Q+���'�?k����<h9�8@?J�}4����?�}��;Ts�T?Mc�)��B?�aU�?!��K�I�!�[1��X���[z?0�3a�ӝ�}�#�)�����??�rL��I��,?��?`h�Ex஠�H.�_�z�=�C?? c��?�o��vsI�1+��f��tN٦����;�%�F�[� ����꒴?Xg�}��?�<A���r�k?'?��^�2B`J�j2��#�?�ѕ�eic�??yҢ���::�R1�2@���?^�n?b��v�?���`%Ǻdl��:??l
Tӎ?��6[Ϧ�??�n?��X��?v�=�?\,�ʯ��?�H ?�Z
 ��٪E$2[NGR#l�=?TI1!�?�״�e�n��?�?nu��hN��ѳ}��ݒ��?�XL��[ߤ�vx?hJ%�?�2�N�<
��/�?3??G��ݷkX??�/?�Ӄb�!?�?�jS?���ɢ?^X:�����%s�UP���a��3��c�Ԑ.�ʁ�nq$#?;r�??��5ieL�t�[�x�?>�H??�s�?(�ah�h>٪?���?z�ʧ��O?��"]�7?N��~�>�{G�?	��{�?;_[�z�?�nXB�?�Dֈ+�ҟx?��?�Ky�p�j���W���wޜp���g�??]��j�h
5f��2$*���5ٺs��?�Q�Ԙ3??]]>&#x7f;<![CDATA[�%�i��x?�,��*?Iӈ?�8��{k?�?c8�̘��?��Ol�?��?��`/{o�?��"�?����JU�Q??�mv2?�{������*����K�^??���AS���&�jC?*Xp�?R*9Cȣ�	�p���N^���
��M	��B�??e?�w>�4��}k6��B6��&"?��U�J���O|ÿ?�?T��?A?�]5K��?�DQ�mw���[�]]>&#x8d;<![CDATA[��h�����~��?%?� E~?Z�&1�ش=�ظ%���&�|S����o$<��k��?!?o�+��?-?j�?��R>]��<_??�$�z�?Ly?a:��]]>&#x7f;<![CDATA[D]���?"�?c#�6C@��?*r�?/�����?�?�lϺ�7]]>&#x7f;<![CDATA[���mu?�~?�?�.�.���&�|S����o$<��k��?!?o�+��?-?j�J(��^�|�씣� i��/���Ѧ�P����)�6tf��4O�T*]]>&#x7f;<![CDATA[�2?r��i/u??��0?DP"C�n�)�*?�	��?�D���%i���t��e�?*������.�?���h�`y�8�<o�]]>&#x7f;<![CDATA[���*v�`��Z,�;7?]]>&#x7f;<![CDATA[g??χ�?��=���?�?꼽���ڌ��M?!	*�-[X�ȥ1�Ǻ�?���&�|S����o$<��k��?!?o�+��?-?j�}H�3�t\�(99w�[M|`AWt5�HŅ&e���G�}{{/T??�y��v;?�G�-W��?��a$�gc��?�*?�	��?�D���%i���t��e�?*������j�3�A=V�^�]�@�?�?q?6�r������??�?x?�X�ȅ��?y�X#��?R{I5�5�௉g6�c�82>YX�?N���
?C$��R2�q�??e7��4���P?]]>&#x7f;<![CDATA[إ?m��v��|�Х8�G�J���8�m+�U
]]></system-out>
  <system-err><![CDATA[apr. 09, 2021 10:41:34 A.M. vrielynckpieterjan.encryptionlayer.schemes.AESCipherEncryptedSegment adjustKeyLength
INFO: [vrielynckpieterjan.encryptionlayer.schemes.AESCipherEncryptedSegment@0] A key of 10 byte(s) has been provided for the AES-256 algorithm. The original key will be repeated to obtain a key of 32 bytes instead.
apr. 09, 2021 10:41:34 A.M. vrielynckpieterjan.encryptionlayer.schemes.AESCipherEncryptedSegment adjustKeyLength
INFO: [vrielynckpieterjan.encryptionlayer.schemes.AESCipherEncryptedSegment@37d05efb] A key of 10 byte(s) has been provided for the AES-256 algorithm. The original key will be repeated to obtain a key of 32 bytes instead.
apr. 09, 2021 10:41:34 A.M. vrielynckpieterjan.encryptionlayer.schemes.AESCipherEncryptedSegment adjustKeyLength
INFO: [vrielynckpieterjan.encryptionlayer.schemes.AESCipherEncryptedSegment@0] A key of 10 byte(s) has been provided for the AES-256 algorithm. The original key will be repeated to obtain a key of 32 bytes instead.
apr. 09, 2021 10:41:34 A.M. vrielynckpieterjan.encryptionlayer.schemes.AESCipherEncryptedSegment adjustKeyLength
INFO: [vrielynckpieterjan.encryptionlayer.schemes.AESCipherEncryptedSegment@ad341b12] A key of 10 byte(s) has been provided for the AES-256 algorithm. The original key will be repeated to obtain a key of 32 bytes instead.
]]></system-err>
</testsuite>
