<?xml version="1.0" encoding="UTF-8"?>
<testsuite name="vrielynckpieterjan.encryptionlayer.schemes.IBEDecryptableSegmentTest" tests="1" skipped="0" failures="0" errors="0" timestamp="2021-04-05T14:57:19" hostname="MacBook-Pro-van-Pieter-Jan.local" time="0.308">
  <properties/>
  <testcase name="encrypt()" classname="vrielynckpieterjan.encryptionlayer.schemes.IBEDecryptableSegmentTest" time="0.308"/>
  <system-out><![CDATA[��??sr?@vrielynckpieterjan.encryptionlayer.schemes.IBEDecryptableSegment6�������???L??encryptedSegmentt?$Lcryptid/ibe/domain/CipherTextTuple;xpsr?"cryptid.ibe.domain.CipherTextTuple7-@?ȠTV???L??cipherUt?0Lcryptid/ellipticcurve/point/affine/AffinePoint;[??cipherVt??[B[??cipherWq?~??xpsr?.cryptid.ellipticcurve.point.affine.AffinePoint�#?U?�a???L??xt??Ljava/math/BigInteger;L??yq?~??xpsr??java.math.BigInteger���?�;�????I??bitCountI?	bitLengthI??firstNonzeroByteNumI??lowestSetBitI??signum[?	magnitudeq?~??xr??java.lang.Number���??���???xp����������������????ur??[B��?�??T�???xp???A?E%b؉Nrn^�^��?#�??��n��f��(ޯ�?@�d�zA�-?pdl�n2?�[?^?�=��!����[��xsq?~?
����������������????uq?~????@��d?v�AHدZ�)�e����?��[��]]>&#x7f;<![CDATA[ԭL����?P??�^�2ﷴ/��	����e<��?�;}xuq?~?????b��]]>&#x7f;<![CDATA[Ќ�=[��?Xf��;�?�uq?~????\�G?S�a�,?�{��%�?z�w�_�M�z�n��,����6�O���??�� ������?���z��(����.�a�?��'��2���.G?\?�?Z�h�t�g�L/$�^Ȳ��0W�7EM[3���?�����?�]d?�t��@p??|��W]]>&#x9c;<![CDATA[??A^�hPN)���??��Z?�䥓?uO��e�4l�?<���?z�?���r�?�b�?����?���?e��?7^?=�=?�?ͬ.?jA?�Y-I,e+?�Y�ͣ�$�
m��???ԫ�c��F]�,���?�7��uZ�N�?:�K�ԶV�d&ٕe�l\>������W��	?�?q��?�z8f{~/�K���1��S?g��n�?��ʨ�%?] �?\m�	}��?��?BNQ�Ő[��?�+�C��q�,=>�Q��9��?�z��?�@?��m�3^������?߈�5?��E�D3�?���6�C�`?�?�Olɺ���WY�/�v,]�D?ʻ$�^�?�睥�]��u�%@�D�+�?���S��N�/l?��~�a�?�aS��{,�[�+�f.�c��׎L��?�=?
�ޏo�Bc?!C�6�?�ϻyQ�^P?��JJ�l�@?��?�?�rg?�c!�6�5B�?�a]�%��?��I�o5aF-s�b#��F�7�"U�?^W|
]]></system-out>
  <system-err><![CDATA[]]></system-err>
</testsuite>
