<?xml version="1.0" encoding="UTF-8"?>
<testsuite name="vrielynckpieterjan.encryptionlayer.schemes.RSACipherEncryptedSegmentTest" tests="2" skipped="0" failures="0" errors="0" timestamp="2021-04-05T14:57:19" hostname="MacBook-Pro-van-Pieter-Jan.local" time="0.544">
  <properties/>
  <testcase name="encrypt()" classname="vrielynckpieterjan.encryptionlayer.schemes.RSACipherEncryptedSegmentTest" time="0.219"/>
  <testcase name="nonStringEncrypt()" classname="vrielynckpieterjan.encryptionlayer.schemes.RSACipherEncryptedSegmentTest" time="0.324"/>
  <system-out><![CDATA[��??sr?Dvrielynckpieterjan.encryptionlayer.schemes.RSACipherEncryptedSegment:?u!����???L??encapsulatedAESEncryptedSegmentt?FLvrielynckpieterjan/encryptionlayer/schemes/AESCipherEncryptedSegment;xr?Avrielynckpieterjan.encryptionlayer.schemes.CipherEncryptedSegment7�2Ĩ�4�???[??encryptedSegmentt??[Bxpur??[B��?�??T�???xp????W�?���Ԥ��βa_?�;Oa�d���ٙ?���7�l)�?q?�O�6�?9���]�TG�.?2�\��|�5��?�ͥ?�?0?����8�J!?�)���H!>�����CT˚��K��i�ޓ}?j鞑փr?=}N\�q"��n�1�1?1M��?�6�D�K�E��Z�쵠�We?��8V9�:.?���a??�&���,6��
o.�T[Gdd�'�?l�Ѯ�̴�O��t�z��?�N?�?��(xI���?o<��D����'0�G?��y�f�̯��	sr?Dvrielynckpieterjan.encryptionlayer.schemes.AESCipherEncryptedSegment��?\?t[�???xq?~??uq?~?????����$���a��?��?��e9�P?,??9�3ɭ3|�?���m?�?�A�,�?#���@:?j!Ie��q?�ߍ>���n�XCծ�n���?��!k????h�f����H]#{���1��S��d����R� ?��>n���*��?���`�������kl�������� �?����?��ol�҃�xGݬ�:?��?��e�N?m�Z�? 	(5:�l.�޳��O����!��E�?y�{U}G��5��`�?�t?)/�%]]>&#x7f;<![CDATA[�2�Y���?�w�N��?��%��\׹��!�7^����n�l@�aX0�ap*�*�}�G,A��?������?$�M�+?��Jb
��.-U�+i�?�\�khYq$�=?�4L??�[>?ǚ��P��?zDo�t�un|C
$��?ov�p�Į{)yMU?����|��?MQ��ps�?帇O,��}:5���H?R����d	[�?�^?I��2e�{fo�&l���?p�k]]>&#x7f;<![CDATA[����FqB�a|�?ʓ@M��}w�???����O0#?+
��??sr?Dvrielynckpieterjan.encryptionlayer.schemes.RSACipherEncryptedSegment:?u!����???L??encapsulatedAESEncryptedSegmentt?FLvrielynckpieterjan/encryptionlayer/schemes/AESCipherEncryptedSegment;xr?Avrielynckpieterjan.encryptionlayer.schemes.CipherEncryptedSegment7�2Ĩ�4�???[??encryptedSegmentt??[Bxpur??[B��?�??T�???xp????|˫���Z�Z<2?$R�?�FPq?�?�m{^/�z&?@��fβ�	1?);���'cbbnQ��֚�o^?�^�ÎWHg��n�X�t�z?�*�8?�똗�?F�LF��2�,�?���
A??���?�[T��=���J�x䒖�A?�U�q���i?a�4v??ʺ��;wQ?K�#U�gD�N
�?�O?xr?醄d�"E��A~�\?tAɨ�?�K�;?Yə�D��Ф���:��q��Hb{�V������]]>&#x7f;<![CDATA[ w�?},�ٳ�I��h�?l?{W��4sr?Dvrielynckpieterjan.encryptionlayer.schemes.AESCipherEncryptedSegment��?\?t[�???xq?~??uq?~?????`uV߆�?qpO�����;��x
�Hu�?��?��� u�n?|?e��e�@]]>&#x7f;<![CDATA[��.?�}�1.�Þߐ�Y?,?Y??�P^n3nV����d�?�l�ǖKS=(o]�����J0�BW���?�P��b?�yw&|�t�wxy�??F[��
�?�'<e?��P���?��?ޤ??פ<�X�πBT>?�?�R{��$ѥb�??ׯXp�?��p�^?6��0�v<�хH��.?�?�zaV!px�]]>&#x91;<![CDATA[�M:?��R
���gwoY[�?�?�.`E?��}?E�?~.?�{	Fd;Y�n?��ɚZrG��'�?�C�[t+?�i?���Mw�M�m{��v�Bp�4F�Zv�[�{?�.|W���;]�k3�[�����?Ȳ���?! O�]]>&#x7f;<![CDATA[y�z���?�v�$*?9ލ�l�?7$]]>&#x9e;<![CDATA[ꑝw?�8�ǟ<?m?ҿ�?����?��@?`�F�.��Ѳ��$uMey⛤��?���n��z@jx�??x?9?Yi��?��/���O�?4Gr�zuYZ��?{��z�7���%�P���?�o�H��0�K��,3^�J�˺�ki�k�Ǒ�?ܛs(+Cη��?���??���e{V�6���l�]]>&#x7f;<![CDATA[��Z��?�t\�8[f���D�&&e��f�?S�n�U4H��?�B7��*q?��Ph?��ݻ��|??�J�?�|�s�U�$B?�m�?)?���p?u�0���O#Q�O�B�`��<D�aI?�of;����}N�w�Ƹ@?=Y���λ�a�^"���}���l>?��2�5�WW��?-���u��k*W��x�%�p�T�����?�������u!솥?�>�?g��?����;]]>&#x7f;<![CDATA[[_�?|]]>&#x7f;<![CDATA[���9�-,tgJ{�Z芥ʇ2�g?U�}?�{DH�.[???y�3��wg��L��E	?:?{27B?i6'�q?�n?��?s��?C���볗y�_M�&y��1��᧦	*���?8@�!���Eq�e-H?�e%?�.�u�?�9y��D�kۼ�՗���H?E�u?�H�
���-���-{yG���)/?�e?�}v!R�K.B��G
���RP#�Y!�.w��?Bw?1I���?'?�a)(�?]]>&#x7f;<![CDATA[,��Ϛ�s�؀??��?]L��D??(rAҚ�@��a??���L�?wپ��Y�P��I��;S?�T=�%��?%L?�?���?�-$k$���"	�����8.�`?�M�??�3�O�h1�:���my]�"P�O��ߢ�1wp��?=XI?��?�m?�:��#?�M�jf?("02����YD�7M��]]>&#x7f;<![CDATA[��p�����??�We�9_]]>&#x7f;<![CDATA[?��ʳ�W[��?�?�?H�)�˖�?�FJ�I��k:�\�Mh�[�Ǝ�)3?����0�(�Ũt���3C��;?b�i]]>&#x7f;<![CDATA[?E�?S��=U�AՌ?��??]]>&#x7f;<![CDATA[?���[u�T��?�xb��F?u�QX�ˋ����1��7l?��Ȫ��o���K6�-��]]>&#x7f;<![CDATA["`?a��� �q<�?�iL6�??�sx��+�m�*?��WM5Hkd��??�?5��!0��?K��?��3�?5��?��?�.�ኸ.E@/`??�⏃�2�t���8�Y��T?�c(300�(�Ũt���3C��;?T�?�E/�mٱ֭M?7�?��o)��?I�c%�SI.��w��1#�HV?~�8��0���R&e6B?H�� ?
�����??+�?�!��`?a��� �q<�?�??��|t#_7
�?87�V?�?e?���g�0¨[���iO
C?F#�?�?��ui!��I���???`a?Ɍ?N�b�Qg�?o��PRc]�??p�?��?Ւ��?�DUK������kq<\tic�?��{?\ggn鬻��I$��6?�?u$ѺH�?��Ps?��Jr��g�֊?5:�!?LI鉒�^?��:�Y�I��AS�!�8p��?�??!�\�&���?�K�LN�By� ���W?�Z?s��/�u$Ŭ]]>&#x83a9a;<![CDATA[��]S?]]>&#x7f;<![CDATA[?h4�o���?��?u�	�-K1����U�1?�N0�?�(�7��a?͢2�޳�z]]>&#x7f;<![CDATA[b�3r�9J��4OK??�Aq�i1�?3x`㊻�]]>&#x9d;<![CDATA[??{?�?���*�Pp�?���sV?>.P��?ks��??��7B��6J��0��?z??]]>&#x7f;<![CDATA[�!!��u��J�A�9q�??;!�&�=Y�V���y�ڞ��?j���[O�ˤ���U?��4z?�Yr"QT�?7?��?�=#T?�}�^�ӑ?�H�?�a���?+f�cz��J��Y]]>&#x7f;<![CDATA[�L�-��'7��?��w��?:ԛ��?صT�??B&?7f�k�F�����?x���a��t-�`]S1?q�mGH��D�����b�QC@��7rv�?��b떓�_k�4k�f�j��Y��?[?����t��]]>&#x7f;<![CDATA[�?'���tyBU?6�gҪ^�:?��2`*�B�2i@3��pЬ���hr]]>&#x7f;<![CDATA[��/�>?�?����l��%Q�"�a����p>u??��V��H'!?WcTU�%�?)���?	捓t	??��J��d?o%㜏k[��k�P�E�??���bAY�#��'��I{16�$^�?�."�\w?ُko]���e�M4L;\�?�F?h������O�pw�Y��Ih�G�xn�i�-�'�?�|N4�+�Q\N?�?���i?��H�]]>&#x7f;<![CDATA[O�F1��aj�Rg�?���?2��Z�x�x�HyF??�Ur?��*���A|%?_?�+���?Ю]]>&#x7f;<![CDATA[%ʠi�S̻�B�+5�i��?؇��*�?ΈV���;??s�=?�J�?�?��?T��p��)�(x��F`???+��.����??Z�P��{�ڿ���-*8L!flviv��3�d�]]>&#x7f;<![CDATA[�u%�,��(�/?i�vO$R�X?��N&?]]>&#x7f;<![CDATA[�SDL�c2�M�MF	{B?.1~��?u�E�d�G*?\$&~sꔇd��i7	?���w�/�J?*�"� �p��Ӌ�????��?!���3�mQ�'��B8�+ɜ�(<��w??�?�k�X:�+?�Wf
F��]]>&#x8d;<![CDATA[�&Z����4z�u�??�t_�?����O�6�?��?��s��wv?U��?�1?���?e?�?M?�?���JL?U˨ur'��tY?�1h?]]>&#x7f;<![CDATA[�@���?��̛�Ⱦ5�	��?˶v?f?�O���k�?}�{5%?B'�T??g�~�?�e���n�?K�Կ�V/�H�?+VY�?|�?�;~�rWx?�?��d?G��?�?]HV��������SG\?{eN��t?b]+?��?���u�Սp�?~�k?�?��k�W��*Bl]]>&#x7f;<![CDATA[���2�q:�u�?�??�B��&�e?�F(�I�ce!(۱�B}�U��q�7?v���`?�"O?�??�F�b�?RT�?	<9L���w}���<��7ջ?�Q�?������?(��Q��t??���C��y�i��<?Z�?+�����^��٘9�bT�☚���r!|����?�o�(k?��oY*�;Z�:Z�8�|N���_��a�?����<?��i6���B�?�кH�/�}+�??�g??��x?�/��	��<?�'jů�pD1N�<P���%?z29�b�]]>&#x7f;<![CDATA[?k@�˝!?��Gj�?	Z �??��XB{�rI9������ �<ׯ���?�h���
F�??4z?��_e�����"�`�Y\�ۅm%?���s⺗?��&�95��wZ���:i7?���??��`�K�t����0��?.�v�1X?�a�OhI�	k}�Dfx*�?��z�?�?k�����=�?@��T��P�u�״Hw��1ƅ?��uI?�]�8��b�?3v�?w�F��jIZ�Z��i��?��\��?�w??�*�[J��?���֋���~��-��!GKv�G?���^]��������tU�t�xΝ?TeK1I\�)h?�lĜ*�����J��`�9?�f�?h��1X��n���^^H�E21O?ٹy?�M?����C-��A��?.�#1	�J?s|X��bL���?Reх���I�>��{??)??�6��"�
Fix/C��tmx.�Jf��"ޤ*T??e?�0�WY����C�$���j;�]�[ζP?X?�wjq??!��Z?7�?�?K��<5}숺�(?�w��0�]]>&#x7f;<![CDATA[?�D�L s�5�??�]2?�p��?>?�Uz��?ވ������[MeH� �bsф/�)4�?���C�$���j;�]�[���(F�w�Lk�?0�9?�=?�
���z��/lbcJJￓ�-���^?�C�'��o�??�?Jɛ_�\������p�?t���T?s���0�0e��?�L�"��?ٜD?{�?i=1�KD��AI�0�9�Xzh�?��?�?x�0�D�?��"SI�E?���?�?+����_E�?���cE7��??�۫?��	$�7-?o_d?{O'?�O"_S����C�$���j;�]�[�Z�}??B����
Ō???1((��i�NZqP��ڜ?�J�]%�K^u���]]>&#x7f;<![CDATA[�?�&����v���Q�?�쭯}DWWf���K?�K
r�0e��?�L�"��?ٜD?{�?i=1�KD��AI�0�g%	oP���]>2���s^h�??⍠�)�Q�K����?1?��̣�5}�_P�^��?[���mϮ�J�X�c�)j�|�]���?@���?��yU?���I��??N?��0��,�B�Z��?��?�NC�/MT�?�^�]]>&#x7f;<![CDATA[A
]]></system-out>
  <system-err><![CDATA[]]></system-err>
</testsuite>
