<?xml version="1.0" encoding="UTF-8"?>
<testsuite name="vrielynckpieterjan.encryptionlayer.schemes.AESCipherEncryptedSegmentTest" tests="2" skipped="0" failures="0" errors="0" timestamp="2021-04-03T15:45:07" hostname="MBPvanPieterJan" time="0.277">
  <properties/>
  <testcase name="encrypt()" classname="vrielynckpieterjan.encryptionlayer.schemes.AESCipherEncryptedSegmentTest" time="0.002"/>
  <testcase name="nonStringEncrypt()" classname="vrielynckpieterjan.encryptionlayer.schemes.AESCipherEncryptedSegmentTest" time="0.274"/>
  <system-out><![CDATA[��??sr?Dvrielynckpieterjan.encryptionlayer.schemes.AESCipherEncryptedSegment��?\?t[�???xr?Avrielynckpieterjan.encryptionlayer.schemes.CipherEncryptedSegment7�2Ĩ�4�???[??encryptedSegmentt??[Bxpur??[B��?�??T�???xp???�K�r�?�G�?��?M���]]>&#x7f;<![CDATA[4v����^���-?R��i�?!��p�?��>z)�����?�j��a���Q[�>?�t�6	{]]>&#x7f;<![CDATA[U�P���o��+J<r��W=�?�^`d�h��ġ 3�3aJ�x�3RVB�l�����FT��??��<��x��V�>���N�o_k�����?�ԕ�?���-?5b?�=5�(1?%�g%UJ�L�X?O�n?�C�����}���l32Q�P `0E`1�GP}ݷݺ�N?]?n��?�?lM�&??���?8[�)?]�����?6�H�m�2�?[Eŭ?�0;r6$,�#�-7c??�,.\���?~���|�ن�~]��gW��hsFH|�?-� �#���^ӳ��(�̻3�@jG�\Ut�?Z.Έ�?^rRl-�1�&M�(�]]>&#x7f;<![CDATA[邉�?j�g�O?+�E��h�?�G[��g���9�ݺ??H=?,���CӪ�aּ�CN�2�-Q�?:ן�???@����k���c�?+E�J?�p0���R��9�?�S^
��??sr?Dvrielynckpieterjan.encryptionlayer.schemes.AESCipherEncryptedSegment��?\?t[�???xr?Avrielynckpieterjan.encryptionlayer.schemes.CipherEncryptedSegment7�2Ĩ�4�???[??encryptedSegmentt??[Bxpur??[B��?�??T�???xp???�??���:�0�y�?ր��<�}?mU�?7���?a��K�\�Qa���y�C��???�V�?��???���?_�?��?^U��F<��?n<���?�g%�Bh�L��_6�fS��+o�??���h8n?�?N�]�1���?�f+�xR�E��![�u?�J�??=�Z�?-�Z���1� ��,�]]>&#x7f;<![CDATA[?�@门�����b?2n�X�T�7����jx?�Ua�3Ps1w;�c�VV�PΨ�]�?Z �???r��'�R?�VD���.5\M?W???�F��V��m{�G�J�)����?�{�??����l��5\y9s�E��#ط�W?����'�A���N�պ�9~�O�?�f��l���|?[�,i��VO����,g��˭�?��d(�GyZF��L?�?Ed'�r�$�d��ۙ����^i�>�8篩��?`+?}?��8�???Q�?��????��~�,f�AF����w
�?�9���Ucdڹ��??�Jٵ�?�]]>&#x7f;<![CDATA[?�z������(�?�H�m�?�?=??c�?�m�A��xK8]]>&#x7f;<![CDATA[�+��a��?B�/����ڸ�??;�0���~�hD?�d=�m?)F@.?��[�/��?�]]>&#x7f;<![CDATA[<Λo���?����Ed��?��??#��f?�Ew�?��JV|Aj0K?h�gL7���?ל??����$�?٬]]>&#x7f;<![CDATA[�s<IQ�A-??�j,?`��?��?Ρ�[��K�?w��?;v	���-6�a?s��b???��h?'?�D"5y�X�)�;�s��]��]b!7`�ju�ʮ���[�Q�8�?j�U��da�ۼ�?��^�S�8#??��r�P9��s�1�w��+q��s�X���X�h?�?ޕ�!i��c?4��Ǿ?}���?��3�`���7�¬�,RrB��>�K]f'�a�n&?�><m��[?�?��$o�?�;�?��?	�`�w�aff�%t>�J��?�����\U�???�NИq��?��wHu�]]>&#x7f;<![CDATA[�?6?��"���^}��$�&࡯�:?a�?`�Q&?�DLz??[fKS?:�xB� ##����{;�?�j�[O�[U��R2�q�??e7��4����ǚ?<��Q��?�di���&�|S����o$<��k��?!?o�+��?-?j��%�٬?@�Z&�̲����WП�d�^��]]>&#x7f;<![CDATA[��yhB۰t��?��0v�[�8�" ??��?C�?��,?�SU���`/<�?��HkO�	??��]]>&#x7f;<![CDATA[��Y9���Ւ?|E1��kװ��?`��m?L`=� ��7a?3��???�?6�M�<��B�>�	W�RL�p�j��?�,�q� З%�2F�kX�?�?q9�eZ��?����V�p�C`8q/ũb?y��R�??cp�?��±?�`%�*�|�?��S�?U��f�vJ�FH=3?�]]>&#x7f;<![CDATA[z�A��?�x�A�9#?�:�%MNI-z?�� �?�e_3?�?�?��?�??�ڦ�?"mW�?�
�?�����̑3?'�?Yɇ�?���@�~?Ս´Mڧ�?�����d�
آ]�i?�0]\N[X-�+�c����U?�%�2F�kX�?�?q9����?�9�F��?R��?�;��1|<�&嗊`e�???O{�b���%��_��p�-)
?�A:ҳ��`�S$��t_��?�������`?�:�%MNI-z?�� �?�e_3?�?�?��?�??��?N�K|@e�����?���:(�/?{��)��*��K?�]�|�)�a<M����Xo��N_?�4a�Ǟ�c�����R�i?�:���?����?��f�O��մ?�]]>&#x7f;<![CDATA[�h�z�?��j����L?���ʟ���?��?�8��O��� ����v�u�?V?2){��<��?X�qCi�g��#�?�?�WK?�Eb��,/�?h�?U͑d�7�x?+%�6Y�ұ{��np�A5�?�?�/��.�?S�?ww͡�:�B�v?胟?	-ci]]>&#x7f;<![CDATA[|�e?W~>�?k���:ms	�]]>&#x7f;<![CDATA[@�?NO�xf���=�?AʞnS��]]>&#x7f;<![CDATA[�*ѷ?�j�}"r�Vۂ?9�SGZ�#å�?�L}��il�4�M1g�l���}?& ���Ҝ�u6�?��&���,hF?O�:��[K�	�g��BZ��Xm}�ܸ�{R}��w��j?¨� �n۾Vz����/&�u��Q�q?Q�I�U?�S~��?�`� 3�I?�.|�T��I��?g�
�=1?��???��W�_ߍe4? 4??�{W?�_�S??�����H�<���B��,0���?�`�t� =�1Y�3�???G����b ?��U{��K���:�d;�!?A�?ش�A?�?��{NF??�0ź3V�>�+u�D��?9sj�ӕ��?��^��<?��9j��8sK�3Q?����?�??��慌O~�_b;?=�ئ�!�����욤�ɇ�?�e��5??b?͢~j��%w>A�?sBP8Ҭ�R69yMCmT��9X4�???i�9ҢDc�[�~�²�u?y�]]>&#x7f;<![CDATA[h�?�?{'�l?|?�ϋA~)�\?�?���+?�6?z�u���G�?�=ou�",���rJD??"S�U��,�(?�??��?tȥ�p����?�?YA4�V�7:�(�$���=��\ʑz?�^�:?do֣?����ʝ��?�?�[P7B���?�M�yR�M�wDM��<]�kzt
�I�v������?��R�??7ΰ���vy�ELH?�?zn�?_s,PǦ�|lVXh?Y��:�H�J}��Ԥ��?����"��?�B*��??��K�!RD_n��?Y�>�wa�?�|��?C�5��ޗ�o�U�TG?C�.��@�\�?2h+�ʖv���r.�"�t���t�)� �X??�Y��r_��~ۖ�Fp3�?�6�$<.�!��?V���jniP��W�?˦M���?�>��b��t?1a,��d&����tܜ?�ғ&?p�Mo,`�?P?�C��Π?�?�(	�a�D��?3]�� �byְ��?@��<-I��5?G�w�ei�\�b)c�?�?�?����iU	�?�?o��sQ�??.94�v~mZ#?8� r��?�?~�ETNLtZ{�
�DSy��V�b�?fP�����l�G?�?W?]]>&#x7f;<![CDATA[Nht?]�+?���?��b�l�?�'��w��_Z�?�]]>&#xeb77b;<![CDATA[+G4���m?�ˉ�8{V��}�?#՜�/(??H�T��`$qKO?�??�??��[\Y?>�??�Ѿ�Hx5�\�BŔ��b�$R�d?�܅bŞ�r�?�D����?�?y?�5�B �<?E�އ�����f ��?/sᖨ�[�/��?��)���L�+~�bP��씙��h���
F~�+�$"29�Bu���3��Y+[��_�?�@��)��P¼�9��۳��ʂ��=��?X���?o,��\�c���'k�&d[��6�/1(�.!�?�s?R���D�?5�ѥ?iȱ�}J�a!;?6??��?�?t�RѮ��(l?�ɑ���?T?0?	W?
����E�??X~�Uʭ���O�8�t(��], �?���AkAEW6�U�K�^�7���??�:%��q���mf�O?���H�,DO"�D?�?-���#�p>Hn��m&�P/?��/�F$��%�d3��v�u�?~V�!��*�?
Q�Vx=����2}|]܃u8�i���G7���t�K�3?�?�W'aJ��?��l?\��/?��??,���?&�H����X���������6�?�����?ti�U�*YM?+�!]]>&#x7f;<![CDATA[����l�?T�	��;4n�>W'��@�P�ը�������,�?l�?�~%q?��-�y�]o�#�1�KFU�1ԫR���}?�?CZa?-P�\?�?�~p�g��)��`a]]>&#x7f;<![CDATA[��#�6/2�̢
??�m�?G��!{<I�?���Vm�!���m?r�<D?����???�?����u��n$��kD���?o?]7��C.���D�����fK��3�?Ǆ�$�d��?��k�I`a]]>&#x7f;<![CDATA[��#�6/2�̢
??�C~��U����??�;�$���d��Z�>�f�>c�?��H�?K~k?4�讖��C���a-y��?����?0¹;���vZ�X?e���{�.7f��
cH<��Ǒ ?���/ͽ*�W��|Q[�AF!?%��^�z}��Lz?E���?��tZg��6?q��Y?���s���Wo?�y�2�r�¦|T?��A??!w���?�v��?��`��`a]]>&#x7f;<![CDATA[��#�6/2�̢
??�6�؊�ͪ�ֲ�3Mk@��~��3�?z��?�5�m�� k{�?d�D��x@��c׽�$.~3.E��?�???<�F�r]]>&#x7f;<![CDATA[�����n��{�.7f��
cH<��Ǒ ?���/ͽ*�W��|Q��}�>%BSi~���m��K�?�?���b6Dܰ�Y��n�f
T�Җ�>?����-�̋?!?���讎??6�I�i�-H����?$9��)��oS{�T���~ֈ?\?#\��v�?�n?`?ou�Z���4�^I
]]></system-out>
  <system-err><![CDATA[apr. 03, 2021 5:45:07 P.M. vrielynckpieterjan.encryptionlayer.schemes.AESCipherEncryptedSegment adjustKeyLength
INFO: [vrielynckpieterjan.encryptionlayer.schemes.AESCipherEncryptedSegment@0] A key of 10 byte(s) has been provided for the AES-256 algorithm. The original key will be repeated to obtain a key of 32 bytes instead.
apr. 03, 2021 5:45:07 P.M. vrielynckpieterjan.encryptionlayer.schemes.AESCipherEncryptedSegment adjustKeyLength
INFO: [vrielynckpieterjan.encryptionlayer.schemes.AESCipherEncryptedSegment@37d05efb] A key of 10 byte(s) has been provided for the AES-256 algorithm. The original key will be repeated to obtain a key of 32 bytes instead.
apr. 03, 2021 5:45:07 P.M. vrielynckpieterjan.encryptionlayer.schemes.AESCipherEncryptedSegment adjustKeyLength
INFO: [vrielynckpieterjan.encryptionlayer.schemes.AESCipherEncryptedSegment@0] A key of 10 byte(s) has been provided for the AES-256 algorithm. The original key will be repeated to obtain a key of 32 bytes instead.
apr. 03, 2021 5:45:07 P.M. vrielynckpieterjan.encryptionlayer.schemes.AESCipherEncryptedSegment adjustKeyLength
INFO: [vrielynckpieterjan.encryptionlayer.schemes.AESCipherEncryptedSegment@74ee3064] A key of 10 byte(s) has been provided for the AES-256 algorithm. The original key will be repeated to obtain a key of 32 bytes instead.
]]></system-err>
</testsuite>
