<?xml version="1.0" encoding="UTF-8"?>
<testsuite name="vrielynckpieterjan.encryptionlayer.entities.EntityIdentifierTest" tests="3" skipped="0" failures="0" errors="0" timestamp="2021-04-03T15:45:08" hostname="MBPvanPieterJan" time="1.071">
  <properties/>
  <testcase name="RSAIdentifierTest()" classname="vrielynckpieterjan.encryptionlayer.entities.EntityIdentifierTest" time="0.004"/>
  <testcase name="WIBEIdentifierTest()" classname="vrielynckpieterjan.encryptionlayer.entities.EntityIdentifierTest" time="0.262"/>
  <testcase name="IBEIdentifierTest()" classname="vrielynckpieterjan.encryptionlayer.entities.EntityIdentifierTest" time="0.252"/>
  <system-out><![CDATA[]]></system-out>
  <system-err><![CDATA[]]></system-err>
</testsuite>
