<?xml version="1.0" encoding="UTF-8"?>
<testsuite name="vrielynckpieterjan.masterproef.storagelayer.dht.DHTStorageLayerTest" tests="1" skipped="0" failures="0" errors="0" timestamp="2021-04-24T08:17:08" hostname="MacBook-Pro-van-Pieter-Jan.local" time="0.238">
  <properties/>
  <testcase name="retrieve()" classname="vrielynckpieterjan.masterproef.storagelayer.dht.DHTStorageLayerTest" time="0.238"/>
  <system-out><![CDATA[]]></system-out>
  <system-err><![CDATA[apr. 24, 2021 10:17:07 A.M. vrielynckpieterjan.masterproef.storagelayer.dht.DHTStorageLayer <init>
INFO: DHTStorageLayer (vrielynckpieterjan.masterproef.storagelayer.dht.DHTStorageLayer@3ce9edf4) initialized and running on port 5878.
apr. 24, 2021 10:17:07 A.M. vrielynckpieterjan.masterproef.storagelayer.dht.DHTStorageLayer <init>
INFO: DHTStorageLayer (vrielynckpieterjan.masterproef.storagelayer.dht.DHTStorageLayer@2e02a657) initialized and running on port 5879.
apr. 24, 2021 10:17:08 A.M. vrielynckpieterjan.masterproef.storagelayer.dht.DHTStorageLayer <init>
INFO: DHTStorageLayer (vrielynckpieterjan.masterproef.storagelayer.dht.DHTStorageLayer@2e02a657) bootstrapped using DHTStorageLayer (vrielynckpieterjan.masterproef.storagelayer.dht.DHTStorageLayer@3ce9edf4).
]]></system-err>
</testsuite>
