<?xml version="1.0" encoding="UTF-8"?>
<testsuite name="vrielynckpieterjan.encryptionlayer.schemes.RSACipherEncryptedSegmentTest" tests="2" skipped="0" failures="0" errors="0" timestamp="2021-04-06T14:44:53" hostname="MacBook-Pro-van-Pieter-Jan.local" time="0.543">
  <properties/>
  <testcase name="encrypt()" classname="vrielynckpieterjan.encryptionlayer.schemes.RSACipherEncryptedSegmentTest" time="0.087"/>
  <testcase name="nonStringEncrypt()" classname="vrielynckpieterjan.encryptionlayer.schemes.RSACipherEncryptedSegmentTest" time="0.456"/>
  <system-out><![CDATA[��??sr?Dvrielynckpieterjan.encryptionlayer.schemes.RSACipherEncryptedSegment??a���o????L??encapsulatedAESEncryptedSegmentt?FLvrielynckpieterjan/encryptionlayer/schemes/AESCipherEncryptedSegment;xr?Avrielynckpieterjan.encryptionlayer.schemes.CipherEncryptedSegment7�2Ĩ�4�???[??encryptedSegmentt??[Bxpur??[B��?�??T�???xp????��e:ղ��;}�?�����,�&z<f����q��L%	�2c��[r?��?��?��?C�7�����-r&%rg��DNC*T��*�?�?���\?Έe�!?���Ql�?/�����V�u��?�?���k��{CȽ:V�??nE��Q2�S�u���I�[�FG�ς�f��?�տ?U"�햆?���&����/f��?��ȉ���@??�6?�~�???�?�4?gvS?k��ر�4?}���x<!���S???�33?D�?��׌Yq�l?��y{�	sr?Dvrielynckpieterjan.encryptionlayer.schemes.AESCipherEncryptedSegment��?\?t[�???xq?~??uq?~?????��(a?a\Bͬ��H�3F�NA�{�85H��)�\=�\D?�Q���?[?��P�??�w:֪�fI���?��E�w���mR���ȍ �����P����D\a�)����?��2m�Gb?@]]>&#x7f;<![CDATA[�c�?�g?��?��T��?�Q�s�Q!�?�
�Z���m��7�����I��sa?��$?�S?L!ߟ�Q�2LQo��2?��+J2b?��(g�?n=??�� J??`��Oa�� &?8�����BA��{}�])��2��,�V��΃�C?.���鱵+G�@?��������2f��@�h�9���5?��[�Sp-d��?��Û?��?+��d�
?ˑ�kyN��]]>&#x7f;<![CDATA[�p��=?�Zy�ð�x�33v��O���?d�]]>&#x7f;<![CDATA[W�O	��I�t�����3�dG�b@·o?��k�?�Ә��XjC=?]]>&#x7f;<![CDATA[a�op��iy��?��d^�]]>&#x7f;<![CDATA[|a�?9EQe^8�y{Y��N�?z9Z4C�(����?<�)?^�w#��i���X�[r�n���+L	�.m���?so�k�7w�"'��
��??sr?Dvrielynckpieterjan.encryptionlayer.schemes.RSACipherEncryptedSegment??a���o????L??encapsulatedAESEncryptedSegmentt?FLvrielynckpieterjan/encryptionlayer/schemes/AESCipherEncryptedSegment;xr?Avrielynckpieterjan.encryptionlayer.schemes.CipherEncryptedSegment7�2Ĩ�4�???[??encryptedSegmentt??[Bxpur??[B��?�??T�???xp????�??�������???��(W#�g{���@"�Ҍt?ϸ㇁'J=]]>&#x7f;<![CDATA[�A
-��#��?s�?/�R�V�^?��M?��?�e?�La��?&Ė����9�+?��u�,��,�9�?b����=F?��>�����onl�P�l?�x?2��B+??�1�J�ӓ��f,J�?Q�??��!?��?�k[�괔?��?�k��?�6ůT�A�?SLC[?����cG�ۇ����\�\G�םBl�чe�]]>&#x7f;<![CDATA[�{:~(??�?Cs%˓����-�?B��g�h?�d�5usr?Dvrielynckpieterjan.encryptionlayer.schemes.AESCipherEncryptedSegment��?\?t[�???xq?~??uq?~?????`�?��Թ�5'�պ?���l��
;�d=3�8�?K=��}����^???2t�����?} Q?��{�{ޕ���Q5]�?㥙�S�P�??��?��?��-��Z?�n}`nX�]�?Z���??�?�TUiM7p?��.H?\��捐����?�׸���&��?��??��@���~̑?9��*�Jl?![	�?j�œ��P��j?�)?��kJQ���?��?��C�J�?c1����ҊO�	���?�y�5��?]�ؗ-3�_HS)?�ƀ?
Q9^���h��ة|z(�?f�Ԑ|�8�'��,�΍1b8<�,�ι�?䒘$�?��*B�X���]����?=|;k{�v�?x�8SUZK��,�`���?�<�b?��7?h���_��?MoU���7i�o2?*�/��w��Ħ\?i?z�HC`/M�����]1A��Lԑ�??���?4�?"�Au?y�?`�רC�xd)�?O��_���?DE�t��zX!�ӭ|?	?�?���O����A��xN��$����G�%uLH�{���?n��Wk?����T]jⱴ<�����E?۝аO}BX,�??c�"4M���W�l�G!�X�Q��g�|Z^�\6��b��?*�Tl�?yu�H<I���6=??�d��aD�G�)^?���'!���pbM??��3��;�����?N�??��ؐ#V��?�Vu?���D�}��?�l3�u�A��@?|x��}X?�|=�G^i�����?�@��?u��??-�?F���{�?:[�;��]]>&#x7f;<![CDATA[-T�9X�$�Z����?���#+}��f?�	L�c)��f��?�O�?I��?s�,7++d��Ԛ��/1g�?x?���=C`h+<?43��}Ur�?�c�����g��=�n�S�]��H?�]]>&#x7f;<![CDATA[m�ͧM?��˺GP?�{��]�O��?^\m?�ey�2S?b?���|c�A=�}]�s?Ӹ٥\�V��?Z?R�?\?V���?�K`�cX�^"=th�;���&iC,�S?�&���!����7q��x�?�n�ZL��?�?f�8G�)D��?��?�#zY�b�??��׫?#?g��>0?�g1e?�0�+�y0�����N�K(q�M}v
<���M�?	���?������?�K�5��]]>&#x7f;<![CDATA[�S?��L����-�??��?���N�%w���?2�?�&��?�#�o��\͆��?*?!�5����g?�^jl��e������ɐM�\���?D�E ?4��?��8�uÆ�_bp~X_n�Jä���j}?��?���?l������?@M뙵m��ߵAf��3`�؎H�?�L
�U��t'-Ւm(��r�P�����?S�_N@
?�?�p7
�2 ?��?^��sʿ?$֭���z�t0�4��G?����?`�G{??�����?��(�?�Ԯq2}�)�?�#?/�4b?)�C��[C?�ٲ4
��ڹ`Z�kw�?�a��??G����gK�m?}Z��G	")��??�@r���(?
�_�?��.�U['��?�?o��?�\?���?��2l��XY/z���̳��?��?.kCQ�X�4�S�_N@
?�?�p7
�2�O�Yt.2���?�FV?d1}�H�n�???[h.�?��yQ?��W�\��?n��j~�?�????�g�*�Ǉ��+��?:?ŚC?&wK�?�ٲ4
��ڹ`Z�kw�?��b��$�b�R�V�bϝ�WZ��Q�b��$s�<'��n�H�M5���?��?�D��;0`a�%?<o-�?���P��r�?�LT���^����!nIl� ;tU�_&?6�	0�6j�i?�?0���?����W#?i?� L�v*cX/����p�0�?�
q��uo���??�?Ro�d��fe^�jH5>�f?��p�Ɉ�
�?d ��P�D�?�?����i�&?��c�Y%�L��zO�?�?��?#��)��QkPPq-�[#6?v�q���?�;�'$����R�??=!E??*�8�d����o�9s�8�y?4�ʺ�doTv�7�?��Mn��?�e�����-???�������8G�1�*�?%Gj�p#?�W��>??�tp��5?w�Ep�47:??�?���ӳ�g?\��3�??j�Y�����J6�?��=��}RlD<U?TJ�B%?ƻ�?ov?xIP�?T?��$-�f?r�'o�Ȼj��n�Ǚs���tc"�u��ۊ�?<�+Y^��kI�rh���G�@�|�ٷ�?ni4X�?*[��/���F�F�?T"6�q��C&�]\��6�*G����\�}'?�$��?�]�??�n�ܸ�?\r?3��+�?I�Ƨ�?k3�)�T�^�\?h���;�?{?5ڛ�aE5?������?�?�;�]]>&#x7f;<![CDATA[/�����1�h�gԼ?�bs]]>&#x7f;<![CDATA[t���1�+ب?&mAI��m=$`Y�J?�dZ0�?�O�B6y?XY?��?��K�h��!,��P����|�?�����l�|$K�?�?���F��?�~��$;��O8+TT������?u��9K?�p��@��l?�^:"r�#-�?�a�J���Ŕ?���w	���q�M]]>&#x7f;<![CDATA[�O0zr?ۏ��M��M?R�3��ޑG��Z䱹3=�x��?��?�^G�j�???Q|�>�ċ�7�O��c{��?��7?E�I?VW�L?؅·'�z�@�f�F���y���?$�ɎW��?o|�?R�5����x Ý�Q=�։7Y=�?�������??h�#�]]>&#x7f;<![CDATA[k����?�-?^�!�?X��W6QX��$�?�W�q����]]>&#x7f;<![CDATA[�?�]ެ����oL'�sk9�L#??q�Y??I-5yS�?h@A}�?ǽ��}"eX��?��ʤ�y�:@OJ?��X�]ى���N�T_1�N�8���ߚݛo?�<�P�F�c����pW��6$�m�q�?�Gr�� ��$��j�x���B���n�[��ȧ�Tc�?�0��S��>�%?�*q]]>&#x7f;<![CDATA[J�B?�>U(��?�ժ��a�q<@ē?��R��[^]]>&#x7f;<![CDATA[�,i��C��v��q��{�]-���*�p�?ȵ�"�2���%���X? �%?���`Gz��?�?ׁ_�~7D���B�K�}�K??9�X�uoM�?�;?�~?��??/��ݠ��D!??#�I�?��	���>��?�E-�8??
�{_���x�?ē�????_�\�@���m����k��'I;٤aE����^���(���?-��L�}�I\0]�D�l?
��4J-�T��ebh���c��q
��\{?n��Q]]>&#x7f;<![CDATA[X?)�<��??�zر?��2���&?�.?xp��|�?�7O�Sb,�c2��#�Qs��&}A�?�5��7��E8Q�Ig�:�?L?9�M�?N��Hp�\4BK?�@���V*���<u7�o0(&���z�r?X�Yh���%�Rt��	�!�?�e#������[l?�?��?�?�p���`�?)g�??��??	�	��e��㩃�B)?�����%jh�.C?[��c?����đf9��?v' >+w?%���m?8&6�������.	j;��N�B}�?�?��4�O�y;'��$�cO|?'�]]>&#x7f;<![CDATA[��Ս|?^��#ba@U�?�?6ɭN�/�mV*t$�#��]n?�8P�ﻖ���ȭdG
?��.Ѩ0�VŞgs?�*;Q��>�l;�?���Q͍ ?3�G��?~O��w���	tpȥz��?z?Q���?�???����vҟ����N�x���xx�����?���?�2�?�f����yG�9�ďI=�*�?#��c?���?w�Œj0	�p
5E/�?'�5�i�й2���6^%X�H��?@�Kz���O�;���F�e��ܑkڨTΌ?o?�???Q�??��?�z�IH�N��o�O�&�P�Y��F)�jB?��V��D�g�,2}9��8���<$��H?�?t�`�?�la���E?df?�pW�#��'.*��R
�A�?�?~?��??l?K룧��v?�����I|?�?�??80�p�#��?"���??ً
����j1?^�:��mmΥ�-��wqǑ-J�u2�]]>&#x7f;<![CDATA[�?�5ذ�>�`�9��Ć�<�?1{��:�$�o��?%?iQ]��?3�����;䥫�G�p�?��v5;�?Z!9�a�x���E��҆�}U��j1?^�:��mmΥ�-�?Z�e�PH???�1Mj��o�	�_����Ó�?�Ȣ����!�����!�6?)�(K7��?�����ߙp=�A��,?W���{�C`?q&�[c�|�;����k?X�?�}�2���dY?���?\
���?��_����+g�qI�?a@�ɦ�?@�ڔi�??ʾ���?����m�x%
2
~���Q���9�a�x���E��҆�}U��j1?^�:��mmΥ�-��]�?�Gg�?gFS?��?z�H����J��?�?-�d?[��?=<�?���?�������b�93]P-H�������[\�&&ljK4�?q&�[c�|�;����k��r�@��?���?B?�??��k���?$�8u?�?cs�8J�N�?Z����j?��A^]]>&#x7f;<![CDATA[�t|?�??2���?9�Y�R�Т?G���c��?y�?�]]>&#x7f;<![CDATA[������C���٥��hy�^v��t?ed��?j��}?����"u�?�?��?Α�j�5}��Č
]]></system-out>
  <system-err><![CDATA[]]></system-err>
</testsuite>
