<?xml version="1.0" encoding="UTF-8"?>
<testsuite name="vrielynckpieterjan.encryptionlayer.IBEDecryptableSegmentTest" tests="1" skipped="0" failures="0" errors="0" timestamp="2021-04-02T14:43:01" hostname="MacBook-Pro-van-Pieter-Jan.local" time="0.321">
  <properties/>
  <testcase name="encrypt()" classname="vrielynckpieterjan.encryptionlayer.IBEDecryptableSegmentTest" time="0.321"/>
  <system-out><![CDATA[��??sr?8vrielynckpieterjan.encryptionlayer.IBEDecryptableSegment����*�m�???L??encryptedSegmentt?$Lcryptid/ibe/domain/CipherTextTuple;xpsr?"cryptid.ibe.domain.CipherTextTuple7-@?ȠTV???L??cipherUt?0Lcryptid/ellipticcurve/point/affine/AffinePoint;[??cipherVt??[B[??cipherWq?~??xpsr?.cryptid.ellipticcurve.point.affine.AffinePoint�#?U?�a???L??xt??Ljava/math/BigInteger;L??yq?~??xpsr??java.math.BigInteger���?�;�????I??bitCountI?	bitLengthI??firstNonzeroByteNumI??lowestSetBitI??signum[?	magnitudeq?~??xr??java.lang.Number���??���???xp����������������????ur??[B��?�??T�???xp???@�v�`?�06�%�?V?�~M�$��?',	����,?Jp=U��.�8|��?�p)??'��7?�CY{xsq?~?
����������������????uq?~????@z�=�!�?[�=��&��t?��+C?��i�ī��z{/�>.?S ��{] <��
[pz�7�p$�d@a�/�xuq?~?????@)ǣ��Eɬ�?��\�%?��uq?~????����[����J�����?lem��� �[5���??���3��?w�����m=Jj��!D�B?�?]]>&#x7f;<![CDATA[[U����s�L�OtKDD����p??��F��2l`ot{�aM?�?�)??p]]>&#x7f;<![CDATA[�1����`|�?|Hz.���R�n�D�T�&Bj��CF\�`�hr{�[��?��x��?�\2<?�va�X�Y�J?�e�]�jy�a�>�$�X��)U?;�Hm����Ӵd��?���K??�?lg�i��?�t�R�`3.4F�
r�KDU�{��g�����?�,!�?a3�?�?83?��?! �}C}4[��?�"WCm��??�C��Z�$���?3�z{C(�?�����c w�i?�?����ϓ�\vL??��7��;�2�Aֽ?�
���&��"-,3�-�?�Z?��U���e_?D\�<?a?�u��o�&?[k��	��1?`eQ	�?��Ď�=�z:;L�O�?e�SIW~?X?DO�����w�C�?t=p
]]></system-out>
  <system-err><![CDATA[]]></system-err>
</testsuite>
