<?xml version="1.0" encoding="UTF-8"?>
<testsuite name="vrielynckpieterjan.encryptionlayer.schemes.IBEDecryptableSegmentTest" tests="1" skipped="0" failures="0" errors="0" timestamp="2021-04-03T15:45:07" hostname="MBPvanPieterJan" time="0.327">
  <properties/>
  <testcase name="encrypt()" classname="vrielynckpieterjan.encryptionlayer.schemes.IBEDecryptableSegmentTest" time="0.327"/>
  <system-out><![CDATA[��??sr?@vrielynckpieterjan.encryptionlayer.schemes.IBEDecryptableSegment��� ֯????L??encryptedSegmentt?$Lcryptid/ibe/domain/CipherTextTuple;xpsr?"cryptid.ibe.domain.CipherTextTuple7-@?ȠTV???L??cipherUt?0Lcryptid/ellipticcurve/point/affine/AffinePoint;[??cipherVt??[B[??cipherWq?~??xpsr?.cryptid.ellipticcurve.point.affine.AffinePoint�#?U?�a???L??xt??Ljava/math/BigInteger;L??yq?~??xpsr??java.math.BigInteger���?�;�????I??bitCountI?	bitLengthI??firstNonzeroByteNumI??lowestSetBitI??signum[?	magnitudeq?~??xr??java.lang.Number���??���???xp����������������????ur??[B��?�??T�???xp???@z��?K�?�?���R}��_?6Rh??ʔ�x?�q9*�����?��??��F.?�K��Ӑ]]>&#x7f;<![CDATA[?�Ϗ6Lxsq?~?
����������������????uq?~????@6"��0���??N�P��W?���\�jq??wyw�:�	?�>�?{l�&�z�Ks?��!?Cf?q��.�?j
�xuq?~?????�V��v�h_?�Ұ�s�|?�f�uq?~????\8�9^���M�`K���Od?��v�D�CC&K�����XJ??�ҹQ�W����?�?�L�8K�7=І��O��1e۬��m�I���?�b�=9??t(^ā�?�\ѥul{�X?�AV?�.l?$�QU��MQ&����?1�L��/?�����5��c%�V�,?��ﯲ�kK��.�??y?;j]N��0le��??eSyX��)?o�rG?�%���uq=��6�E?�@#?��#U??�&�(H���?{&�kd��${���?G�Fk�I'�ב�$�Z�A?���fH6A�?�a?Ie�3@]]>&#x7f;<![CDATA[]�*��Z�]���,^B�lZ�6)J�uj:,_�T��w~k?.���2�??ͣ�y8��?lV�-ܬ�?Z���p^�?�*W`����Z?�?8W�2���ÙI�����t&�1K��?�j	c?�K???�����V����=����,�6�?(x�$��s�ru���%?����r?�HM�S�`n���Ea��	?�ݱǛ&&_<�MA�	�*�G��Y?`S'$FsDP?1SI :�����3��?BaG,�I|?IG)T�?>�����?	�]��?-�}�(�� ?�??�m�Zh�I~�GO�6�o��y?Y??���a�?��??�?+P���??*�:��;�?a��m���w�����?ߔ'������
]]></system-out>
  <system-err><![CDATA[]]></system-err>
</testsuite>
