<?xml version="1.0" encoding="UTF-8"?>
<testsuite name="vrielynckpieterjan.encryptionlayer.schemes.AESCipherEncryptedSegmentTest" tests="2" skipped="0" failures="0" errors="0" timestamp="2021-04-07T10:35:02" hostname="MacBook-Pro-van-Pieter-Jan.local" time="0.334">
  <properties/>
  <testcase name="encrypt()" classname="vrielynckpieterjan.encryptionlayer.schemes.AESCipherEncryptedSegmentTest" time="0.002"/>
  <testcase name="nonStringEncrypt()" classname="vrielynckpieterjan.encryptionlayer.schemes.AESCipherEncryptedSegmentTest" time="0.332"/>
  <system-out><![CDATA[��??sr?Dvrielynckpieterjan.encryptionlayer.schemes.AESCipherEncryptedSegment��?\?t[�???xr?Avrielynckpieterjan.encryptionlayer.schemes.CipherEncryptedSegment7�2Ĩ�4�???[??encryptedSegmentt??[Bxpur??[B��?�??T�???xp???�K�r�?�G�?��?M���]]>&#x7f;<![CDATA[4v����^���-?R��i�?!��p�?��>z)�����?�j��a���Q[�>?�t�6	{]]>&#x7f;<![CDATA[U�P���o��+J<r��W=�?�^`d�h��ġ 3�3aJ�x�3RVB�l�����FT��??��<��x��V�>���N�o_k�����?�ԕ�?���-?5b?�=5�(1?%�g%UJ�L�X?O�n?�C�����}���l32Q�P `0E`1�GP}ݷݺ�N?]?n��?�?lM�&??���?8[�)?]�����?6�H�m�2�?[Eŭ?�0;r6$,�#�-7c??�,.\���?~���|�ن�~]��gW��hsFH|�?-� �#���^ӳ��(�̻3�@jG�\Ut�?Z.Έ�?^rRl-�1�&M�(�]]>&#x7f;<![CDATA[邉�?j�g�O?+�E��h�?�G[��g���9�ݺ??H=?,���CӪ�aּ�CN�2�-Q�?:ן�???@����k���c�?+E�J?�p0���R��9�?�S^
��??sr?Dvrielynckpieterjan.encryptionlayer.schemes.AESCipherEncryptedSegment��?\?t[�???xr?Avrielynckpieterjan.encryptionlayer.schemes.CipherEncryptedSegment7�2Ĩ�4�???[??encryptedSegmentt??[Bxpur??[B��?�??T�???xp???@??���:�0�y�?ր��<�}?mU�?7���?a��K�\�Qa���y�C��???�V�?��???���?���=��O��y�]?���&��3i?[��q{???�)�ޝ��?��=??�8��[�hS�?�J�AЗ�A?4��L�I�㛌��=�D��!hc��?�L�a�d)r?|~�I1?�R�B�e����!GA��� B����/5'8z�N�?��]]>&#x7f;<![CDATA[��?�|0?_6�fS��+o�??���h8n?�?N�]�1���?�f+�xR�E��![�u?�J�??=�Z�?-�Z���1�?+7TI"p��h?F� ��s�E��#ط�W?����'�A���N�պ�9~�O�?�f��l���|?[�,i��VO����,g��˭�??��n�J���K����oBEd'�r�$�d��ۙ����^i�>�8篩��?`+?}?��8�???Q�?��????��~�,f�AF����w
�?�9���Ucdڹ��??�Jٵ�?�]]>&#x7f;<![CDATA[?�z������(�?�H�m�?�?�8��?)y�o	S��?0�+��a��?B�/����ڸ�??;�0���~�hD?�d=�m?)F@.?��[�/��?�]]>&#x7f;<![CDATA[<Λo���?����Ed��?��??#��f?�Ew�?��JV|Aj0K?h�gL7���?ל??����$�?٬]]>&#x7f;<![CDATA[�s<IQ�A-??�j,?`��?��?Ρ�[��K�?w��?;v	���-6�a?s��b???��h?'?�D"5y�X�)�;�s��]��]b!7`�ju�ʮ���[�Q�8�?j�U��da�ۼ�?��^�S�8#??��r�P9��s�1�w��+q��s�X���X�h?�?ޕ�!i��c?4��Ǿ?}���?��3�`���7�¬�,RrB��>�K]f'�a�n&?�><m��[?�?��$o�?�;�?��?	�`�w�aff�%t>�J��?�����\U�???�NИq��?��wHu�]]>&#x7f;<![CDATA[�?6?��"���^}��$�&࡯�:?a�?`�Q&?�DLz??[fKS?:�xB� ##����{;�?�j�[O�[U��R2�q�??e7��4����ǚ?<��Q��?�di���&�|S����o$<���&�!���^m^(z)�M�g�Q?�?_��?��?Q�?�^??�!
�?�?�>???ga�]I?????*�\??�����u?�Y�??�?@?JPG�m��?#��v��O0?���ų2��?���JV�Y?E�h�J�6�5㰏�3?�]a�?���?�"U�;�G�=�?~?(�}�����@?�)��]]>&#x7f;<![CDATA[��<Z���L�[��{?�1?���M01�?�?Y��5K�̑"~?͚N�����B,!?vnh�?�X�L�V<???�8?��&��g�F�f??�HB��{?q�Y�h'"�9?84<X?�<�?��?�*�К�`��/b??n�A�&�?�?����w1tï?�_�??��7��\V�/��y'?��u��c�ʌ�??T��\ֻ�8e��Z7Ki�f>%�\��Wୌ~�c5�ua�1�?H�?L�[��{?�1?���M01��> r����?��E��4��?��R�6�zT*?JL�
H�������F??�@�x�)��4?-���?-O:h�Ӗ���Y�N�6�<�?��?�*�К�`��/b??n�A�&�?�?��ː��8i����?��y��>}h�I?��d1i8�R��:?����:�q��%J����칎ѯK�U���J?���	u?��.��?Z�;�z?�䄺�ծ??8+�y??���,J?�?]]>&#x7f;<![CDATA[�\�:'.C2"�t�7g����j^���?K��׃�?vȀ?��:�]?��N�*?�m?�a?����F�?����H)+j�T%�8�¶��h�W1<a���FQ7�S���֟�@�?K�??&��G���Ǐ�Ě)�}$��^��?�?�V�?�?eH?��Xo �Hn
�&F��?+�?��!�~�w�??���{	?EE�#jld��?Cn?I�}��~�?���6�?_�,?n�x����/I`P?�����/�?6 z��r�3!��?�{�?
��Íl���?��?�^B�Ʋ?������??�r�M	�.��r�w??�?V��7?#	�lږt?(�(5�cj?�I�?�A%��?�q��?��������?�^F�?+�N\F�0��>�GR������5a?�։��I"YN�9�?1��b�??���p��E�?n8��4��_GǍ�?J��?*�"����"?$f\��qb�!�?/�P1���?��1��䇖�,?B�"�?/#O?������?����?ҶKC?�<!Q^��l�?y��9�d��g�Do��?�����u��;����PWsx?���q�c���l
�P�w��n�??)��/c���e��?���]X5'���5�-J?Nb?V`��U�͒��?@K"c�z�t]�?���q~w���Gⶎ�OF?Ls܏�t��hM��X�:�솉��ÐE�<��?�6q����V)_�5��z�f	<����B?�JB��xb~���!��P�&6k�[�ґ%��ݜ�l6��?��d�=s��L��b�7tC��?���?��3,??R?U���Ckohb?�?f�������~dQ��=u��lUs}oɸh??䵖M����o]]>&#x7f;<![CDATA[-��� ��IR�-?'m��b]�*?:3?�w�*?T����̮�Y?�?�5�cm�Пh�?�?�?P�l�ld8?f�?�?�c?uz���yz?��?~��??�L�4��W\������>�?Jɹv�?¶ϏSc��#��4>��?�ɋr	m���5�??*E[[f��?Z?��iH�4R�N�??�ȭ�$��,}?�@��??.�|?i��?{Q�FD?�}���7�x�i�Gc��D&�(??���,ȍ���Z��u�썵ɞ�eEq�Kn�6\���.�?�&-y��?�?�
��<�Th�6WQ߭r��K��^?��?�ej��?
x??q���ov!�2�ߚ&t�8TV��0A��?�?�N��?R��v��=W������zJ�٠w�?�?+��D?)??a�?��?]]>&#x7f;<![CDATA[�mT?�?Ċ	6�l��?`\�d?,:��	-�??">?t�L��@V?g���
�?���oL?1���[<�Պ��&cF��+6��d��X���O��	�G��6&�2�]]>&#x7f;<![CDATA[?k�zʌ�?d�qY��?�.������Dְ?��?�j�Q6}G\??�f$�Ymպc[�������:?� S��?ԁ={f��l?-??Gs�?;�4?��]͒�@��j�Cn�}??��>�?j?���_AAm|�?�i��,��.%ϐA�0�]]>&#x7f;<![CDATA[��F]]>&#xf1c00;<![CDATA[�<?�{?�c�\?���7���0���`��ع0?o?G�X�?�?�?�ʭ��N'�?C�:�"/��FP�?{H?A??�a\s{��?��������Q?x���[���H�*_��O>*�/?_k0X?�??e�m&�?��{?�??��]]>&#x7f;<![CDATA[���/^J?G`�?��x?D?�Nj��]�s]]>&#x7f;<![CDATA[6�3d�R?�2nP�ސ,'?ﭩ&��r4��?��q��Вm�??�"1�Z��ڨ?A�?��z?�?�)?�,�_M?�Px��2!��$/c4V??��уG0<0?�???S?��&���#���n??>?}T;�vN8��iնx3٩"�Y��1?�2"&]]>&#x7f;<![CDATA[�G� E/XJ;B:���??�
�>ɬo�M���2�0���>2���?6w�!��@��z��?M��?ze?hs�,B[W��4�?_���Ҳ��e?
&2ɧ??�<�?Kk]]>&#x7f;<![CDATA[��r�����?7��7$�?��0.��:�,Ch(���Ø�*h�-�N�?t?�b
p
�k³���J?O�U�Sw�?��z/D�/�L&v?���?[D]�?:��?���3?�+?�	��n��"?q���j9�T:�?��'?�M�g�^?9Ue�,9;���hGL�[��{?�1?���M01d�S���R9Ə�w���1�y��?�4�؜e!{Bba���R^��W2��C??�"r�]��(�??��2�����F����ɢv}?"�?e^?D>F�vS��G��?xWL�[��{?�1?���M01�X�`۫�4Ȕ�]]>&#x7f;<![CDATA[WhWT?�q�N?��+���α/P����?jC�Keđg�??�F	?H���?�`�W?��N�E����?A�Ӌ�皵<�?��?�*�К�`��/b??n�A�&�?�?��ˁ�v�a?n???�??�L��߃W�zt�l�?p��֜K? ��5��v80Ҁs��MGm�ݲ���dc�e5M?�r�;���>�?	��L�[��{?�1?���M01�c��5?�9& �&?�ʋ���?�?D�QR}0Ӯ?�]=��Z�??�߶��ŷZ�/<7<�����y���?h��[2�1z��'{�<�?��?�*�К�`��/b??n�A�&�?�?��˖�x�<d���`?1?����`���(����?�.P���	��¸¶?LT-Tg???�m��+?YI��?xzzT�#??VX2?9��V����䄺�ծ??8+�y??���,J?�?]]>&#x7f;<![CDATA[�\�:'.C?�??D�?��W�?B�?
]]></system-out>
  <system-err><![CDATA[apr. 07, 2021 12:35:02 P.M. vrielynckpieterjan.encryptionlayer.schemes.AESCipherEncryptedSegment adjustKeyLength
INFO: [vrielynckpieterjan.encryptionlayer.schemes.AESCipherEncryptedSegment@0] A key of 10 byte(s) has been provided for the AES-256 algorithm. The original key will be repeated to obtain a key of 32 bytes instead.
apr. 07, 2021 12:35:02 P.M. vrielynckpieterjan.encryptionlayer.schemes.AESCipherEncryptedSegment adjustKeyLength
INFO: [vrielynckpieterjan.encryptionlayer.schemes.AESCipherEncryptedSegment@37d05efb] A key of 10 byte(s) has been provided for the AES-256 algorithm. The original key will be repeated to obtain a key of 32 bytes instead.
apr. 07, 2021 12:35:02 P.M. vrielynckpieterjan.encryptionlayer.schemes.AESCipherEncryptedSegment adjustKeyLength
INFO: [vrielynckpieterjan.encryptionlayer.schemes.AESCipherEncryptedSegment@0] A key of 10 byte(s) has been provided for the AES-256 algorithm. The original key will be repeated to obtain a key of 32 bytes instead.
apr. 07, 2021 12:35:02 P.M. vrielynckpieterjan.encryptionlayer.schemes.AESCipherEncryptedSegment adjustKeyLength
INFO: [vrielynckpieterjan.encryptionlayer.schemes.AESCipherEncryptedSegment@f7ae56ef] A key of 10 byte(s) has been provided for the AES-256 algorithm. The original key will be repeated to obtain a key of 32 bytes instead.
]]></system-err>
</testsuite>
