<?xml version="1.0" encoding="UTF-8"?>
<testsuite name="vrielynckpieterjan.masterproef.encryptionlayer.schemes.AESCipherEncryptedSegmentTest" tests="2" skipped="0" failures="0" errors="0" timestamp="2021-06-20T19:27:26" hostname="MBPvanPieterJan" time="0.202">
  <properties/>
  <testcase name="encrypt()" classname="vrielynckpieterjan.masterproef.encryptionlayer.schemes.AESCipherEncryptedSegmentTest" time="0.002"/>
  <testcase name="nonStringEncrypt()" classname="vrielynckpieterjan.masterproef.encryptionlayer.schemes.AESCipherEncryptedSegmentTest" time="0.2"/>
  <system-out><![CDATA[��??sr?Pvrielynckpieterjan.masterproef.encryptionlayer.schemes.AESCipherEncryptedSegmenth�<�Cc�@???xr?Mvrielynckpieterjan.masterproef.encryptionlayer.schemes.CipherEncryptedSegmentC�si_��???[??encryptedSegmentt??[Bxpur??[B��?�??T�???xp???�K�r�?�G�?��?M���]]>&#x7f;<![CDATA[4v����^���-?R��i�?!��p�?��>z)�����?�j��a���Q[�>?�t�6	{]]>&#x7f;<![CDATA[U�P���o��+J<r��W=�?�^`d�h��ġ 3�3aJ�x�3RVB�l�����FT��??��<��x��V�>���N�o_k�����?�ԕ�?���-?5b?�=5�(1?%�g%UJ�L�X?O�n?�C�����}���l32Q�P `0E`1�GP}ݷݺ�N?]?n��?�?lM�&??���?8[�)?]�����?6�H�m�2�?[Eŭ?�0;r6$,�#�-7c??�,.\���?~���|�ن�~]��gW��hsFH|�?-� �#���^ӳ��(�̻3�@jG�\Ut�?Z.Έ�?^rRl-�1�&M�(�]]>&#x7f;<![CDATA[邉�?j�g�O?+�E��h�?�G[��g���9�ݺ??H=?,���CӪ�aּ�CN�2�-Q�?:ן�???@����k���c�?+E�J?�p0���R��9�?�S^
��??sr?Pvrielynckpieterjan.masterproef.encryptionlayer.schemes.AESCipherEncryptedSegmenth�<�Cc�@???xr?Mvrielynckpieterjan.masterproef.encryptionlayer.schemes.CipherEncryptedSegmentC�si_��???[??encryptedSegmentt??[Bxpur??[B��?�??T�???xp???�A??�?��;��j?�?�KиuXv��?�Fx:?s?�j�xP-�|?Fm��A�6��j�
ҁy??m&ʿx�J?_��@���=?N?x�Ǔ�_?��� �?�?�N6��){]��+�Tr +ǩ�,Ĝ�m?���w�?Y.�?�����;�?qO$�l?�? P�B\o㢕�W.P�?�?=G?]??e!��bOn�nJ�]���s?
�_s�d3/�k�??$�I��3?�??�&?}�1���?��_X�$�y�Q/ TcB�,�h�?���lV�P-�����w�?۪zcY��I�?U���E��?.��G���SR?�{�9�A�X��??�?�}<�1�	q�r?�}#4x8{>�?�v(k�q<�Ӑ|`���#���&?��|����Hr6��?Z8hp*�.-_??j?��������;��Y�a�?�?Z�@?�	y_N\��r3�c.7.��Ԕ�p�^l�k\?E5H��??�(��?��?<{A4�㮳����K����d�o��:?�c�x��+��]��!���Lڛ�{3�Z��������p�z׺?��5҅��^?�@��?�}�tN<�9"[�v�?��M��?�ۊ�U���$%]V�О�
� ]D?�5�S;̾@�k���m���?�_�S�?1?���u���^_?p���?�sZ$��L?ʢ��,O�M�|
?�?��?ms����ѵw�ձ�\�~��?�<���w�?�/�gm�=H?�g"ʡ��?Ճ�?�?ҧ`uF?��D'���?P??<??o�X�m�;va5�����UՂ9�JJB?�?P?,"�eX�?�8�7ɫvU�G\��?�GO?�?%g��-7{��FN��{������?��?�B���b0	RD7�?���qj�J��?�Ƃ-���3��U��?}y�K}?؎�r��x�p`�&q�@�+�}�?�?�~����?�=^hC??t?�L`�降?�?��6E?��:}?E���0�?L'�?/�d??}��}X��Ľ�,?��U�㠍M1q?��
@so��p��{�.7f��
cH<��Ǒ ?���/ͽ*�W��|Q�� *�Z�?��Υ�?(��K��lL��b�/?i���?{?���xm�Y��l?���E��n�}{?\��^�?<�Id��մ��C�(eăW*m�GDt�������AD�l$�?c?gIt3�?�{f�Va����L��>"c,�?�v�O��Ҁ���?@p�C��P?�]����~?(BM]��~�?�'�b!-\�x�<	���<{4۱�W�t�&m��>Y?.I>Lk�e�!����t��e�?*�������0?|n��j�}H�"�w��co�]]>&#x7f;<![CDATA[�ޅ�sպ���GDX���d��j ����*?�'�BH�kXNº"aa�!�]]]>&#x7f;<![CDATA[�@��?vF�F{ ���R2�q�??e7��4���:,|�?�Y=�??�?r����WIrD�?�����H/{����p�??y�gb����IR���|֚���A�?��7?�$����?}��
?��˼�?��?"�����t��e�?*������ �&D����U?�-?S��W�U�{fF6˗�m�ɆK�GB�?�?7��O<�I��ͫUg�˒�]?��ݘ�?�5?#�?:�??]|�ٯ�R2�q�??e7��4��?�?K:?^�?sƭj�n�io\R��J?!���cȥs5]`U��?Ih@?x,o�H??u?0�?_�h����`z��v��yI�:7W`?o�L�[��{?�1?���M01��?&oÍ�?�橿�2�?�T�M\?��.����Ig�=�?�ö�{�b?��حS�^W?/�P2gTҮ;��gj?C�?hYϙ��Y�?wO����S?���G?20��2 �?�$%�U?����`�J��?�?��S�0?M8T%M����g�?�?%@����6?�\H]]>&#x7f;<![CDATA[�?�l�?9?zӸG/u*31I�?8?Te�����2�=��m@�x\,����Q�Z�2x?�����?A��%}��vx`�?���s��P�.�LV�t?.آ@��s��Wx�'�@�r�?�+�?j�U�1ܡ_GX�?��?�!��Gu�??y�9^K"*}l?�ъ��ڳ��W?�@t��t����?�?l�9���;��q@6V��ns�M�����IK�?��s?���?�w�Z?i�|N?���}�S�Y�H?�ji��?j���X?��'��ר�2?zpG�?�?�O!�?�?��K�*�/'	����??��<�?��?n�?��O�\?J�)T�?K�Q?�B�]]>&#x7f;<![CDATA[?$1?}%Ō�;�eۍi�VJ�r?�K��3��$`.��?ԋ�o�nF?��fW�\����&B;�?�?ķ8>��?d�?y�0��P~?3R�SI?���ـ���?�?��WJ�x�?��V�?7�W,�C�?p{+/���X��?��M���Z7kK��,�ٕV??�#Q?�?���5�B��?�.�0�Ӊ��ا�?�?{���?�f�D��?��?�E�_�o�R}?�??&����?��8W[�]]>&#x7f;<![CDATA[���?�MS����n]��M?/��?��X���@څ8?ǻ�;y8���)U��q��p\�???߇�G��a�?��
��Bm#��fl�#��u�6����^����?��1����@ &���ꙿ��,?�M�E.�td�)�?+�.�/�I��q�ru�]]>&#x7f;<![CDATA[?�C?K�/�[??"��?��wee�?_E�v�^OZ?N��O?n�W�?~_�?��?�?�ҭ��*��Ba�l1���?I��%�P?�w�S?�~���מ�O��z����́���???�?��F�?�AL޲��.}��z}p?��dx�"p�X�?=e�?�<�?ͣ	A:?��9J?#8�J���?�?�	&ytL��Z��*?V��dٰbs??V?��Y>"G�^?|��^��?_������?\(����)��}M8]]>&#x7f;<![CDATA[���"@Y!?Wل������?�a"N��RI����U�?�}w�0�+?7?{��	���?���np���S��]	5�u
?<5?.?�?��7�᤹]s���:�?5�D?�:??��1���f��?%ۓ#�&��T#_?;3�z��>�ħ�?[�޵��b��d�?x�ǆ�bK4Eΐ��/��?d�U_#:IUR�K��a�?���a���ֶ?�a����������?%�?��
>����nj�L�4���P���'s}���?��S??�?�TVEϦ�3�zR�?|p��)�W�?V��?�?�XL�??L���?_9R{v����0�	EzX?B����S?��
^#��c�I��-�Ņ?�Ž??�??�W4R2TT�Jq�?�ڽ
ʺ!�?G�9��q\�p�??ݩ.��n��&��%]h璚�?�G�?]]>&#x7f;<![CDATA[�ңdt����ԝ5�3?�Z��w��X�Ճ?��fr3��h����#q�U�z�9�"��#O?��?�3?L?��x�(".�??H;n?��W\�?l�gO2xzU|�M������H���U�l~�C�뼅?$�wv��um�'?�*.��Eދ;?1����?|?f?�?�?H�'�?��.�O
]]></system-out>
  <system-err><![CDATA[jun. 20, 2021 9:27:26 P.M. vrielynckpieterjan.masterproef.encryptionlayer.schemes.AESCipherEncryptedSegment adjustKeyLength
INFO: [vrielynckpieterjan.masterproef.encryptionlayer.schemes.AESCipherEncryptedSegment@0] A key of 10 byte(s) has been provided for the AES-256 algorithm. The original key will be repeated to obtain a key of 32 bytes instead.
jun. 20, 2021 9:27:26 P.M. vrielynckpieterjan.masterproef.encryptionlayer.schemes.AESCipherEncryptedSegment adjustKeyLength
INFO: [vrielynckpieterjan.masterproef.encryptionlayer.schemes.AESCipherEncryptedSegment@37d05efb] A key of 10 byte(s) has been provided for the AES-256 algorithm. The original key will be repeated to obtain a key of 32 bytes instead.
jun. 20, 2021 9:27:26 P.M. vrielynckpieterjan.masterproef.encryptionlayer.schemes.AESCipherEncryptedSegment adjustKeyLength
INFO: [vrielynckpieterjan.masterproef.encryptionlayer.schemes.AESCipherEncryptedSegment@0] A key of 10 byte(s) has been provided for the AES-256 algorithm. The original key will be repeated to obtain a key of 32 bytes instead.
jun. 20, 2021 9:27:26 P.M. vrielynckpieterjan.masterproef.encryptionlayer.schemes.AESCipherEncryptedSegment adjustKeyLength
INFO: [vrielynckpieterjan.masterproef.encryptionlayer.schemes.AESCipherEncryptedSegment@e3a0b39c] A key of 10 byte(s) has been provided for the AES-256 algorithm. The original key will be repeated to obtain a key of 32 bytes instead.
]]></system-err>
</testsuite>
