<?xml version="1.0" encoding="UTF-8"?>
<testsuite name="vrielynckpieterjan.masterproef.applicationlayer.attestation.AttestationTest" tests="1" skipped="0" failures="0" errors="0" timestamp="2021-04-24T08:17:16" hostname="MacBook-Pro-van-Pieter-Jan.local" time="0.275">
  <properties/>
  <testcase name="isValid()" classname="vrielynckpieterjan.masterproef.applicationlayer.attestation.AttestationTest" time="0.275"/>
  <system-out><![CDATA[]]></system-out>
  <system-err><![CDATA[]]></system-err>
</testsuite>
