<?xml version="1.0" encoding="UTF-8"?>
<testsuite name="vrielynckpieterjan.masterproef.apilayer.macaroon.APILayerMacaroonManagerTest" tests="1" skipped="0" failures="0" errors="0" timestamp="2021-04-18T09:50:56" hostname="MBPvanPieterJan" time="0.058">
  <properties/>
  <testcase name="registerPolicy()" classname="vrielynckpieterjan.masterproef.apilayer.macaroon.APILayerMacaroonManagerTest" time="0.058"/>
  <system-out><![CDATA[]]></system-out>
  <system-err><![CDATA[]]></system-err>
</testsuite>
