<?xml version="1.0" encoding="UTF-8"?>
<testsuite name="vrielynckpieterjan.encryptionlayer.schemes.IBEDecryptableSegmentTest" tests="1" skipped="0" failures="0" errors="0" timestamp="2021-04-09T08:41:33" hostname="MacBook-Pro-van-Pieter-Jan.local" time="0.292">
  <properties/>
  <testcase name="encrypt()" classname="vrielynckpieterjan.encryptionlayer.schemes.IBEDecryptableSegmentTest" time="0.292"/>
  <system-out><![CDATA[��??sr?@vrielynckpieterjan.encryptionlayer.schemes.IBEDecryptableSegmentl\
nʅ�????L??encryptedSegmentt?$Lcryptid/ibe/domain/CipherTextTuple;xpsr?"cryptid.ibe.domain.CipherTextTuple7-@?ȠTV???L??cipherUt?0Lcryptid/ellipticcurve/point/affine/AffinePoint;[??cipherVt??[B[??cipherWq?~??xpsr?.cryptid.ellipticcurve.point.affine.AffinePoint�#?U?�a???L??xt??Ljava/math/BigInteger;L??yq?~??xpsr??java.math.BigInteger���?�;�????I??bitCountI?	bitLengthI??firstNonzeroByteNumI??lowestSetBitI??signum[?	magnitudeq?~??xr??java.lang.Number���??���???xp����������������????ur??[B��?�??T�???xp???@,lq���W�Y�˚�IC?1?w? t/��H0j???|?�N�� s��??���:�1�[\����Gǋ&�?�xsq?~?
����������������????uq?~????@{� �>�����j�8�6���XvT���E\?����Սʷ��	g��]]>&#x7f;<![CDATA[we��Mդ�4~?_$�~n1y��xuq?~?????�,�?.*�Z?����
.W�Y��uq?~????\w45]��.���ޣ*?�?�L	�5I�D�٥.����љ�y?��_����??I<��0n�O?��. �Z��?]]>&#x7f;<![CDATA[�W���٤D??��>��P&N�??`��}k��?����Ɔ<��zM|?�/��G�c݊�?xWl�?�A���2j��j�g�?b�ѤNo]��{�?��??vW"�\?�]]>&#x7f;<![CDATA[�R�������G㮒@r*�%�+G@H_����/V��B�c�g��y�?"?]�Gh�|��?#�?1ӈSsv��?͹?f� �Y#�篑\d�=}�?T��E�_??w�/l�̏?��>Ε	3W���?":�?چ?�,�?2�ZT���L?���A�Fz8� �?11i�Z��?�L$��0��N��K�??w��Z{����t�? ��f/C���?�a�1��?��5�?i?g<��u|��t�S�A/�h��;�yT?����???^��0pZ�?�SY����+����l�?%�?�?y?�u]'���?g"���I`��?�ǩ+`?�@C��+]]>&#x7f;<![CDATA[�ݕX�;�EtxlO?/�h�Kư��*�U?z�?��W{[]��#x���@̽?�?%���ݤz0O�?�??i�s=��=9??���3�t�A���a�e?�K??}{?p�?k�/?n�'5e,��#&p��ky�?2�o�=6o?F��
]]></system-out>
  <system-err><![CDATA[]]></system-err>
</testsuite>
