<?xml version="1.0" encoding="UTF-8"?>
<testsuite name="vrielynckpieterjan.applicationlayer.policy.RTreePolicyTest" tests="3" skipped="0" failures="0" errors="0" timestamp="2021-04-02T14:42:58" hostname="MacBook-Pro-van-Pieter-Jan.local" time="0.011">
  <properties/>
  <testcase name="generateRTreePolicyForNamespaceParentDirectory()" classname="vrielynckpieterjan.applicationlayer.policy.RTreePolicyTest" time="0.007"/>
  <testcase name="testToString()" classname="vrielynckpieterjan.applicationlayer.policy.RTreePolicyTest" time="0.001"/>
  <testcase name="coversRTreePolicy()" classname="vrielynckpieterjan.applicationlayer.policy.RTreePolicyTest" time="0.002"/>
  <system-out><![CDATA[]]></system-out>
  <system-err><![CDATA[]]></system-err>
</testsuite>
