<?xml version="1.0" encoding="UTF-8"?>
<testsuite name="vrielynckpieterjan.encryptionlayer.schemes.AESCipherEncryptedSegmentTest" tests="2" skipped="0" failures="0" errors="0" timestamp="2021-04-11T07:54:04" hostname="MacBook-Pro-van-Pieter-Jan.local" time="0.24">
  <properties/>
  <testcase name="encrypt()" classname="vrielynckpieterjan.encryptionlayer.schemes.AESCipherEncryptedSegmentTest" time="0.002"/>
  <testcase name="nonStringEncrypt()" classname="vrielynckpieterjan.encryptionlayer.schemes.AESCipherEncryptedSegmentTest" time="0.237"/>
  <system-out><![CDATA[��??sr?Dvrielynckpieterjan.encryptionlayer.schemes.AESCipherEncryptedSegment��?\?t[�???xr?Avrielynckpieterjan.encryptionlayer.schemes.CipherEncryptedSegment7�2Ĩ�4�???[??encryptedSegmentt??[Bxpur??[B��?�??T�???xp???�K�r�?�G�?��?M���]]>&#x7f;<![CDATA[4v����^���-?R��i�?!��p�?��>z)�����?�j��a���Q[�>?�t�6	{]]>&#x7f;<![CDATA[U�P���o��+J<r��W=�?�^`d�h��ġ 3�3aJ�x�3RVB�l�����FT��??��<��x��V�>���N�o_k�����?�ԕ�?���-?5b?�=5�(1?%�g%UJ�L�X?O�n?�C�����}���l32Q�P `0E`1�GP}ݷݺ�N?]?n��?�?lM�&??���?8[�)?]�����?6�H�m�2�?[Eŭ?�0;r6$,�#�-7c??�,.\���?~���|�ن�~]��gW��hsFH|�?-� �#���^ӳ��(�̻3�@jG�\Ut�?Z.Έ�?^rRl-�1�&M�(�]]>&#x7f;<![CDATA[邉�?j�g�O?+�E��h�?�G[��g���9�ݺ??H=?,���CӪ�aּ�CN�2�-Q�?:ן�???@����k���c�?+E�J?�p0���R��9�?�S^
��??sr?Dvrielynckpieterjan.encryptionlayer.schemes.AESCipherEncryptedSegment��?\?t[�???xr?Avrielynckpieterjan.encryptionlayer.schemes.CipherEncryptedSegment7�2Ĩ�4�???[??encryptedSegmentt??[Bxpur??[B��?�??T�???xp??�??���:�0�y�?ր��<�}?mU�?7���?a��K�\�Qa���y�C��???�V�?��???���?���%?��??�p��?\ʈA��-4�n(T5ܱ�|�)�ޝ��?��=??�8��[�hS�?�J�AЗ�A?4��L�I�㛌��=�D�E5u��?�D1�'Z�8�?|~�I1?�R�B�e����!GA��� B����/5'8z�N�?��]]>&#x7f;<![CDATA[��?�|0?_6�fS��+o�??���h8n?�?N�]�1���?�f+�xR�E��![�u?�J�??=�Z�?-�Z���1�?+7TI"p��h?F� ��s�E��#ط�W?����'�A���N�պ�9~�O�?�f��l���|?[�,i�i�ӝC�X��`V�_7�]�*|�S��B�\�>4[?�Q>��&�?�5?�?�x�?�w?rB��vǏ=$?J5��?#fW�j��4�H��#??�:�?w�����R�ɨ?F?��$�p��9̹!?�F�??�N�E�E��J�	����#�-�??d���??58�+��覓mCw��w7g�)=���^O2�?��qo�?۱?�����???�eΏ�&����vX��Me��@/�`�}�0�$�� u݅��??�����xU??�v]�3*�9?�8����??��]]>&#x7f;<![CDATA[��Y9���Ւ?|?��w?_SM�*Ʉ쥗N?�ò:���Z6�)�ฯ(e�??�єK�b���ϏW)��2�??�'?���O8�a�?�MQ�k?N��+ހČ?���?
�;�M����?�x��?Zm�&�?�F1ja�]D��\�<������ӕ�~�<�?�?Q��t��;1k]ZF�d�K��?d;���q(�<�3?�p��d�dU���?��E��2CWb�?8SQ�??�s]]>&#x7f;<![CDATA[��I��Uw?��LJ?PP�N]�s��w<�W?��-��p�B��C�P�ǇÅ�J�?���K
?O�?b���&�???�af�?tT�l]]>&#x7f;<![CDATA[�4�`Aw
�?6=?ҩ5?˺Z���;Z?�¡ph?n�U� *�<�?��?�*�К�`��/b??n�A�&�?�?���R���r����	?WKঀ��R2�q�??e7��4��<Z���
�?;�M�??�����#41�r����"�%�b?��)?]]>&#x7f;<![CDATA[??��z��y�?�?�?%Y�=��5&��0�0d�,?D��A�����{��XRB{�7V���@�M\�$2O=?:�嘆?B�='H?��?�7tܩ?j?+̈�?����!�$�qHB�)o!�(�9��'?��6ߺl��?�?�?]]>&#x7f;<![CDATA[���?����?��f�O�M��?��Ö�N�pD?�]M?���M?�z?@ى??MbԆ�?���|K�;�=�V�D�7h-?��>�hO?�����߫?�?����?�O�u�'?���j� ?Zx?�X{��'k?���à�7�M��y�U�a~]]>&#x7f;<![CDATA[t=W��?Zvo��?�?J��v��B2?y��Q�J��ET��WX�1����t?�q��=a�u��y�h�?�/���G9��?����?��f�O�-w?�^W���gU���X�LY~��?ēL?]]>&#x7f;<![CDATA[��=I�??�?^S]]>&#x7f;<![CDATA[�3o,��C���j�ؗ�H@����:��ɸ?����?M	�Ɵu�'?���j� ?Zx?�XC ��\?\��?Ô?���^��}S�E���wP*湓?ߖ??�m�6�R;E:�]V	<�?�s��b��?,N.B������*�yS92c?A�eS�f-����?k\��ޤ$S���?�i>�H�T��aI���t:]]>&#x7f;<![CDATA[���]?V]]>&#x7f;<![CDATA[�ST�c�U�?���㔀W��/@�?�(Ʈ��؈)+4	����կYq?��Q#�4�?�\q?���P'�?�0l+��-��$�v_����l��h��?�-@@z.���YI?7.��a?:�y}N\?=��fU?+��E�e�F���{?�?0?�9j?�?���T�?l�gO2xzU|�M���?���rj?�fE���d�$��Q��Ϋ�3W�]]>&#x7f;<![CDATA[VL��?%2"?�����Dq�.?�.�Ÿ���|?��z �?>}�ꟸA���%�U�f���k�/�D�?�?�8�a�n/-���fp��?��R?3��U�拳j	y�r�*�0r?�`�$���Z�#.��?�gi]]>&#x7f;<![CDATA[�s0�#��'�Ч��
��Z�攸??�?��P�Ә�>'_n|�d����Ё��m��ַ?+����0�6�,?�v~ٸbk�A���??p>\�?�?�=tq��,��v�`t��e��?b��)<??�??�U�-aNE?��?�[?b�朸�?*d��??H�n`��??��]]>&#x7f;<![CDATA[ueO���,?�H"D�?$?�??X]qT�\�LF8�N[.??fEҽ��,?�R��#M��?��?-�?:��Y?_�?���?��?f)6I�'b�}�?���	A?��?���?�<y�?�?0?���?�4q�M(>4��eן�.i�X??�C���(���I�??�z7��6���Ĉ��?T�u%ꩈ�=`3?d
�;�t΁]�?J>�*��R�M�,i'�f@���,���zȧ����Q?I�m�??�k?���o���Z]��P�??�E�?�����?0��?c��[�q�]]>&#x7f;<![CDATA[y?l�Dh?�㡦d?`e-L*��p�?!�%p�j�?��ZFb@���u�%8��]?bHZ?f�M]]>&#x7f;<![CDATA[??�?�?�nԳ�??�p��5����f?���???��f?����
?���#%G.�?�?�\?C�?�H�G�&I�]���{�X5?~�?
�x?��_�@���2?��$oL?���?kPA�Z���Կ����??_ŬIޛ�5G�oӀ&?=��<���ݩx�9�ΎX����?�&k����������?����?�Ӧ0�b�׳���M���?v]ݶD���m�t<(p=?��g
&��&�Y��>?C?in}���:�i�?lv�;����r�h�B�4��2�?O�?�?S���'��]��"�?���"���vO]]>&#x7f;<![CDATA[GR??�E-?�~�թ^���L��~�=v���X��?k;?B��t�mhae�?�+'(?'���_T?���GP����? ��o6.�kT"�����B?��?d�:��?���%���L2$?֭pTW�F9.�V?�*'~jXN?2>;?��?*劷K$b?T�",��k�R�$여9/1?���?�?��hb=a?�^
��?�<��?5!JOoj2o���b
q��R_#�(���?��j}h�1:?)X�<K?p��O�X�?�s=���1@?~���΃�I�/b�z��{��?O$}7O?�?�??@N�k��7Ƭ��EH??��s?�,S?���J�AGF�qL�?;�!�&%qgh`??#�)l?��
?�E��Kgt*y#T�t?Kw?N:��	'���?�?w]]>&#x7f;<![CDATA[Z�U�0��;a)�\�Ǻ�?9�B�?-�2|ƻ@k�I����XA�+dp|?�{��?���7�U�q���\Y�B#*�;y]Ufi�=�N�K�??�����IC_-'�pS��(]]>&#x7f;<![CDATA[�2\�?
�"?q}r��������?�
�$??`��0?�1�?GMĪ%P3�?�YE��4;&�����7�IH�|^+���/K���2I�N�<?�ߌ�op3�N?2*]�?P?�ݕ���6�f�a�e�*�A�A�k5?�??[�A�??8??t����?]?�کB"s假z?]]>&#x7f;<![CDATA[��a��HEƴ�P?�W?��~nj��?z�??�q�xօ0��</���
-�?z�?$?���2���|\����0�Ϗ`�0�]?�5?ׂ?�D??zˏؠ?4?Q�B��]9b�H��϶�U��@�?��?rv�7��n��U�°2�?�|Yu�Ϯ{��H?��]]>&#x8b;<![CDATA[�c���� f,L����?�ms?���Eƅ�p��}�t{?������%�e�.Na?Q?��.~��0UȨ�쾸@�D�>O��-�?Ł�_��v{?�
]]></system-out>
  <system-err><![CDATA[apr. 11, 2021 9:54:04 A.M. vrielynckpieterjan.encryptionlayer.schemes.AESCipherEncryptedSegment adjustKeyLength
INFO: [vrielynckpieterjan.encryptionlayer.schemes.AESCipherEncryptedSegment@0] A key of 10 byte(s) has been provided for the AES-256 algorithm. The original key will be repeated to obtain a key of 32 bytes instead.
apr. 11, 2021 9:54:04 A.M. vrielynckpieterjan.encryptionlayer.schemes.AESCipherEncryptedSegment adjustKeyLength
INFO: [vrielynckpieterjan.encryptionlayer.schemes.AESCipherEncryptedSegment@37d05efb] A key of 10 byte(s) has been provided for the AES-256 algorithm. The original key will be repeated to obtain a key of 32 bytes instead.
apr. 11, 2021 9:54:04 A.M. vrielynckpieterjan.encryptionlayer.schemes.AESCipherEncryptedSegment adjustKeyLength
INFO: [vrielynckpieterjan.encryptionlayer.schemes.AESCipherEncryptedSegment@0] A key of 10 byte(s) has been provided for the AES-256 algorithm. The original key will be repeated to obtain a key of 32 bytes instead.
apr. 11, 2021 9:54:04 A.M. vrielynckpieterjan.encryptionlayer.schemes.AESCipherEncryptedSegment adjustKeyLength
INFO: [vrielynckpieterjan.encryptionlayer.schemes.AESCipherEncryptedSegment@89931655] A key of 10 byte(s) has been provided for the AES-256 algorithm. The original key will be repeated to obtain a key of 32 bytes instead.
]]></system-err>
</testsuite>
