<?xml version="1.0" encoding="UTF-8"?>
<testsuite name="vrielynckpieterjan.masterproef.applicationlayer.revocation.RevocationObjectTest" tests="1" skipped="0" failures="0" errors="0" timestamp="2021-04-24T08:17:15" hostname="MacBook-Pro-van-Pieter-Jan.local" time="0.0">
  <properties/>
  <testcase name="isValid()" classname="vrielynckpieterjan.masterproef.applicationlayer.revocation.RevocationObjectTest" time="0.0"/>
  <system-out><![CDATA[]]></system-out>
  <system-err><![CDATA[]]></system-err>
</testsuite>
