<?xml version="1.0" encoding="UTF-8"?>
<testsuite name="vrielynckpieterjan.masterproef.encryptionlayer.schemes.IBEDecryptableSegmentTest" tests="1" skipped="0" failures="0" errors="0" timestamp="2021-04-24T08:17:17" hostname="MacBook-Pro-van-Pieter-Jan.local" time="0.348">
  <properties/>
  <testcase name="encrypt()" classname="vrielynckpieterjan.masterproef.encryptionlayer.schemes.IBEDecryptableSegmentTest" time="0.348"/>
  <system-out><![CDATA[��??sr?Lvrielynckpieterjan.masterproef.encryptionlayer.schemes.IBEDecryptableSegment[��G�Th???L??encryptedSegmentt?$Lcryptid/ibe/domain/CipherTextTuple;xpsr?"cryptid.ibe.domain.CipherTextTuple7-@?ȠTV???L??cipherUt?0Lcryptid/ellipticcurve/point/affine/AffinePoint;[??cipherVt??[B[??cipherWq?~??xpsr?.cryptid.ellipticcurve.point.affine.AffinePoint�#?U?�a???L??xt??Ljava/math/BigInteger;L??yq?~??xpsr??java.math.BigInteger���?�;�????I??bitCountI?	bitLengthI??firstNonzeroByteNumI??lowestSetBitI??signum[?	magnitudeq?~??xr??java.lang.Number���??���???xp����������������????ur??[B��?�??T�???xp???@?7�XB�]��{8����@l�e�8?.���b�h<�v�?�A����T�3g�^?��4�$��?�@m����xsq?~?
����������������????uq?~????@?�?O?W�P6�,Zp�k��V�X'27N�ei?}~Q��?#�};LE1��9�f���0?�0b?�?��X?�?�xuq?~?????No|�ܫ@?+}}@*?�3�:hAuq?~????\�0��o0ij/?��	3�]]>&#x7f;<![CDATA[��?�R��͕��l?莰?�	?���ʓ�%������*x^�B?�?�5���?��ix|��?�?qR�̨���P[d)�E�~�5��?�?���*ڛ����@�+0je�?�4ɔ�~R�7?�|_^l?�Ƴ�¡��f�Eq�|eӵ�3`W�Z�/S�W�B4$?�>Q�?��?������6����d@���?	>?7�:D?FP�w�?��d??�i=�~+W��X�_M�?
~Ծ�m?��?���%|�?�?b��xfR��O�ޢ��S���e��Atxƙy?�nS2�Y���?�j�?U�R�?2H���f˒�S�?c�.Q?햂�?:�q��]]>&#x7f;<![CDATA[����5SQ?1�x���mH�u?c)�"�?�d��?iD�w؞?E �@��?���ف0����
�C����߷D�,$H��?�0]]>&#x7f;<![CDATA[	?2�q��K��P�?���?u�]�|x�T?s��cJi\���>(??���wG�?��?=xb�a�?�1��ۚ8]]>&#x7f;<![CDATA[�dm�����?��?���?��̳m:/��7??U��x9b�&�]]>&#x94;<![CDATA[����d?!A?�<(^k��
�H1v�\?�20q^FRU��?U5�f͛M�g5����רR?w8����J��^^��f7?I�Kݰ%Ȫ���X�y�?3???&��zA�?-q�
]]></system-out>
  <system-err><![CDATA[]]></system-err>
</testsuite>
