<?xml version="1.0" encoding="UTF-8"?>
<testsuite name="vrielynckpieterjan.masterproef.encryptionlayer.entities.EntityIdentifierTest" tests="2" skipped="0" failures="0" errors="0" timestamp="2021-04-24T08:17:18" hostname="MacBook-Pro-van-Pieter-Jan.local" time="0.541">
  <properties/>
  <testcase name="WIBEIdentifierTest()" classname="vrielynckpieterjan.masterproef.encryptionlayer.entities.EntityIdentifierTest" time="0.237"/>
  <testcase name="IBEIdentifierTest()" classname="vrielynckpieterjan.masterproef.encryptionlayer.entities.EntityIdentifierTest" time="0.238"/>
  <system-out><![CDATA[]]></system-out>
  <system-err><![CDATA[]]></system-err>
</testsuite>
