<?xml version="1.0" encoding="UTF-8"?>
<testsuite name="vrielynckpieterjan.encryptionlayer.IBEEncryptedSegmentTest" tests="1" skipped="0" failures="0" errors="0" timestamp="2021-04-01T19:02:25" hostname="MacBook-Pro-van-Pieter-Jan.local" time="0.325">
  <properties/>
  <testcase name="encrypt()" classname="vrielynckpieterjan.encryptionlayer.IBEEncryptedSegmentTest" time="0.325"/>
  <system-out><![CDATA[��??sr?6vrielynckpieterjan.encryptionlayer.IBEEncryptedSegmentd�?5�3d�???xr?3vrielynckpieterjan.encryptionlayer.EncryptedSegment�6?"
�{f???[??encryptedSegmentt??[Bxpur??[B��?�??T�???xp???G��??sr?"cryptid.ibe.domain.CipherTextTuple7-@?ȠTV???L??cipherUt?0Lcryptid/ellipticcurve/point/affine/AffinePoint;[??cipherVt??[B[??cipherWq?~??xpsr?.cryptid.ellipticcurve.point.affine.AffinePoint�#?U?�a???L??xt??Ljava/math/BigInteger;L??yq?~??xpsr??java.math.BigInteger���?�;�????I??bitCountI?	bitLengthI??firstNonzeroByteNumI??lowestSetBitI??signum[?	magnitudeq?~??xr??java.lang.Number���??���???xp����������������????ur??[B��?�??T�???xp???@?K�fr�?�X9�?$�?|�&�FZ�^_;??c?H$������4	$n�OCZ�֠�k�ZG�F�(�nh�xsq?~??����������������????uq?~?
???@?���P�M:�"O?ؚ�C?;���O�;���T�����Z�Nt�{Z�?_�m��0�e?�
?�������?-xuq?~?
????���ȷ`tG��и_�,�?�Qpuq?~?
???��?W#(���͵}��L?�]�Rp�wf?�o?y�lB$
��p�?��?BxZ?aYZ"���$��??�<�&*/B{���?�<���B?����-���?��:����=��@&*2O����zfw�ޗ?Ht{?�Ė?}_�+r�e��?3�]]>&#x7f;<![CDATA[A���u�Ɵz�1�H�k3�?@dJ~�$C˾oQ?�`%?[�Sn;��?6U,�G~L?�j?;�~��l�h�����1��?�?dVs??3#Iɝغ�x?=��I?T*�???V�vS�wkR�?�x�$�JWN+)��!q]���l���?�g�>8-`K������>��]]>&#x7f;<![CDATA[��%��&Y��?"��62<��߬[4��?�zD~K^g� Jp�u����	�?��b"MtjX�~���"��?�S��?*��q�`�F�׵�h]]>&#x83;<![CDATA[eu�}��0ă*96�%� xB���.��c�B��??8���?�@ocz�F7+uX�)�Z���;?�?]]>&#x7f;<![CDATA[�fl?��]]>&#x7f;<![CDATA[s�?���?�¿?
]]></system-out>
  <system-err><![CDATA[]]></system-err>
</testsuite>
