<?xml version="1.0" encoding="UTF-8"?>
<testsuite name="vrielynckpieterjan.encryptionlayer.schemes.IBEDecryptableSegmentTest" tests="1" skipped="0" failures="0" errors="0" timestamp="2021-04-02T18:19:04" hostname="MacBook-Pro-van-Pieter-Jan.local" time="0.389">
  <properties/>
  <testcase name="encrypt()" classname="vrielynckpieterjan.encryptionlayer.schemes.IBEDecryptableSegmentTest" time="0.389"/>
  <system-out><![CDATA[��??sr?@vrielynckpieterjan.encryptionlayer.schemes.IBEDecryptableSegment�n?�|l{�???L??encryptedSegmentt?$Lcryptid/ibe/domain/CipherTextTuple;xpsr?"cryptid.ibe.domain.CipherTextTuple7-@?ȠTV???L??cipherUt?0Lcryptid/ellipticcurve/point/affine/AffinePoint;[??cipherVt??[B[??cipherWq?~??xpsr?.cryptid.ellipticcurve.point.affine.AffinePoint�#?U?�a???L??xt??Ljava/math/BigInteger;L??yq?~??xpsr??java.math.BigInteger���?�;�????I??bitCountI?	bitLengthI??firstNonzeroByteNumI??lowestSetBitI??signum[?	magnitudeq?~??xr??java.lang.Number���??���???xp����������������????ur??[B��?�??T�???xp???@)���?�pH�.3��XK�.���S���7Jq�Ĉ��=��Ef-]]>&#x7f;<![CDATA[�j�?쟼��K
����Nn(j��?G�Fxsq?~?
����������������????uq?~????@B?���|��?ն��$/?�Lz�N��??v�UX�D����c
G"?+�?�р���n�R�??ڀ��Yxuq?~?????Q��
�A�??]]>&#x7f;<![CDATA[zL%z���g�uq?~????���-?0?Ϫ�b?���b��?c?��n�'I?�~gn9?+#+��?�&?ccWZ=?���?$wL�?O?�O?�?�?-�X͏+b�?���?.?��(?��O??1 ��bK�%Ƚ�?LKl���И6������ߡj��X?v�?�?k?�g�b?�<?j�ǃP{�b_��V'??y�����#e�e���k���N?�??x�?��[1Y�?P�[R��)�ܧX�?���Z�u �Bl��?�??e�?�պ
�{������h?�?ҶL�e?1t�eR���??2�N�?h��u?Z���`N��:ɺYrD'�5rq`���EM��ho@���?#�?�?,h��ԁ�Ö6�(��Z?A��j?�P?�l\� v�ϴ�z!נ&,�hG.��_�Q��?d(e�U�P���?É�SL~N��W_?,?ӳiJo�d�]??�c��?7��ڢ��x�8?�/2?�?ɪ2N??��!��c�h]]>&#x7f;<![CDATA[f?���i�K�?j6?*
]]></system-out>
  <system-err><![CDATA[]]></system-err>
</testsuite>
