<?xml version="1.0" encoding="UTF-8"?>
<testsuite name="vrielynckpieterjan.applicationlayer.attestation.policy.RTreePolicyTest" tests="4" skipped="0" failures="0" errors="0" timestamp="2021-04-06T14:44:47" hostname="MacBook-Pro-van-Pieter-Jan.local" time="0.006">
  <properties/>
  <testcase name="generateRTreePolicyForNamespaceParentDirectory()" classname="vrielynckpieterjan.applicationlayer.attestation.policy.RTreePolicyTest" time="0.002"/>
  <testcase name="testToString()" classname="vrielynckpieterjan.applicationlayer.attestation.policy.RTreePolicyTest" time="0.001"/>
  <testcase name="testFromString()" classname="vrielynckpieterjan.applicationlayer.attestation.policy.RTreePolicyTest" time="0.001"/>
  <testcase name="coversRTreePolicy()" classname="vrielynckpieterjan.applicationlayer.attestation.policy.RTreePolicyTest" time="0.001"/>
  <system-out><![CDATA[]]></system-out>
  <system-err><![CDATA[]]></system-err>
</testsuite>
