<?xml version="1.0" encoding="UTF-8"?>
<testsuite name="vrielynckpieterjan.masterproef.storagelayer.StorageLayerTest" tests="2" skipped="0" failures="0" errors="0" timestamp="2021-06-20T19:27:16" hostname="MBPvanPieterJan" time="0.778">
  <properties/>
  <testcase name="retrieve()" classname="vrielynckpieterjan.masterproef.storagelayer.StorageLayerTest" time="0.007"/>
  <testcase name="getPersonalQueueUser()" classname="vrielynckpieterjan.masterproef.storagelayer.StorageLayerTest" time="0.77"/>
  <system-out><![CDATA[]]></system-out>
  <system-err><![CDATA[]]></system-err>
</testsuite>
