<?xml version="1.0" encoding="UTF-8"?>
<testsuite name="vrielynckpieterjan.masterproef.encryptionlayer.schemes.RSACipherEncryptedSegmentTest" tests="2" skipped="0" failures="0" errors="0" timestamp="2021-04-24T08:17:18" hostname="MacBook-Pro-van-Pieter-Jan.local" time="0.251">
  <properties/>
  <testcase name="encrypt()" classname="vrielynckpieterjan.masterproef.encryptionlayer.schemes.RSACipherEncryptedSegmentTest" time="0.08"/>
  <testcase name="nonStringEncrypt()" classname="vrielynckpieterjan.masterproef.encryptionlayer.schemes.RSACipherEncryptedSegmentTest" time="0.17"/>
  <system-out><![CDATA[��??sr?Pvrielynckpieterjan.masterproef.encryptionlayer.schemes.RSACipherEncryptedSegment?�8f3?��???L??encapsulatedAESEncryptedSegmentt?RLvrielynckpieterjan/masterproef/encryptionlayer/schemes/AESCipherEncryptedSegment;xr?Mvrielynckpieterjan.masterproef.encryptionlayer.schemes.CipherEncryptedSegmentC�si_��???[??encryptedSegmentt??[Bxpur??[B��?�??T�???xp????_�y�}�?M��?�?&�,�Ls�s/�����d��}?Y?T�V��?�F��N�7<?�B�T��������?~�ڐy2�?}�XͿ;���<��YM9�>?� ���R��=faz�Ĳ?�?׸��y��LDK���5�=��﹐r+@��7�?0�]?��4i�w�??bs�p?H���?�=�J�BB�>;��?cq�nP��]��k�?�5)��\?8'd���?�GO�&��?p�?G�D�z,�to�
?��g��D(?���~?�Ŋ�VVh�ٶ/�<_2sr?Pvrielynckpieterjan.masterproef.encryptionlayer.schemes.AESCipherEncryptedSegmenth�<�Cc�@???xq?~??uq?~?????�v��r����5?�?�?珪��������s�rR?n�x?�H�zG=��i�?�%�?0��?0�`?n�H�~�j]��]]>&#x9f;<![CDATA[?o�?uҏ�T`c?/��???ɨ3sT�a]�;떀C"~M?`/˨Tb?|8G�#����jT��r?���?ݙ�kpo>��l�ټ��"?�{��7�?Y�?�N�Z��?�????#g�L��????�t����9�'�w6?�@cj�V�)�#��a�̷?H�A?߃?`~��T?�1�?b��?B???�g�n��`v�9��xa�?�7�e#��;�5?�T�曩:� \�&f,?���#�vs$��s�u�R��E,���{sT��iѻ}�8�<?�.}��?���z�P�L
PZ��-|ӧx�?�?غ9?F5Z?z��?��
�\ ��"\�W�X g)�?�D?A��ؙ�vJ?�?�?]]>&#x7f;<![CDATA[���?L�?�uXG<:#~�z�`�M�L��Z��<g|�C�b\��Fm��I�??]�-\i�fϭ��UG0?��#�?G�*�?k?�'b��(
V���
��??sr?Pvrielynckpieterjan.masterproef.encryptionlayer.schemes.RSACipherEncryptedSegment?�8f3?��???L??encapsulatedAESEncryptedSegmentt?RLvrielynckpieterjan/masterproef/encryptionlayer/schemes/AESCipherEncryptedSegment;xr?Mvrielynckpieterjan.masterproef.encryptionlayer.schemes.CipherEncryptedSegmentC�si_��???[??encryptedSegmentt??[Bxpur??[B��?�??T�???xp????x,4���R3J"���ku?��k�߆���;?,|괡)�?�H{��$S?4T?0}�?6c�x3�W'����W1�?t�#�R[?)KNӎNoa???��h��5[�7��nv��0�?<}��i��Sք����r�q|I��?[?���??QmQ�2?]R�
?�g�"�C���z�d���Ǖݮ��r����k�?f+�?Ss�l�r"<1��69y�?+e��yV7�!3�HF�+ְ����
?���?����"��2�̍?���;P�Ν?��;???���ٿsr?Pvrielynckpieterjan.masterproef.encryptionlayer.schemes.AESCipherEncryptedSegmenth�<�Cc�@???xq?~??uq?~?????��h�:?^]]>&#x7f;<![CDATA[:Y��w6)��?M�؊�4�c�.��Op�K\J?�?�U(��Y����?U�?�P�����xz�?�� ���鈓��r
Q z��ʍ?�����S��?��?Ϋ�'��?)h�dNH3�R�n��s����|.;,�,Pq�F̬�5������?@�?�]]>&#x9b;<![CDATA[tH!P�?M�9����???��?鱲7�ogiY?��9��??�f�3N?WM�?eR�T?�l�?/?=�?�=����0H����c�J�F1�}?������?L|�(Ql��]]>&#x7f;<![CDATA[����,�N7?H?	�(�??�U�?�<w�:_/WP?.�w��͙pI3wtd?�{�?���(?�r�|�<{�x2S�]1y�����H��;�M)2±?���'�\����>�2�:�?ݺ��?��e?	<����??��?+��Khސޱև�]]>&#x7f;<![CDATA[3����?�s�����?òjϾ�?XF��'Q�u��jİ`��?�~?��d�?�IU�?L�	?�H�! ��?w�6?	R��+�0��}�n?�HXt??tS��=??�|�mC�]]>&#x7f;<![CDATA[��;��	���?�?cm��6Nt�c��?2���4%?j1o�U�?�^��J��ޡ�X�8Hh(R�??��ϡ05��~��뱂�QSM�"$佩�!498�?)+���4GV��?]�W�ٯ��	}g�ĆK?�*Q���+��Yg�D�f�����??l-7x5S�49�P?���?�Q�ÎW
?�'��ɲ?�Y��?L5�6�:��px����?��U.���?.�!�������hө˧n@�+��{\?����?�62���F4�Z�O�����ߡ:��$lTL��c?�>?�|W?��֠S��$�?_ �?0�g�3a���aOT*@X�?L�'l�??��ZsE�?��k���?{F_�)+?�?b�V�X�#?h��M��:�J�BFn�?�T??�?�r�?�N�??�li��?$o�{�	�+�|��??��)GƂ?���o��?/D4�,?6�U�u?�S�~_<�lM?`�:|>u�<��sil`��*�l;�]]>&#x7f;<![CDATA[CQ���XxM�l?��D??�9ٗ�
��z�???�h�?Q��q����I?5�
F.J�2h��3��W���?{7�g�6�<?���(?*�?�a?±~�?�!1? �����Xk뮫�#2?�?��W(h�(?�?׏țr����?��Q"?^.-ϧF�h	FL(d���iC;~�b�f�l?�]]>&#x7f;<![CDATA[]]>&#x7f;<![CDATA[�t0��!=�@���i�����Z�ک�>R?Y?.�"1?L	z"���ܕ�@��;?t�IdN�&�?�S�hMh���jYL��vz���Y�N�0q��0�8S�??���?���t�z�o(?�'*�?@O���p\Q�&o��Ƞ v�����?�˩{�р�t?�z�Q?��?��?���Xw��?O��?��ʹ^L?��?@Ա��s�:Y�zT	֢��O���_TH's�OQ��?ط(nP?X��?,wȠ?��J��)"�E}��U?0h?hfX��?�?����?��u%�cP[y�*��b�#^<�䶰8���?�eq�0q��0�8S�??���?���t�z�o(?�'*�?@O)�=�j�&�?��T.��4I�/L�]��e|]]>&#x7f;<![CDATA[etJ�a?�}����m蛧�?>D@��#Z�T�t�/xZ??�??���3�z�)!�$?qL?���O���_TH's�OQ�7?��s�����?��h�h�5y?�??uRn4��m�.,�?��'??�L??�ϡ��޸�{ۗO�ͧa�I�?��C��!*���q3���z�???�h�?Q��q�e?����?�4Szv3@2���P�f7�p{���i�udI��X餯�Q�B^��?e��i�fTV}�J?�	�T=��vɞs?����S?�9��`Y���ϒu�vڷOF�?��0�Ӫ�枘�vQ\) ?+��?�T�Xn�����9�\;�$u�`���v?y�T<XҴ)?���<iY?�?_�?�~?��?�YLX�?q�w]]>&#x7f;<![CDATA[?�0�*r�?�?�d���?���$�.d�'�6�?	
�`;�E�����C�LT���-�
�ok?�?�A?����c?�:+Y]]>&#x7f;<![CDATA[�h#�),W+�?L?¥5�??Y??]Y��F%~7�C��9�?�?ؑ�U�y�?���\9D>?��寞?��aP@��_?q��M\t�G���}�x?=?�p��W2?,�(>0?��k-%���?��1͢??k7T�ʙ�?�y�?z�?���$DM���ܜ<+���?ulv��ꩆ=�=���?t��T��-?*�?��M?�'��}�J���?^�Te�G�n��{�?���ܖ�ҋyO?�5Q�t?E?��ۀ9�֬:�SL��ql�?����[-0?r?��5�1>�??�>��Tߋ#[��?kk#��m����O)?��c�v�d��M9�?�"X?�-��?��ީ��jSc�y�?i�v��ّ�?���?ܤ�A�Q�w�|y�c��
\�?x��Y��?E07�q��diK/,��D��E˅�f�=ȱ%v��eA�~E��4x��N�d��KKö�)FW�D8�����f����T��B��=��F�B�z9??�?�Nvq����	9���ST0�d??�۝}7ą/��ߗ??��yQ��?���?�8'����ӭ�̀��_��^?��i�PZ�4�Ϫ�?��?Dў��=�\��o@(g�[�{�T���K^�?K�7qQ�3!)V�D�8K��km��
o�??i/�׳���?������K��n���t�`E�5Qep�n�� /��P@??[�?�=A�?��-�??��GL�^�&I��[÷��?)&��T�@??�?r$�W?�6�0?���G$4�?6�>A?8~v?��:�7�UAG�*?�B�?�?��-�ۙ�%�?�,ׯ��+V�Q�4]�	��z2�G�뽯�B���C��r�?h�V�?n�?H�X?�� ?N�v[jߖ9�P�o,p��\XN�y�&G��V�\�r??"��.�HH;�$�l�=����`�y�gWߓr?&��?E�~�m?�?O�ꩴ�;�r����y��Ty�?L��B(��na=?=��B��*�?쳒_ʀ?��\��A?FB�e3`?�?�?M?w~�ٯ�1�&`]]>&#x7f;<![CDATA[w&�?Z���儐M�d?q�?��y.��9�?ة��?��?=?����Gv)j�@?\?�]�!1?9�҉��k???��nFm�İ?�BG��m}�?[H]gx���op�"?7��?��?iՙP�S�ԍ�	?���[T���d&�vs2L�8.H��.�`6,����B Y?ہ+?�B?M�?`���?�?��I�z��rQ?m�]�xP���oH??��?�?�N���^�%>u�����p?d���v??E���ա�1]�,J?8�`�"???����c0����Rȥ�h@a�{�";2?�6��?�Z-�;��|[�B��1�"��4X>��ܢ�?�R�#��?��,�1?]]>&#x7f;<![CDATA[?sp#��6�-���+;}�0S�Qkݕ1hB4�0����z�2Q�?�x7'x`?:�Ny!��衇�E�1?˃s������?D)��h�Y�?�?�ZQ��YO���N
]]></system-out>
  <system-err><![CDATA[]]></system-err>
</testsuite>
