<?xml version="1.0" encoding="UTF-8"?>
<testsuite name="vrielynckpieterjan.masterproef.applicationlayer.attestation.policy.RTreePolicyTest" tests="4" skipped="0" failures="0" errors="0" timestamp="2021-04-18T09:51:01" hostname="MBPvanPieterJan" time="0.003">
  <properties/>
  <testcase name="testToString()" classname="vrielynckpieterjan.masterproef.applicationlayer.attestation.policy.RTreePolicyTest" time="0.001"/>
  <testcase name="generateEquallyOrLessStrictVariations()" classname="vrielynckpieterjan.masterproef.applicationlayer.attestation.policy.RTreePolicyTest" time="0.001"/>
  <testcase name="testFromString()" classname="vrielynckpieterjan.masterproef.applicationlayer.attestation.policy.RTreePolicyTest" time="0.001"/>
  <testcase name="coversRTreePolicy()" classname="vrielynckpieterjan.masterproef.applicationlayer.attestation.policy.RTreePolicyTest" time="0.0"/>
  <system-out><![CDATA[]]></system-out>
  <system-err><![CDATA[]]></system-err>
</testsuite>
