<?xml version="1.0" encoding="UTF-8"?>
<testsuite name="vrielynckpieterjan.encryptionlayer.IBEEncryptedSegmentTest" tests="1" skipped="0" failures="0" errors="0" timestamp="2021-04-01T15:16:33" hostname="MacBook-Pro-van-Pieter-Jan.local" time="0.257">
  <properties/>
  <testcase name="encrypt()" classname="vrielynckpieterjan.encryptionlayer.IBEEncryptedSegmentTest" time="0.257"/>
  <system-out><![CDATA[��??sr?6vrielynckpieterjan.encryptionlayer.IBEEncryptedSegment�Lٟ/?�a???xr?3vrielynckpieterjan.encryptionlayer.EncryptedSegment�6?"
�{f???[??encryptedSegmentt??[Bxpur??[B��?�??T�???xp???G��??sr?"cryptid.ibe.domain.CipherTextTuple7-@?ȠTV???L??cipherUt?0Lcryptid/ellipticcurve/point/affine/AffinePoint;[??cipherVt??[B[??cipherWq?~??xpsr?.cryptid.ellipticcurve.point.affine.AffinePoint�#?U?�a???L??xt??Ljava/math/BigInteger;L??yq?~??xpsr??java.math.BigInteger���?�;�????I??bitCountI?	bitLengthI??firstNonzeroByteNumI??lowestSetBitI??signum[?	magnitudeq?~??xr??java.lang.Number���??���???xp����������������????ur??[B��?�??T�???xp???@�c���e?M�?>��?�d?����~�:�ɵ]��s3?�5?�N*���?��_e�?.��b?������??xsq?~??����������������????uq?~?
???@ �[�]]>&#x86;<![CDATA[eT )???*�c�f9_����;?5���/?ډ�ŗ?���?�ܹ8Y���M%O�?�^P��d٧]xuq?~?
????�^��p2�;�=]]>&#x7f;<![CDATA[�?�;�Q?�6uq?~?
???�~��{9�8�����?�W��?�7�~��u��?rb��?�Y�?�Q?���$?�?!�%�M��R��E���=�?�d�H��??�??��??��{^�~1n�?g#yK�??v�(�ֳ�@v�'�9�J
������?�e�Ѩ;?È���?���t?U�w�?X���	L9R��؅����~'5��7Sg�?�0��??�" ߩ��ݡ6�Z]]>&#x7f;<![CDATA[3L��I��?�f�F�c�2m���ܑ��Y|�̚�D�ER��H{}��D��]@�?�'�?�w?#�G����?m�!�ߦ]]>&#x7f;<![CDATA[Zʘ�@��?`�S?�JiCU?+�Ԫ�?���#�9�S?�$�����h�?|uJ��6E�?�K�?�&��?�1_�T&l�An��u?���ڿ�\�?��.�?�B	�(�g�Q�?���?���?˛̮�Z�]�??dU��?h�j��$O?�?�MƧ�W�B��(*7'h&��r�5�'Z�����?r��J�6�?�2͚ʍ�c����
]]></system-out>
  <system-err><![CDATA[]]></system-err>
</testsuite>
