<?xml version="1.0" encoding="UTF-8"?>
<testsuite name="vrielynckpieterjan.encryptionlayer.WIBEEncryptedSegmentTest" tests="1" skipped="0" failures="0" errors="0" timestamp="2021-04-01T19:02:22" hostname="MacBook-Pro-van-Pieter-Jan.local" time="3.099">
  <properties/>
  <testcase name="encrypt()" classname="vrielynckpieterjan.encryptionlayer.WIBEEncryptedSegmentTest" time="3.099"/>
  <system-out><![CDATA[]]></system-out>
  <system-err><![CDATA[]]></system-err>
</testsuite>
