<?xml version="1.0" encoding="UTF-8"?>
<testsuite name="vrielynckpieterjan.masterproef.applicationlayer.attestation.AttestationTest" tests="1" skipped="0" failures="0" errors="0" timestamp="2021-04-18T09:51:01" hostname="MBPvanPieterJan" time="0.276">
  <properties/>
  <testcase name="isValid()" classname="vrielynckpieterjan.masterproef.applicationlayer.attestation.AttestationTest" time="0.276"/>
  <system-out><![CDATA[]]></system-out>
  <system-err><![CDATA[]]></system-err>
</testsuite>
