<?xml version="1.0" encoding="UTF-8"?>
<testsuite name="vrielynckpieterjan.masterproef.applicationlayer.proof.ProofObjectTest" tests="1" skipped="0" failures="0" errors="0" timestamp="2021-04-17T12:12:42" hostname="MBPvanPieterJan" time="3.234">
  <properties/>
  <testcase name="test()" classname="vrielynckpieterjan.masterproef.applicationlayer.proof.ProofObjectTest" time="3.234"/>
  <system-out><![CDATA[Entity identifiers generated (time needed: 939 milliseconds).
The generate PublicEntityIdentifiers:
Cloud:	f7fdaf01fb1ab8509854b0dcaf05b2adeda38c764f291ddea092386bfef4dbee09fca39cb265e597d8042324671ca7d3f4e4363504b6cc57f6aedb2d4a6b8964
userA:	22d614e8ec1b06e2a07eede8bbd0913946a7e5955d012a64d31528f9f0d98d376771b4d66ab40a210073d074d34e50861c6eefb511ea4f463dde5e64df9e44b1
userB:	5c02314e93e8426ddbce33ed64c5f66b91b08ae7dd24bb3bc3b582746369e16f135e7aacec02e2e8f32e83a2e0d166db02be61f55fcbdee6c27db4c7e2a363a4
userC:	22de819389b8dd8a689fea35b2cc82a3544ee59b33be325c452b16241549bc66fda5855c9bb983c5f1d9ed460715849bf105d15ff01912cc623de1dc86019539
Policies generated (time needed: 5 milliseconds).
Storage identifiers generated (time needed: 1 milliseconds).
Revocation secrets and commitments generated (time needed: 3 milliseconds).
Issuer's parts generated (time needed: 1071 milliseconds).
Attestations generated (time needed: 5 milliseconds).
Proof object manually generated (time needed: 499 milliseconds).
vrielynckpieterjan.masterproef.applicationlayer.attestation.NamespaceAttestation@254e7f5c
vrielynckpieterjan.masterproef.applicationlayer.attestation.Attestation@6b24c46b
vrielynckpieterjan.masterproef.applicationlayer.attestation.NamespaceAttestation@5fe2b6d5
Proof object automatically generated (time needed: 596 milliseconds).
Proof object verified (time needed: 78 milliseconds).
One revocation secret revealed (time needed: 0 milliseconds).
Invalid proof object successfully detected (time needed: 16 milliseconds).
]]></system-out>
  <system-err><![CDATA[apr. 17, 2021 2:12:45 P.M. vrielynckpieterjan.masterproef.applicationlayer.proof.ProofObject verify
INFO: Trying to verify ProofObject (ProofObject{storageElementIdentifiers=[StorageElementIdentifier{identifier='22d614e8ec1b06e2a07eede8bbd0913946a7e5955d012a64d31528f9f0d98d376771b4d66ab40a210073d074d34e50861c6eefb511ea4f463dde5e64df9e44b1'}, StorageElementIdentifier{identifier='userAtoUserB'}, StorageElementIdentifier{identifier='userBtoUserC'}], aesKeys=[6GXoAWOnX7hzO9W0lvOxZIAEKyGKDJ1t, sLjokkYTaw1glrymo8dg08ehYHBLTI3d, GUTL09jHKObTWqpyebzPJfOe4HK0TzUQ], aesKeyNamespaceAttestationProver='psTRYedU7LwKpd5GXP5VuCodQLWFwHno'})...
apr. 17, 2021 2:12:45 P.M. vrielynckpieterjan.masterproef.applicationlayer.proof.ProofObject verify
INFO: Verifying the 0th Attestation with StorageElementIdentifier (StorageElementIdentifier{identifier='22d614e8ec1b06e2a07eede8bbd0913946a7e5955d012a64d31528f9f0d98d376771b4d66ab40a210073d074d34e50861c6eefb511ea4f463dde5e64df9e44b1'}) for ProofObject (ProofObject{storageElementIdentifiers=[StorageElementIdentifier{identifier='22d614e8ec1b06e2a07eede8bbd0913946a7e5955d012a64d31528f9f0d98d376771b4d66ab40a210073d074d34e50861c6eefb511ea4f463dde5e64df9e44b1'}, StorageElementIdentifier{identifier='userAtoUserB'}, StorageElementIdentifier{identifier='userBtoUserC'}], aesKeys=[6GXoAWOnX7hzO9W0lvOxZIAEKyGKDJ1t, sLjokkYTaw1glrymo8dg08ehYHBLTI3d, GUTL09jHKObTWqpyebzPJfOe4HK0TzUQ], aesKeyNamespaceAttestationProver='psTRYedU7LwKpd5GXP5VuCodQLWFwHno'})...
apr. 17, 2021 2:12:45 P.M. vrielynckpieterjan.masterproef.applicationlayer.proof.ProofObject verify
INFO: Verifying the 1th Attestation with StorageElementIdentifier (StorageElementIdentifier{identifier='userAtoUserB'}) for ProofObject (ProofObject{storageElementIdentifiers=[StorageElementIdentifier{identifier='22d614e8ec1b06e2a07eede8bbd0913946a7e5955d012a64d31528f9f0d98d376771b4d66ab40a210073d074d34e50861c6eefb511ea4f463dde5e64df9e44b1'}, StorageElementIdentifier{identifier='userAtoUserB'}, StorageElementIdentifier{identifier='userBtoUserC'}], aesKeys=[6GXoAWOnX7hzO9W0lvOxZIAEKyGKDJ1t, sLjokkYTaw1glrymo8dg08ehYHBLTI3d, GUTL09jHKObTWqpyebzPJfOe4HK0TzUQ], aesKeyNamespaceAttestationProver='psTRYedU7LwKpd5GXP5VuCodQLWFwHno'})...
apr. 17, 2021 2:12:45 P.M. vrielynckpieterjan.masterproef.applicationlayer.proof.ProofObject verify
INFO: Verifying the 2th Attestation with StorageElementIdentifier (StorageElementIdentifier{identifier='userBtoUserC'}) for ProofObject (ProofObject{storageElementIdentifiers=[StorageElementIdentifier{identifier='22d614e8ec1b06e2a07eede8bbd0913946a7e5955d012a64d31528f9f0d98d376771b4d66ab40a210073d074d34e50861c6eefb511ea4f463dde5e64df9e44b1'}, StorageElementIdentifier{identifier='userAtoUserB'}, StorageElementIdentifier{identifier='userBtoUserC'}], aesKeys=[6GXoAWOnX7hzO9W0lvOxZIAEKyGKDJ1t, sLjokkYTaw1glrymo8dg08ehYHBLTI3d, GUTL09jHKObTWqpyebzPJfOe4HK0TzUQ], aesKeyNamespaceAttestationProver='psTRYedU7LwKpd5GXP5VuCodQLWFwHno'})...
apr. 17, 2021 2:12:45 P.M. vrielynckpieterjan.masterproef.applicationlayer.proof.ProofObject verify
INFO: Verifying the NamespaceAttestation of the prover with PublicEntityIdentifier (22de819389b8dd8a689fea35b2cc82a3544ee59b33be325c452b16241549bc66fda5855c9bb983c5f1d9ed460715849bf105d15ff01912cc623de1dc86019539) for ProofObject (ProofObject{storageElementIdentifiers=[StorageElementIdentifier{identifier='22d614e8ec1b06e2a07eede8bbd0913946a7e5955d012a64d31528f9f0d98d376771b4d66ab40a210073d074d34e50861c6eefb511ea4f463dde5e64df9e44b1'}, StorageElementIdentifier{identifier='userAtoUserB'}, StorageElementIdentifier{identifier='userBtoUserC'}], aesKeys=[6GXoAWOnX7hzO9W0lvOxZIAEKyGKDJ1t, sLjokkYTaw1glrymo8dg08ehYHBLTI3d, GUTL09jHKObTWqpyebzPJfOe4HK0TzUQ], aesKeyNamespaceAttestationProver='psTRYedU7LwKpd5GXP5VuCodQLWFwHno'})...
apr. 17, 2021 2:12:45 P.M. vrielynckpieterjan.masterproef.applicationlayer.proof.ProofObject verify
INFO: Verifying that the prover with PublicEntityIdentifier (22de819389b8dd8a689fea35b2cc82a3544ee59b33be325c452b16241549bc66fda5855c9bb983c5f1d9ed460715849bf105d15ff01912cc623de1dc86019539) is hosting his personal queue...
apr. 17, 2021 2:12:45 P.M. vrielynckpieterjan.masterproef.applicationlayer.proof.ProofObject verify
INFO: ProofObject (ProofObject{storageElementIdentifiers=[StorageElementIdentifier{identifier='22d614e8ec1b06e2a07eede8bbd0913946a7e5955d012a64d31528f9f0d98d376771b4d66ab40a210073d074d34e50861c6eefb511ea4f463dde5e64df9e44b1'}, StorageElementIdentifier{identifier='userAtoUserB'}, StorageElementIdentifier{identifier='userBtoUserC'}], aesKeys=[6GXoAWOnX7hzO9W0lvOxZIAEKyGKDJ1t, sLjokkYTaw1glrymo8dg08ehYHBLTI3d, GUTL09jHKObTWqpyebzPJfOe4HK0TzUQ], aesKeyNamespaceAttestationProver='psTRYedU7LwKpd5GXP5VuCodQLWFwHno'}) verified.
apr. 17, 2021 2:12:45 P.M. vrielynckpieterjan.masterproef.applicationlayer.proof.ProofObject verify
INFO: Trying to verify ProofObject (ProofObject{storageElementIdentifiers=[StorageElementIdentifier{identifier='22d614e8ec1b06e2a07eede8bbd0913946a7e5955d012a64d31528f9f0d98d376771b4d66ab40a210073d074d34e50861c6eefb511ea4f463dde5e64df9e44b1'}, StorageElementIdentifier{identifier='userAtoUserB'}, StorageElementIdentifier{identifier='userBtoUserC'}], aesKeys=[6GXoAWOnX7hzO9W0lvOxZIAEKyGKDJ1t, sLjokkYTaw1glrymo8dg08ehYHBLTI3d, GUTL09jHKObTWqpyebzPJfOe4HK0TzUQ], aesKeyNamespaceAttestationProver='psTRYedU7LwKpd5GXP5VuCodQLWFwHno'})...
apr. 17, 2021 2:12:45 P.M. vrielynckpieterjan.masterproef.applicationlayer.proof.ProofObject verify
INFO: Verifying the 0th Attestation with StorageElementIdentifier (StorageElementIdentifier{identifier='22d614e8ec1b06e2a07eede8bbd0913946a7e5955d012a64d31528f9f0d98d376771b4d66ab40a210073d074d34e50861c6eefb511ea4f463dde5e64df9e44b1'}) for ProofObject (ProofObject{storageElementIdentifiers=[StorageElementIdentifier{identifier='22d614e8ec1b06e2a07eede8bbd0913946a7e5955d012a64d31528f9f0d98d376771b4d66ab40a210073d074d34e50861c6eefb511ea4f463dde5e64df9e44b1'}, StorageElementIdentifier{identifier='userAtoUserB'}, StorageElementIdentifier{identifier='userBtoUserC'}], aesKeys=[6GXoAWOnX7hzO9W0lvOxZIAEKyGKDJ1t, sLjokkYTaw1glrymo8dg08ehYHBLTI3d, GUTL09jHKObTWqpyebzPJfOe4HK0TzUQ], aesKeyNamespaceAttestationProver='psTRYedU7LwKpd5GXP5VuCodQLWFwHno'})...
apr. 17, 2021 2:12:46 P.M. vrielynckpieterjan.masterproef.applicationlayer.proof.ProofObject verify
INFO: Verifying the 1th Attestation with StorageElementIdentifier (StorageElementIdentifier{identifier='userAtoUserB'}) for ProofObject (ProofObject{storageElementIdentifiers=[StorageElementIdentifier{identifier='22d614e8ec1b06e2a07eede8bbd0913946a7e5955d012a64d31528f9f0d98d376771b4d66ab40a210073d074d34e50861c6eefb511ea4f463dde5e64df9e44b1'}, StorageElementIdentifier{identifier='userAtoUserB'}, StorageElementIdentifier{identifier='userBtoUserC'}], aesKeys=[6GXoAWOnX7hzO9W0lvOxZIAEKyGKDJ1t, sLjokkYTaw1glrymo8dg08ehYHBLTI3d, GUTL09jHKObTWqpyebzPJfOe4HK0TzUQ], aesKeyNamespaceAttestationProver='psTRYedU7LwKpd5GXP5VuCodQLWFwHno'})...
]]></system-err>
</testsuite>
