<?xml version="1.0" encoding="UTF-8"?>
<testsuite name="vrielynckpieterjan.encryptionlayer.schemes.AESCipherEncryptedSegmentTest" tests="2" skipped="0" failures="0" errors="0" timestamp="2021-04-06T14:44:53" hostname="MacBook-Pro-van-Pieter-Jan.local" time="0.274">
  <properties/>
  <testcase name="encrypt()" classname="vrielynckpieterjan.encryptionlayer.schemes.AESCipherEncryptedSegmentTest" time="0.003"/>
  <testcase name="nonStringEncrypt()" classname="vrielynckpieterjan.encryptionlayer.schemes.AESCipherEncryptedSegmentTest" time="0.27"/>
  <system-out><![CDATA[��??sr?Dvrielynckpieterjan.encryptionlayer.schemes.AESCipherEncryptedSegment��?\?t[�???xr?Avrielynckpieterjan.encryptionlayer.schemes.CipherEncryptedSegment7�2Ĩ�4�???[??encryptedSegmentt??[Bxpur??[B��?�??T�???xp???�K�r�?�G�?��?M���]]>&#x7f;<![CDATA[4v����^���-?R��i�?!��p�?��>z)�����?�j��a���Q[�>?�t�6	{]]>&#x7f;<![CDATA[U�P���o��+J<r��W=�?�^`d�h��ġ 3�3aJ�x�3RVB�l�����FT��??��<��x��V�>���N�o_k�����?�ԕ�?���-?5b?�=5�(1?%�g%UJ�L�X?O�n?�C�����}���l32Q�P `0E`1�GP}ݷݺ�N?]?n��?�?lM�&??���?8[�)?]�����?6�H�m�2�?[Eŭ?�0;r6$,�#�-7c??�,.\���?~���|�ن�~]��gW��hsFH|�?-� �#���^ӳ��(�̻3�@jG�\Ut�?Z.Έ�?^rRl-�1�&M�(�]]>&#x7f;<![CDATA[邉�?j�g�O?+�E��h�?�G[��g���9�ݺ??H=?,���CӪ�aּ�CN�2�-Q�?:ן�???@����k���c�?+E�J?�p0���R��9�?�S^
��??sr?Dvrielynckpieterjan.encryptionlayer.schemes.AESCipherEncryptedSegment��?\?t[�???xr?Avrielynckpieterjan.encryptionlayer.schemes.CipherEncryptedSegment7�2Ĩ�4�???[??encryptedSegmentt??[Bxpur??[B��?�??T�???xp???@??���:�0�y�?ր��<�}?mU�?7���?a��K�\�Qa���y�C��???�V�?��???���?���=��O��y�]?���&��3i?[��q{???�)�ޝ��?��=??�8��[�hS�?�J�AЗ�A?4��L�I�㛌��=�D��!hc��?�L�a�d)r?|~�I1?�R�B�e����!GA��� B����/5'8z�N�?��]]>&#x7f;<![CDATA[��?�|0?_6�fS��+o�??���h8n?�?N�]�1���?�f+�xR�E��![�u?�J�??=�Z�?-�Z���1�?+7TI"p��h?F� ��s�E��#ط�W?����'�A���N�պ�9~�O�?�f��l���|?[�,i��VO����,g��˭�??��n�J���K����oBEd'�r�$�d��ۙ����^i�>�8篩��?`+?}?��8�???Q�?��????��~�,f�AF����w
�?�9���Ucdڹ��??�Jٵ�?�]]>&#x7f;<![CDATA[?�z������(�?�H�m�?�?�8��?)y�o	S��?0�+��a��?B�/����ڸ�??;�0���~�hD?�d=�m?)F@.?��[�/��?�]]>&#x7f;<![CDATA[<Λo���?����Ed��?��??#��f?�Ew�?��JV|Aj0K?h�gL7���?ל??����$�?٬]]>&#x7f;<![CDATA[�s<IQ�A-??�j,?`��?��?Ρ�[��K�?w��?;v	���-6�a?s��b???��h?'?�D"5y�X�)�;�s��]��]b!7`�ju�ʮ���[�Q�8�?j�U��da�ۼ�?��^�S�8#??��r�P9��s�1�w��+q��s�X���X�h?�?ޕ�!i��c?4��Ǿ?}���?��3�`���7�¬�,RrB��>�K]f'�a�n&?�><m��[?�?��$o�?�;�?��?	�`�w�aff�%t>�J��?�����\U�???�NИq��?��wHu�]]>&#x7f;<![CDATA[�?6?��"���^}��$�&࡯�:?a�?`�Q&?�DLz??[fKS?:�xB� ##����{;�?�j�[O�[U��R2�q�??e7��4����ǚ?<��Q��?�di���&�|S����o$<��k��?!?o�+��?-?j��{5�aq?:�`�N�?E�j�ͧ?��Q-p׾?�??S=�?�o??�ER��:S0���֫Lf��3k��O%U���`/<�?��HkO�	??��]]>&#x7f;<![CDATA[��Y9���Ւ?|E1��kװ��?`��m?L`=� ��7a?3��???�?6�M�<��B�>�	W�RL�p�j��?�,�q� З%�2F�kX�?�?q9�<p�?Mކ�!��?^?�JA�V��]]>&#x7f;<![CDATA[k?@�?j�݅C)�F��	�H-w�$W��b�D%�"!qr]]>&#x7f;<![CDATA[}>�?77~u�+p�ԫٌ���??�:�%MNI-z?�� �?�e_3?�?�?��?�??��?@�j�>?�ӈ?S�?�����?1ۣl��c"����?%�����퇌!?�[>]]>&#x7f;<![CDATA[	�#a]]>&#xb7cbe;<![CDATA[ �ݳ�]��?�h��e̚�f+�{�%�2F�kX�?�?q9�.K����8+~nGf\�AW�㚛^�w=?Q�W�|�"�n�
?DǪ�?�??��k?�H�%�V?xt&&�����54w^��?��3~V0?�:�%MNI-z?�� �?�e_3?�?�?��?�??�?3�?��??i�:m��?�4J��"?��?��"??�5�S�R�i�s;�E3g#?�O�?"�???b�U�jڕ���Es���.�>r�?j���?����?��f�O��մ?�]]>&#x7f;<![CDATA[�h�z�?��j�?�?IT�_��Nh��PB�S:�j�?]E���(�N7�?�8��h?6�ҕ�2RG�k�?��M�|E`��?$�p�%-(oɌ�r��*��?����7pK	�/X�t���p{?��`�X#������=?<��^m�ܑޞ��>�����1;?T��'Z\��!#Ȇ�0?R���N�~h?�tP�`??�m1�]]>&#x7f;<![CDATA[�?�N��h?�Q�?�9��r]�9/���yX�0�����$�rJ?��Юi�zF�i"�???J�(�?�ŋ����fҜU?�O�.��?�>&)(�p?R?�@?�n(�MI��{����N~�8�_C#�8���XB�B���bw	?��?T�L?ƯZ����dM��37�H�?�;+�zx�H?E�? P��u�?�+��C?�v}SN������:��ч�?��r?-�yv1�q�*"��?�|'?�??7N�?"?��e2���?d�n���-f1��B�?P�ӈi��z�W3�ϰ?����?T]�Q�c��Xn5?�=r�7�1����?���P�v�㤍�&cÖ¡�A�W��A��?L?�j����?p8h߫�?�]]>&#x7f;<![CDATA[Ǆ?p�S�ƒ�:]]>&#x7f;<![CDATA[��m�1-��G$�"��?����?���m�{1?!ޯ��Z{?��ɁHބ9?�?x������V@�^6{,���?�?�%�???��R�B��?:?J��laF�:�Kƴ�i4��t�6^8��g��K��(�7C��VP��h?�I�J ��%�P_;=gBA0-�4�'�?�&��I������cM��=?�ɥ[?9�?�z�p�+��W�??��ac?�3��&�u��Rp???�S�?�@	,�1V3-uV�Y��g�ɏ�e	�h5�&�[FX�zp?3x�ŧi����~�I�1�?��?�=Y��Xt(4�7+	���u�`׵�x���Rta7?�?��.TO��?�v?���]]>&#x9b;<![CDATA[h�JŬ����{�ʐ]]>&#x7f;<![CDATA[�q<$e�*TK��|?!�23����?�iC�q}�Q�f�?����F��X�m5�6?�M��v"��?fkN?*�r`??VN~�]]>&#x9e;<![CDATA[^v.d�h*=]���K2aL#??5����?��R�?H?G]T�M߈��?Ͳ�s�N�����}�?}Ш��Ai҉M�nH��=���?�B�]��.R���[?�ۯHq\���?d?��U?�Dd"�\@�.��?3oԔ;�s?H??�Q]!�=y?/a�=#P�FZ�%��.?������>�Ȣ�?N�n�?�(�??Ok<�XU��
7rb����c���?�U5k޹E�?�����N����kS&+��?�τvD?JZYm�v!�n���\��o7?��px?��7x؝;�?c]�2��W.`�|Ť?��V;?j�*�???�?OC?RA0�?�FO?�+:�y,{g�rYR��q�ȓ��DO[�w?�]�� ��?&�\Cz��
?�Ĥ]]>&#x7f;<![CDATA[YO��]]>&#x7f;<![CDATA[b�W-�n�"�q[����,LB��b?ڒB(d5�SQ���8�lEun�w�?u�~?�<��º%�(�=�!#�`i|ڬ?Z%+2(=��'�L?��|�UP�G��??CS|1�M'l���?�����?L�O��\J.�n���a^��-�hM�[}�0~̿�߇G���~�`�{���r��$�?-y�DvD=9??ڱK��??�u�a��^�����?�??T?�"�}� <�RQ�?�/T(�:�?Gu�m?8�B�H�)L����@�W$P)Tk8�u?~j��A�?��"�hڔ?N�F'�\{:�#??{?��x�g�.�XB+C"?��ʞug�]]>&#x7b9fd;<![CDATA[��,�z崾�{?��e��?��gX��Ս�?~��?nv���?�:�
��%?��u?�5��&ޔ����8�2ȸ�8���::�g��d?�?er@p�o�Kр���M�fs���4]]>&#x7f;<![CDATA[p6�>�L?T���[pvL�?�?��Ah\��-a����l�??&u�&�?TwK݂?4Y�674�qk�8�?pe�(G��9�I�#�?��?�(?�W�ѻ[A�?��y��{�?"����6�???�A��Na�-�+?�?�X�1??"��C.���+���M��]]>&#x7f;<![CDATA[!�B�?D��L�b^?�]]>&#x7f;<![CDATA[5��?E.��q��`��@��g�a;�g?��u�n��
S��Hk	�F�#Ž?eǹPyz?�o�G8��Y�z[���A�Mo	b��rcs�%�2F�kX�?�?q9��??���"?ԋ?��i.?l�?+����֑{]a��U��ǁ�������??�4�p?�?�T��b��e??�.��+6�?Es�G?���bD�2~?��?l9?ۿ~?��%�2F�kX�?�?q9�b?��c��c���.M��???�C��?�?�_�?���??3�FT.��m�?�h9��f�{<%��*�_V����ܑA��?��a?�:�%MNI-z?�� �?�e_3?�?�?��?�??��ˏ�\�jiy��,�0�!M!\=����&���D�?!x��&�+f\��?�?������Nϗ1?q? �U�L}71�oH�R��HY?�%�2F�kX�?�?q9]]>&#x481c7;<![CDATA[��w4�EĒnb60]
�t?on*?�=�0��2����!h���h����?�q}*?v�����y`�??1^���?Z?Էck�~�{??�:�%MNI-z?�� �?�e_3?�?�?��?�??�?ּ��A?�Q?�A).�J����?><������;�e�w�f4?8$�$���@3�6ur$0��?m?��?����??��?^��;�x?FA��?����?��f�O��մ?�]]>&#x7f;<![CDATA[�h�z�?��j�w?��70�?*]]>&#x7f;<![CDATA[?#�d�4
]]></system-out>
  <system-err><![CDATA[apr. 06, 2021 4:44:53 P.M. vrielynckpieterjan.encryptionlayer.schemes.AESCipherEncryptedSegment adjustKeyLength
INFO: [vrielynckpieterjan.encryptionlayer.schemes.AESCipherEncryptedSegment@0] A key of 10 byte(s) has been provided for the AES-256 algorithm. The original key will be repeated to obtain a key of 32 bytes instead.
apr. 06, 2021 4:44:53 P.M. vrielynckpieterjan.encryptionlayer.schemes.AESCipherEncryptedSegment adjustKeyLength
INFO: [vrielynckpieterjan.encryptionlayer.schemes.AESCipherEncryptedSegment@37d05efb] A key of 10 byte(s) has been provided for the AES-256 algorithm. The original key will be repeated to obtain a key of 32 bytes instead.
apr. 06, 2021 4:44:53 P.M. vrielynckpieterjan.encryptionlayer.schemes.AESCipherEncryptedSegment adjustKeyLength
INFO: [vrielynckpieterjan.encryptionlayer.schemes.AESCipherEncryptedSegment@0] A key of 10 byte(s) has been provided for the AES-256 algorithm. The original key will be repeated to obtain a key of 32 bytes instead.
apr. 06, 2021 4:44:53 P.M. vrielynckpieterjan.encryptionlayer.schemes.AESCipherEncryptedSegment adjustKeyLength
INFO: [vrielynckpieterjan.encryptionlayer.schemes.AESCipherEncryptedSegment@56a0c493] A key of 10 byte(s) has been provided for the AES-256 algorithm. The original key will be repeated to obtain a key of 32 bytes instead.
]]></system-err>
</testsuite>
