<?xml version="1.0" encoding="UTF-8"?>
<testsuite name="vrielynckpieterjan.encryptionlayer.schemes.RSACipherEncryptedSegmentTest" tests="1" skipped="0" failures="0" errors="0" timestamp="2021-04-02T18:09:08" hostname="MacBook-Pro-van-Pieter-Jan.local" time="0.117">
  <properties/>
  <testcase name="encrypt()" classname="vrielynckpieterjan.encryptionlayer.schemes.RSACipherEncryptedSegmentTest" time="0.117"/>
  <system-out><![CDATA[��??sr?Dvrielynckpieterjan.encryptionlayer.schemes.RSACipherEncryptedSegmenth�]]>&#x7f;<![CDATA[���???L??encapsulatedAESEncryptedSegmentt?FLvrielynckpieterjan/encryptionlayer/schemes/AESCipherEncryptedSegment;xr?Avrielynckpieterjan.encryptionlayer.schemes.CipherEncryptedSegment�e��]]>&#x7f;<![CDATA[�bF???[??encryptedSegmentt??[Bxpur??[B��?�??T�???xp????n[^?�{AHD�N.�$?
7�ԉ��@�aC��6�����`-��w??�?X��!J?=QF�$\��U��X]]>&#x7f;<![CDATA[)�M�?B�?�Rj|?���H_}z???�?�l�?O?'
�?��9?ۻ�?�0����m�t���?Fv?�"�28C'���?����?N����?kV�Z���?���V�^��������?RU]�?:�Y�u��"wF�,�m�2��aD~?P����d�Q��h�=?�O����:�	?\'%Y;��?�@��Z�1?��m���c_v�硾p��%���sr?Dvrielynckpieterjan.encryptionlayer.schemes.AESCipherEncryptedSegment����^D/�???xq?~??uq?~?????�w?M���p��??c�?5�pЎ��#����m����*W#����wd한-���X�?�???Byj� Y<u�H�Vz�"��?]�8Z�d�.,�]]>&#x7f;<![CDATA[І#�X���kD�?$�"�u?�e�?]??�?4i�?��?e��2O�ܘ?cH�"7��D�ȳ-�?H?Zɘ=?�n׋V��?�����fa|��?�?�n��r�,��?]�?7}?�h��,@� ???1??"�_���hkQbJzc?��?���Ɩ1�/�6?��B�]]>&#x7f;<![CDATA[I�?j� ??k�5�n�<<�Q�?]]>&#x95;<![CDATA[?+�G��&f|�?�??R��}yq��Y��?�0)��O~*o�55�ۈf!�~�?vm��w�?q�{X?`�k��L2�hf��'��?צ0t�C՞�K��Nz��9y�ب�����?hT����?�a�@1A�U��bX�Az�Z?>����_�B?1? ?�@���?*?���'��*?��t?�
���K��]�`h��U?Ҫ�I?�0��d[Ϯ��z�'�����???ơ�da��ݩ:>V�A��=$
]]></system-out>
  <system-err><![CDATA[]]></system-err>
</testsuite>
