<?xml version="1.0" encoding="UTF-8"?>
<testsuite name="vrielynckpieterjan.encryptionlayer.schemes.AESCipherEncryptedSegmentTest" tests="2" skipped="0" failures="0" errors="0" timestamp="2021-04-05T14:57:19" hostname="MacBook-Pro-van-Pieter-Jan.local" time="0.232">
  <properties/>
  <testcase name="encrypt()" classname="vrielynckpieterjan.encryptionlayer.schemes.AESCipherEncryptedSegmentTest" time="0.003"/>
  <testcase name="nonStringEncrypt()" classname="vrielynckpieterjan.encryptionlayer.schemes.AESCipherEncryptedSegmentTest" time="0.228"/>
  <system-out><![CDATA[��??sr?Dvrielynckpieterjan.encryptionlayer.schemes.AESCipherEncryptedSegment��?\?t[�???xr?Avrielynckpieterjan.encryptionlayer.schemes.CipherEncryptedSegment7�2Ĩ�4�???[??encryptedSegmentt??[Bxpur??[B��?�??T�???xp???�K�r�?�G�?��?M���]]>&#x7f;<![CDATA[4v����^���-?R��i�?!��p�?��>z)�����?�j��a���Q[�>?�t�6	{]]>&#x7f;<![CDATA[U�P���o��+J<r��W=�?�^`d�h��ġ 3�3aJ�x�3RVB�l�����FT��??��<��x��V�>���N�o_k�����?�ԕ�?���-?5b?�=5�(1?%�g%UJ�L�X?O�n?�C�����}���l32Q�P `0E`1�GP}ݷݺ�N?]?n��?�?lM�&??���?8[�)?]�����?6�H�m�2�?[Eŭ?�0;r6$,�#�-7c??�,.\���?~���|�ن�~]��gW��hsFH|�?-� �#���^ӳ��(�̻3�@jG�\Ut�?Z.Έ�?^rRl-�1�&M�(�]]>&#x7f;<![CDATA[邉�?j�g�O?+�E��h�?�G[��g���9�ݺ??H=?,���CӪ�aּ�CN�2�-Q�?:ן�???@����k���c�?+E�J?�p0���R��9�?�S^
��??sr?Dvrielynckpieterjan.encryptionlayer.schemes.AESCipherEncryptedSegment��?\?t[�???xr?Avrielynckpieterjan.encryptionlayer.schemes.CipherEncryptedSegment7�2Ĩ�4�???[??encryptedSegmentt??[Bxpur??[B��?�??T�???xp???P??���:�0�y�?ր��<�}?mU�?7���?a��K�\�Qa���y�C��???�V�?��???���?���=��O��y�]?���&��3i?[��q{???�)�ޝ��?��=??�8��[�hS�?�J�AЗ�A?4��L�I�㛌��=�D��!hc��?�L�a�d)r?|~�I1?�R�B�e����!GA��� B����/5'8z�N�?��]]>&#x7f;<![CDATA[��?�|0?_6�fS��+o�??���h8n?�?N�]�1���?�f+�xR�E��![�u?�J�??=�Z�?-�Z���1�?+7TI"p��h?F� ��s�E��#ط�W?����'�A���N�պ�9~�O�?�f��l���|?[�,i��VO����,g��˭�??��n�J���K����oBEd'�r�$�d��ۙ����^i�>�8篩��?`+?}?��8�???Q�?��????��~�,f�AF����w
�?�9���Ucdڹ��??�Jٵ�?�]]>&#x7f;<![CDATA[?�z������(�?�H�m�?�?�8��?)y�o	S��?0�+��a��?B�/����ڸ�??;�0���~�hD?�d=�m?)F@.?��[�/��?�]]>&#x7f;<![CDATA[<Λo���?����Ed��?��??#��f?�Ew�?��JV|Aj0K?h�gL7���?ל??����$�?٬]]>&#x7f;<![CDATA[�s<IQ�A-??�j,?`��?��?Ρ�[��K�?w��?;v	���-6�a?s��b???��h?'?�D"5y�X�)�;�s��]��]b!7`�ju�ʮ���[�Q�8�?j�U��da�ۼ�?��^�S�8#??��r�P9��s�1�w��+q��s�X���X�h?�?ޕ�!i��c?4��Ǿ?}���?��3�`���7�¬�,RrB��>�K]f'�a�n&?�><m��[?�?��$o�?�;�?��?	�`�w�aff�%t>�J��?�����\U�???�NИq��?��wHu�]]>&#x7f;<![CDATA[�?6?��"���^}��$�&࡯�:?a�?`�Q&?�DLz??[fKS?:�xB� ##����{;�?�j�[O�[U��R2�q�??e7��4����ǚ?<��Q��?�di���&�|S����o$<��k��?!?o�+��?-?j�e�`4�'�/.���yHvh���z6?kY�	7X��2#��K?�t�+�2=�?�i6�j� �{�{K�U��U���`/<�?��HkO�	??��]]>&#x7f;<![CDATA[��Y9���Ւ?|E1��kװ��?`��m?L`=� ��7a?3��???�?6�M�<��B�>�	W�RL�p�j��?�,�q� З%�2F�kX�?�?q9�o��!8?m??RMGI�ܧ���v�+3����?�v[�c�?�紺�o2�](W??��<XD��M����Q��D<er�-�?��^�?2?po?�:�%MNI-z?�� �?�e_3?�?�?��?�??�7?Ǐ:;�/�珣8b���Y���c��7?�]]>&#x7f;<![CDATA[�~�����X�?(?
�?��Ս���(?|��?*�������*N�rb��?�?�?��%�2F�kX�?�?q9]]>&#x48eb1;<![CDATA[�g^��,Y9*���z���?�/Q?�%��q tO|d��I�i??Lɖ??�Wǲ��nt�[��?o�蹬�c���??�?vJSb ��?�:�%MNI-z?�� �?�e_3?�?�?��?�??�܂�*@V�����^?.X�	<?w��G�??�$�ža<?����<�?:?���n个?�B~4���C�Q_�*�~�Ʌ�uX֟��n%X��?����?��f�O��մ?�]]>&#x7f;<![CDATA[�h�z�?��j�?�E�]]>&#x7f;<![CDATA[�]]>&#x7f;<![CDATA[�P�?����xS:�j�?]E���(�N7�?�8��h?6�ҕ�2RG�k�?��M�|E`��?$�p�%-(oɌ�r��*��?����7pK	�/X�t���p{?��`�X#������=?<��^m�ܑޞ��>�����1;?T��'Z\��!#Ȇ�0?R���N�~h?�tP�`??�m1�]]>&#x7f;<![CDATA[�?�N��h?�Q�?�9��r]�9/���yX�0�����$�rJ?��Юi�zF�i"�???J�(�?�ŋ����fҜU?�O�.��?�>&)(�p?R?�@?�n(�MI��{����N~�8�_C#�8���XB�B���bw	?��?�"Z?b��"۱P>l�GpI?x��?<p�W)�e}(���c�8?��?��}��K���~��?�aEj� 5��6{�3��a�???�rp�?Y��>b�������Fa\}�?O��o����a?mK	;͕�b/0�dD�9�U�??�EP[cy#9�D��cY�?6�?2�=��	?]X�����?DGppD�9Eϲ?��q�?�,촿�h�Ň�RjR��9�ѷ6�[N��F��&`���j���`_?���� i;�9�@D�?a�?�??>�LY~�?ťn�D%{Ƥ]]>&#x97;<![CDATA[˲ߚ�3槚U���V@�^6{,���?�?�%�???��R�B��?:?J��laF�:�Kƴ�i4��t�6^8��g��K��(�7C��VP��h?�I�J ��%�P_;=gBA0-wP�N�*�>@lB�-��cM��=?�ɥ[?9�?�'��?}/s;l]]>&#x7f;<![CDATA[�f��ܻ�?',���'G7�y�?�����)v�*Cޑ
Ij�r0??b�hrbr?S�a-K\ƿ֠��M)?��B��ªxXK\�èW2�Ǫ26�?��!�P=���?�`I�"��'}��O���V�Ėp�J����r��E~�{���U�S��@?Hr�'�*$?Է��<sVU�x�?>�#��3#��b���'O?%	�*1����mM�?l׿�?��K?��i�]�H�J��E�Y��a���?4?B+GWB��w��?�f?�|o?o�mz�?]w�]]>&#x10c5d3;<![CDATA[���L��������v�n�d�?
o�?Y����?A��?��]?Ď+8?"3m��CB_����F�Hj	�%�>'?�?hh������'?�1?��P���G�P!��O-"�u.La�?�Y�?�?P?aS(�E��Y�n?�r?#�?�u�a�?�
m������Ӽ�;??�2nK?���kY?�?RtBe�xSZ?��-յ�.�!4����?/?͕�?�+��0��|�?����,}�J��Յ)D@�^�]ort?�?�L?�G?��mOV��^�?R�?Qc����*�Im��x?;;f��?X�(��4�ޙ�2�2ӵ�?�D8?�O>�?�Rv�?G?W�	G�??�?��?ܜ�����{?�?�*�BI�aM4�>A!��;.f�Cjp�?���7_��b�*��ʚx��ɭ>?��?Q?egrďt��G??s�������?��?��x@1�
��?��?@[_?���NI�?��??�TqV��?j�H?pR��K?F_X�(QG� ��?�[�^oݬ �?M��}o��QD�sTM��kD-7�Nq8u(աk���T^??�?�)2�lx�ł��'hm��H�;y?���~e���C�!?���?��&W�WƼu�?�?�-�?b?�7�O?�b��(=��֌?�/bD?Ԥ�l}�`i�?	Ep(]]>&#x7f;<![CDATA[�ۡX
����8��6b�xI?j���yޅy{�{(�R'3�i����?�?��??,�?t����I�6?)}qM��+9&,��?1�ܛ�FPs(�Z9�?�??�FT�?m��9^\^?f��y;E��??�b��?g3q��L�OҸU?a��HE���Eu?�I�?��F��?�?2��j��~(��=i��I�l?���?�3Zr�6��a�?��
�R]]>&#x8a;<![CDATA[��b�?q���K.�y�v�Qh;?\b�E6(
B�L|x?]]>&#x7f;<![CDATA[??�!䟶���?��6��bOm?]]>&#x7f;<![CDATA[p��/"�??ϼ��s��С���K��7D�)�??7i�m���ޱ�/1?}�1?�-}�4kKۼ���K3;?�A��?�)�vrͯ��?�DQ�mw���[�]]>&#x8d;<![CDATA[��h�����~��?%?� E~?Z�&1�ش=�ظ%���&�|S����o$<���&�!���^m^(z)�M�S?<��ڡ�X��ՐH8��^����]]>&#x7f;<![CDATA[�?>H�Lj�z?�~���蘳�?'�?��]�	u��?[jBI����?{�Ec� Y�?%�"�e?��{�.7f��
cH<��Ǒ ?���/ͽ*�W��|Q?�Խ�?�.?p���\�S�����?�P�?�.s.? K�?_xՀ�,���8j:�?A�}hN�ݙMV��?<�?�`j@�?�h`u�"��P�?$9��)��oS{�T��f#��Lu�y��5ZA�??%^L�/R���"�?��7���?�ǝ��C��L4 ��=D[�?Bb[��?i�+N�?��\n�pX����:6?��{�.7f��
cH<��Ǒ ?���/ͽ*�W��|Q3��b?��?�+%\���9��es��q�?O�?�Y�0�?*�ߒ�N��sx��?�6o��BW�g?�?ޥZa�.ͺE�]]>&#x7f;<![CDATA[�	�h6�ˤ�?$9��)��oS{�T�����o
�?���\?1�?�]<֯�?�D�nI��60d҉�*�ڲn���U1B�yuj��$?���I? Dr�??p+�9K>��N�?�s?�3�]x>�2��?v�;�\? n��1FL�>�(��xF??���?q?�?�#?{��D�0*�@?P>]]>&#x7f;<![CDATA[�ϩ�c
]]></system-out>
  <system-err><![CDATA[apr. 05, 2021 4:57:19 P.M. vrielynckpieterjan.encryptionlayer.schemes.AESCipherEncryptedSegment adjustKeyLength
INFO: [vrielynckpieterjan.encryptionlayer.schemes.AESCipherEncryptedSegment@0] A key of 10 byte(s) has been provided for the AES-256 algorithm. The original key will be repeated to obtain a key of 32 bytes instead.
apr. 05, 2021 4:57:19 P.M. vrielynckpieterjan.encryptionlayer.schemes.AESCipherEncryptedSegment adjustKeyLength
INFO: [vrielynckpieterjan.encryptionlayer.schemes.AESCipherEncryptedSegment@37d05efb] A key of 10 byte(s) has been provided for the AES-256 algorithm. The original key will be repeated to obtain a key of 32 bytes instead.
apr. 05, 2021 4:57:19 P.M. vrielynckpieterjan.encryptionlayer.schemes.AESCipherEncryptedSegment adjustKeyLength
INFO: [vrielynckpieterjan.encryptionlayer.schemes.AESCipherEncryptedSegment@0] A key of 10 byte(s) has been provided for the AES-256 algorithm. The original key will be repeated to obtain a key of 32 bytes instead.
apr. 05, 2021 4:57:19 P.M. vrielynckpieterjan.encryptionlayer.schemes.AESCipherEncryptedSegment adjustKeyLength
INFO: [vrielynckpieterjan.encryptionlayer.schemes.AESCipherEncryptedSegment@4ea36671] A key of 10 byte(s) has been provided for the AES-256 algorithm. The original key will be repeated to obtain a key of 32 bytes instead.
]]></system-err>
</testsuite>
