<?xml version="1.0" encoding="UTF-8"?>
<testsuite name="vrielynckpieterjan.encryptionlayer.schemes.RSACipherEncryptedSegmentTest" tests="2" skipped="0" failures="0" errors="0" timestamp="2021-04-17T08:36:07" hostname="MBPvanPieterJan" time="0.37">
  <properties/>
  <testcase name="encrypt()" classname="vrielynckpieterjan.encryptionlayer.schemes.RSACipherEncryptedSegmentTest" time="0.094"/>
  <testcase name="nonStringEncrypt()" classname="vrielynckpieterjan.encryptionlayer.schemes.RSACipherEncryptedSegmentTest" time="0.274"/>
  <system-out><![CDATA[��??sr?Dvrielynckpieterjan.encryptionlayer.schemes.RSACipherEncryptedSegment�]]>&#x9c;<![CDATA[р�?Y???L??encapsulatedAESEncryptedSegmentt?FLvrielynckpieterjan/encryptionlayer/schemes/AESCipherEncryptedSegment;xr?Avrielynckpieterjan.encryptionlayer.schemes.CipherEncryptedSegment)�>t�L-�???[??encryptedSegmentt??[Bxpur??[B��?�??T�???xp????`V^����+��S�+�O�P?�`?�]Ӯ6�3�x������`�?�!\���eH�]]>&#x7f;<![CDATA[qFXMz@j�?�E�[??c?�Q�r��;l�	?'�(9?�Q2F�hC�Ѹ���L;Sgi�V4H]]>&#x7f;<![CDATA[�3Np
Â?G��pp	�?�?vZ�+23�?���fF*�-?����8`�Z��ge;-G�����q�?�6�}k�?QH��aDdB�X|3�ie�fV�b��B�\���[��2?_���\�-���?��?���?Q�?��_��#?U?�O��J�?���x>Cq�!�sr?Dvrielynckpieterjan.encryptionlayer.schemes.AESCipherEncryptedSegment��?\?t[�???xq?~??uq?~?????�	x�����?Rʡ$��?_����r?~�G�?�GK�~U�eR��?c���C(�o�i�j�nYTW�]�.-���?�Q�5`�ԑu�0���C�h?�SpY?%<
��?����"b��`SeX�xMb�@"��W?���?/t#P��q����?If���1���?w�?�����a�V�+,?�4��??����H��o|��h���?�gJ�sJ�K�Q$���Rf$߬�k��l*86����?�x�??�?N|�?&�^?��+D���	��?�j��?����3��]� �PVM
�J��n{g?oib��;z�:�t��ͶsC?�6�����H�?�t4l�̗�o%�6�w���?���*3?zL�m��ɜi]��@6�?�Ǫ�('��@���q�?�~�̔�"�??�?	����A��T?��^㷠ߝ2��8	�|!��K�?j�%ݙ�F�����Ȱ&�&��fa\y?�H�??�Z�L��wl?X?�?֪&F�b��(��?�@6-h�r��_Ba;d�?�����
��??sr?Dvrielynckpieterjan.encryptionlayer.schemes.RSACipherEncryptedSegment�]]>&#x9c;<![CDATA[р�?Y???L??encapsulatedAESEncryptedSegmentt?FLvrielynckpieterjan/encryptionlayer/schemes/AESCipherEncryptedSegment;xr?Avrielynckpieterjan.encryptionlayer.schemes.CipherEncryptedSegment)�>t�L-�???[??encryptedSegmentt??[Bxpur??[B��?�??T�???xp???? w�?�t�S��v�E��{�~��H�#|l/�?oY���???)Jy	?�Q�3�?}\�����eB?6X*��PHr��9C?��J��?c��b$�7���_�.op?�V�9�?R?��\��<��?���[��0�V?�O����_X@�V��}��=طF??�k��n/g�i>�?���?'??@���=��> ?��O�ndy�W��n�ZO>m�톙��M�S�y
?��
����X��3�ǒ�cW�~�?3��A1�#?�?#E ~e�^�<�?<��P]]>&#x7f;<![CDATA[E<G���sr?Dvrielynckpieterjan.encryptionlayer.schemes.AESCipherEncryptedSegment��?\?t[�???xq?~??uq?~?????�?L?;J?*`죝�+駮%?+?��=H��C�V���IF��p�?�ˎȟA�2����S��H҈��Rѧ3?�<9�7�y?M��w?t0^Z����W�.���OLy	�D� nƻ�ڊ;_�?<����v᝽��Op�)z��<(��?��\_?"8Ƥ�-?n����?�?@��E}?;
T�???f?Z;[���:�����%$36]�m��2�^�f'�d�?ӓ�6���7Ev�+X�>��d���<���ro�T��#n)�Q%�"�2��?,.��Cr�����F?y�?�@�9?���p\H�t�K�Q?��r��,?e��4��?�[�S�O?�n?���e�2�G�M�.�b��i\�"?��?�J��A�L?p?�����T�޳��xj7��PV�NS?a�x��ۻ�.H?˛�|'M(
���r5��w�7|�M�?/��=|E??�?*;�5�A??�r�?.?��2?⿿�C�Ŭ��??���SE�AB��"??���֐�w��z�5�ka�??�A������c?�3?�x?:&켇?wr�?
?[?\wEĜv��u`�)`�A)�����e�A�u?Kf栧?\��?:����G�?m���S�?��/��]J�<_�5�f.�$�yf�B?�?�����??�?��=���|�}!��4�,M��?U�i!�����]]>&#x7f;<![CDATA[X9.�]]>&#x7f;<![CDATA[���?cUm��̦2佦l�Ŝ�h��o���i?���
?������-���Gdƌ��?>P��?6�?�e?0?*�0�IǬ?[��@M?y,A��⧃�X�?�>��?��Q趓?������k��6H??HJ�?^Nr�g�@T�,��p?�#g�uU�?�?]]>&#x7f;<![CDATA[?�1��;�ے���?c�OsgÑ���sN'	u�
?�ބ�?����� �U�7�N�M?4
�;��?f�?X?� ��:T�%�]�O�Ie��V����/r�d�UG����X�n��Ɍ��H?��=P(���p�
�xՆ�M	?&F'e�?�??U��M]]>&#x7f;<![CDATA[Xu���B�j����pܾ�E��jeg���?����o�敎[b���?t����4��?)�[���?+��?C2�\�?ˉ�`m*�Hw� ^�??��ml©E%�
!�?+c�c?@qH�ؤl?�ݗ�4����W����!��p�J�%^�w)�?|��)9?Axu? '��U�+�?]]>&#x31c69;<![CDATA[/�"��?|�Xڶ�?�C�����V|�K?O�51���??�T�%=??���q����ɋ2D?yX��?0e�i�??�rH�?]�?=�t�D��"|)���j�]�s<?r�Z�٦q�&6Ry��i �[k߶!�sI�?��?��� �0ح�f�I;�?1�SB?(z?f�\t��#���vw��V�?Y??~��ԡԵЊ�e^?;7�?����?0�ޣ�n?�\�??�*�����4?�Szn?????�Li?�4-qs�MQ�a�r%��G�ď?��?�i�����ح@/��'�� ��xC�?�u�V?}?lU�]]>&#x7f;<![CDATA[�<����?��b��?��\�?ˉ�`m*�Hw� ^[岬�[�dKO?^��1�?�Wd� �����7(?=�c���??/s��);+?#????r^p?t��^e���4��G�ɗ�	�l�?0�ޣ�n?�\�??�*�h{K~ƥj��P5?5���U?�?�+�??d(�DU��̝�?���t]]>&#x7f;<![CDATA[�Z�FZ�
�0?x�rWYh��d0��W]]>&#x99d63;<![CDATA[�J??U??}3�Z?��͓��?�e�Ŋ�^��$ۃ�����Bgn�r?����;�?��
{gXX-��E?�&�X�L�f�hr���?�D�?z]f��?���?�#?�o�p#�?`?���Aqb4�k���ZH?_��?UG?G�.�?��+���?�?(���~��d�aQP
�ⴝ��3�,}�y�A���?�o?��g����?�x��a��ች��8+���`�~Bq|M]]>&#x7f;<![CDATA[��3�?��?@�&�X�<ݴ��,�Oy�X��?��"��ȝR�L�?��?/{���-G
4��|�'?�+��g�?P��1]��s�?!�F^�� �y���A�?]]>&#x7f;<![CDATA[�l??\M?YQ��߸��-�L�?�P?5:��??�^���Z_�]]>&#x80f5c;<![CDATA[��_�C�9��_?m�v7����-�7W�??㺝?�p����%a�z"?�O�?��)��8dg�?�`QgJ]]>&#x7f;<![CDATA[��?#�]]>&#x7f;<![CDATA[��ʖ�??��?�f�>���?k?&��L?���2��7���,S�X?U`D�^�e�?�����է?\RT��o����%�g�j�(��/I��B??�y#;�y#�Y��9��YM��H}�?G7�/#��@h5���b,[?����� �Y�ţ#�?��?,S?kL�J�4R�;(?X&o�/�^�?Ӟ��"��1��v�XK2�����?���?L?~?j?r8���m??�??�)�?�����/��1�{�?�m���8?�M6��L��f�Q�]]>&#x7f;<![CDATA[���?}*+�M�3����?#�P�N'�?ޟc�ds?|W�`wfO�)?Yb�N`?�-�?�
�)m_?��sTy��`EK?Sn��ۤ??������0�۷qA|?��f��8<_ϒҦ�ʣ?6q,�=Ӏ~�?��?e�|�K�T �\�?N;�D��?��?����z20ϔh%+w?�-OY��D}�nq�R����3��笆Ƿ���eW�3�;4M�~G?�ݹ'u3�>��ʭI`?���F�?���?�;��<��?�8�z>�]�?
�?�8�?j�,i۽6���ڟ���*w�L�]]>&#x7f;<![CDATA[���t'�nN���Bj������.!?{i?�YŘ���f��ۚ�S��?�G�c-$�S��I�Ǻ�����=�VL،�\�?����?�k?��^�Ԋ�yb�]]>&#x7f;<![CDATA[��5��?B�w��0k�}Y�Q��\�����??�%�Q&?'�m�L�O??����?w�O������?8?�!j?^o��Y;�t�%����k��wʴ2�B6k�S�Q�?*�qP?�c�cA0??1!�7?�h�?j?�?ݜ�H$Md�25?٣����?cd�?�:��?E#�Qr?ˁ����%5�N�?w��?��-??��?w{[��Ds�7/F�N	���1����s?��fJ?���)�?U�b?Z�U��?
�R%����{�
����??�aN�SO8*%ުG�2��*���l?�0(���?O���3Op3?� ��#��'o?U��?Ӛ�k	9�?���VH�?_?�eK1??{�GEP����&�c�?d�#=�?�??�P,?��y:\?쟥;���{G?~?P��?Fw��5桔^Ţ?4�;ˊ��H�W�I�?��{���m?,�??��6�?a*_YU�7X���i!�?����?wlx$-��&�p?`�&٥f?I���R��?�~M�??r;?QR��bV΅q���?iō�3�(��{� !�p+�>�]�*�?b���Q�S�qנ�R����m?HJT#�Ö'6}v?w�B��4]J��;�Մ�[:��N�?U�u��k9?�<?���2]]>&#x7f;<![CDATA[`��jc����V��"?Bͪ�9?�T��bY?��?¸U����(?�?�Q2�����`
]]></system-out>
  <system-err><![CDATA[]]></system-err>
</testsuite>
