<?xml version="1.0" encoding="UTF-8"?>
<testsuite name="vrielynckpieterjan.encryptionlayer.schemes.IBEDecryptableSegmentTest" tests="1" skipped="0" failures="0" errors="0" timestamp="2021-04-02T18:09:08" hostname="MacBook-Pro-van-Pieter-Jan.local" time="0.324">
  <properties/>
  <testcase name="encrypt()" classname="vrielynckpieterjan.encryptionlayer.schemes.IBEDecryptableSegmentTest" time="0.324"/>
  <system-out><![CDATA[��??sr?@vrielynckpieterjan.encryptionlayer.schemes.IBEDecryptableSegment�n?�|l{�???L??encryptedSegmentt?$Lcryptid/ibe/domain/CipherTextTuple;xpsr?"cryptid.ibe.domain.CipherTextTuple7-@?ȠTV???L??cipherUt?0Lcryptid/ellipticcurve/point/affine/AffinePoint;[??cipherVt??[B[??cipherWq?~??xpsr?.cryptid.ellipticcurve.point.affine.AffinePoint�#?U?�a???L??xt??Ljava/math/BigInteger;L??yq?~??xpsr??java.math.BigInteger���?�;�????I??bitCountI?	bitLengthI??firstNonzeroByteNumI??lowestSetBitI??signum[?	magnitudeq?~??xr??java.lang.Number���??���???xp����������������????ur??[B��?�??T�???xp???@�?�K�+6�?�DJQ7H�?s�??�P��Sb??��]<jH?��t?��ӵv�?�����0�h�7����xsq?~?
����������������????uq?~????@��!�?&1�ּ?p?���oR�մ��(.?�pv��1�L&?�?K������_�{?��D?�u;��]�,i��xuq?~?????�B�<�3)���ՎGm��=.?uq?~????�{!O��g�QܓFA��z�?�.�į??�d��wYAS?S-��"�ux??�]]>&#x7f;<![CDATA[)/?�~�Q?���@E?��N�Ӳ���4Й:��}�?
�?��d?9y��ư?��|pj��?�.�D�wgk㒰YP?��Ö��+?�)�?xF<���??~�?c�k(�W��#ۍxA�K�T?x�p�?�(�Fc�
q�\�<�%֞h�]���?�_;?E�$�?\�<��]]>&#x7f;<![CDATA[ӱ�Dy��?՟FQ��/M+�-�a?E>���z�?��+1=?��?��C?Ye.?�?0?+��d����zTlbn?�*)9?���%1=W�0v�)>?��j4N���w?�s�xA|��ye�D��h��o�TJ�u�?�?,K�zn]]>&#x7f;<![CDATA[�7�Q���dF�HEY6!��5*ق?L ��.��e闘k�?�A&�,?��,�@ �Ҭ�U��Ñn�������(?��>�gt�F��%��{�?9S0�?X!�X항o�� 7?�??)4�ֵz?ֶ
]]></system-out>
  <system-err><![CDATA[]]></system-err>
</testsuite>
