<?xml version="1.0" encoding="UTF-8"?>
<testsuite name="vrielynckpieterjan.encryptionlayer.schemes.AESCipherEncryptedSegmentTest" tests="2" skipped="0" failures="0" errors="0" timestamp="2021-04-17T08:36:07" hostname="MBPvanPieterJan" time="0.128">
  <properties/>
  <testcase name="encrypt()" classname="vrielynckpieterjan.encryptionlayer.schemes.AESCipherEncryptedSegmentTest" time="0.003"/>
  <testcase name="nonStringEncrypt()" classname="vrielynckpieterjan.encryptionlayer.schemes.AESCipherEncryptedSegmentTest" time="0.125"/>
  <system-out><![CDATA[��??sr?Dvrielynckpieterjan.encryptionlayer.schemes.AESCipherEncryptedSegment��?\?t[�???xr?Avrielynckpieterjan.encryptionlayer.schemes.CipherEncryptedSegment)�>t�L-�???[??encryptedSegmentt??[Bxpur??[B��?�??T�???xp???�K�r�?�G�?��?M���]]>&#x7f;<![CDATA[4v����^���-?R��i�?!��p�?��>z)�����?�j��a���Q[�>?�t�6	{]]>&#x7f;<![CDATA[U�P���o��+J<r��W=�?�^`d�h��ġ 3�3aJ�x�3RVB�l�����FT��??��<��x��V�>���N�o_k�����?�ԕ�?���-?5b?�=5�(1?%�g%UJ�L�X?O�n?�C�����}���l32Q�P `0E`1�GP}ݷݺ�N?]?n��?�?lM�&??���?8[�)?]�����?6�H�m�2�?[Eŭ?�0;r6$,�#�-7c??�,.\���?~���|�ن�~]��gW��hsFH|�?-� �#���^ӳ��(�̻3�@jG�\Ut�?Z.Έ�?^rRl-�1�&M�(�]]>&#x7f;<![CDATA[邉�?j�g�O?+�E��h�?�G[��g���9�ݺ??H=?,���CӪ�aּ�CN�2�-Q�?:ן�???@����k���c�?+E�J?�p0���R��9�?�S^
��??sr?Dvrielynckpieterjan.encryptionlayer.schemes.AESCipherEncryptedSegment��?\?t[�???xr?Avrielynckpieterjan.encryptionlayer.schemes.CipherEncryptedSegment)�>t�L-�???[??encryptedSegmentt??[Bxpur??[B��?�??T�???xp???p??���:�0�y�?ր��<�}?mU�?7���?a��K�\�Qa���y�C��???�V�?��???���?�o���B��J�o�w?I�i0^���u�4?������)�ޝ��?��=??�8��[�hS�?�J�AЗ�A?4��L�I�㛌��=�D�{\�Ij? R�?$ٖ�K?|~�I1?�R�B�e����!GA��� B����/5'8z�N�?��]]>&#x7f;<![CDATA[��?�|0?_6�fS��+o�??���h8n?�?N�]�1���?�f+�xR�E��![�u?�J�??=�Z�?-�Z���1��p?T1�_?�9�O�)l�9�=Q��A��hu�2�?b��ͤ@?/�]]>&#x7f;<![CDATA[e·�y�x��#�a�ɶu�C�?�,.?��uS���)�e0�i|�4_?	N�v�s?�?=��)hch�??�n??}Ӹ@��2�HEo:?�헪$�X׶��m]@h`�V����?��T�Ȓ6�{�?�W]�܁?�)���.�?�b?�~	�����?l?��q?q~I�܇??�ü��K���?�}�'�m?�?�f%�?��qw�>�(�B���� ȤI�Jr̹��ړ��?%�?�?C�?�T?/�k7R?��S?�?KJP��.*VB�SC���?����`���?
?���?`�k�Ypxis?j&?jԔ]hqHb/��?�on??�ǉ?c?S�?\&7�&���?��?\��?w�x�=)䋏??�&�q?�9?��?UȎv�]]>&#x84;<![CDATA[kH�f�Bڔ�?XQv�?GK�Ȅ�]%��ÿ�*��qr*z�?M�%wx��?}l�da�y��`O?cVH6R�??�Q?�?��F1(��}��?�9*���h QZ��?���:/����P�1�<W�S�.<#?��Z�4|����b~����?�C�?���ݠ�\B?g?�X��̨�H˹y�r?B(�m{dF�u?:�q'�b�O"�F�i�瀪�?=�q?�2av ?�?6?:�_����|?��V?k?,3�9�_�Y�??�?�c��?��?A�(��䄺�ծ??8+�y??�Y��?KC\??A�?v�4L�[��{?�1?���M01���y~?5i-�?�f?T軱n��X��H[?0%�mã��~�?c=�?�s$t{g��&�?�???F?|L?%�-��?�e?(?�6U��s���Z,?���d��%�h?'?�D"5y�X�)�;�.?x��)�TRR^�_��%?	h�ŋ",���@w18t'��[L���??Đ�1l1[^`c?�Z�*��"���u�'?���j� ?Zx?�X��\��?m%���w��h��?�d�`�:����3���]D�"7a�?���؇]]>&#x7f;<![CDATA[ p[�?K%��]]>&#x7f;<![CDATA["i��
�!?mTǊ���?|����Q�uA�eS�f-����?k\��ޤ$S���?�i>�H�T�?�f>0'���i�N76$��G��ڶ?I�Q���?��?jQ?�r�j-J�|���t`zكӦԙX��x�H�p�|�$�ύU]]>&#x7f;<![CDATA[??����u�'?���j� ?Zx?�X?�8��Rw?��
��k7$%�
S;�s�?ыq'JPy?�?�p??��Й?Fd�v��Ɖ
�?i����?Q��!H��t͙�^a
3{sO1A�eS�f-����?k\��ޤ$S���?�i>�H�T�l��?��??��O�J~o�KJk��"w�+s��V*?�W)q�??�<�!��B�RӦ�y���?2�?�?GI*�DG���?����'dQ��K��lL��b�/?i��<�^�i�ij�|h��Ң??,�2}S�u�G?\`�?�I|�ߞ?��ΑC���??|��RM�w _��?&?n�t����N���^?��Y5?.�A9?e�V��Z??M�C��a���{��?�6?C?����I���хe��cY���ŭ?��%j���k?	�΂N?��?S�??��<�ޑc�Sqĉ��?�\Q8� �J�H�?Ր��S�0��?P?W�*?O5���Ēq6?rZC��?y=?�Z_?�?��?�n������.��3s��8??,��N��?ݝ6u7�F?���'?�O�^E�?���X?�ԽĔ3r�)$�r�5����D����i#�?X�|	�FĞQ�?�??�|:���?��?Ag���\�?�  f?^@�1eͧ?
0B�آ>�� u�?.�k�?L�Su	�,~92شGx�i̕0%��|�?%�?$�?%��I�X�?�?�L����^�A!h�?�]]>&#x7f;<![CDATA[psE��?��?��	�T�{ʸ�4Գ?��?��?��mr��?�,����?Epja�?�X���%�sA>�?m@��&?��X/n���>߂#�B�ka��ŵ?��?Q�6i���o?�?���?�%�M�=�?����"�_�~TN�9+�j0:?�Z���F��ح���?9U�q�?���?m�Kc
?hd�O���?�ܗ�`lo���?=k�����̹��?��U��Ԓ?	m��?2?T�??P��Z�%;�71t�xϾ���??��u�!�Y��
���GU�mՃd??�X?�gt�L5�4�?-�?#�?��?Qg_����%�hC�b���5?�R?6�a�����őePp��|,�T'j¨T=�I6�?��=���h�~��V�9�m?gZS�����>?s21??e�?��ޣ�"}�l�d��?�x��s��4r�+^�ϡ�??5?�M/?�)���?�1��?�)"O0�"w]]>&#x7f;<![CDATA[����"2���?q�?�H�}�4N��j�v�nd��?��Ϻ'�S���b���8?Q�7�:�K�3�B��d?+G%�����]]>&#x7f;<![CDATA[�{H��AG��4�鞢�j�#S�Θ��jhufUC�a�E?�B^~��`�MW��^tQ?|
�Pa?����,��rz>eި�=�c�??+�?^!��m�*��O???5�Ů�?4�C���??hE"?�]]>&#x7f;<![CDATA[.�q�-�Zۧ�H[��?���?��?��#?�p8u"?�8?�8?���K��9@8r�?�?�9z?c�+6G'D�uD6D����kA�(�k?:WȂ�?���?"!�?��G?ĥ���g�潪�?-�?�-�c�:�??p��AL��?9��s]�xL���`�%��?�����?�KHJ�������+u?XzO6���?��D�?�������ؓc��U��E��?
|*Ab�-�S���g)��lU�e?��?�j̳_�|�n?�1��b�1??���R?(�3{�����[U�XVD�3�8I{���/UP?}?WQH�툘?��D�I��%�'���픗/T8z2b�zjh?��z� <�tc�(	i%��MK��??�I�?���Mܾ�24��?�J��QI�4.�hQ?y������?�A�?�?�'�]]>&#x82;<![CDATA[<�?l�??�!hbs$J����aI�?L8�Ѐ�s���WW�na�/?����-6��?����d�p�'J��ڮY5�*?`��~��K?Ydnt��?�G��xn?�+J�?��?,�;��?��c=���F��yGg!kB�˻���J?y�?�H?�?�� k?���2��bc*??�M9"��?��Q?;
]]></system-out>
  <system-err><![CDATA[apr. 17, 2021 10:36:07 A.M. vrielynckpieterjan.encryptionlayer.schemes.AESCipherEncryptedSegment adjustKeyLength
INFO: [vrielynckpieterjan.encryptionlayer.schemes.AESCipherEncryptedSegment@0] A key of 10 byte(s) has been provided for the AES-256 algorithm. The original key will be repeated to obtain a key of 32 bytes instead.
apr. 17, 2021 10:36:07 A.M. vrielynckpieterjan.encryptionlayer.schemes.AESCipherEncryptedSegment adjustKeyLength
INFO: [vrielynckpieterjan.encryptionlayer.schemes.AESCipherEncryptedSegment@37d05efb] A key of 10 byte(s) has been provided for the AES-256 algorithm. The original key will be repeated to obtain a key of 32 bytes instead.
apr. 17, 2021 10:36:07 A.M. vrielynckpieterjan.encryptionlayer.schemes.AESCipherEncryptedSegment adjustKeyLength
INFO: [vrielynckpieterjan.encryptionlayer.schemes.AESCipherEncryptedSegment@0] A key of 10 byte(s) has been provided for the AES-256 algorithm. The original key will be repeated to obtain a key of 32 bytes instead.
apr. 17, 2021 10:36:07 A.M. vrielynckpieterjan.encryptionlayer.schemes.AESCipherEncryptedSegment adjustKeyLength
INFO: [vrielynckpieterjan.encryptionlayer.schemes.AESCipherEncryptedSegment@c1949468] A key of 10 byte(s) has been provided for the AES-256 algorithm. The original key will be repeated to obtain a key of 32 bytes instead.
]]></system-err>
</testsuite>
