<?xml version="1.0" encoding="UTF-8"?>
<testsuite name="vrielynckpieterjan.masterproef.encryptionlayer.schemes.RSACipherEncryptedSegmentTest" tests="2" skipped="0" failures="0" errors="0" timestamp="2021-06-20T19:27:26" hostname="MBPvanPieterJan" time="0.37">
  <properties/>
  <testcase name="encrypt()" classname="vrielynckpieterjan.masterproef.encryptionlayer.schemes.RSACipherEncryptedSegmentTest" time="0.126"/>
  <testcase name="nonStringEncrypt()" classname="vrielynckpieterjan.masterproef.encryptionlayer.schemes.RSACipherEncryptedSegmentTest" time="0.244"/>
  <system-out><![CDATA[��??sr?Pvrielynckpieterjan.masterproef.encryptionlayer.schemes.RSACipherEncryptedSegment?�8f3?��???L??encapsulatedAESEncryptedSegmentt?RLvrielynckpieterjan/masterproef/encryptionlayer/schemes/AESCipherEncryptedSegment;xr?Mvrielynckpieterjan.masterproef.encryptionlayer.schemes.CipherEncryptedSegmentC�si_��???[??encryptedSegmentt??[Bxpur??[B��?�??T�???xp????W����e�?u�D5�׷����?4-j<h���5l�L�"h�r?�|�S=����##?3.�gUP��;Z+��?�,{Ao�XM�)O�E�j?<n^���-�?x��?��?���o-��]$Y�?ڮYo?
����$?]]>&#x7f;<![CDATA[�-O�A�pR?��?��qt�W��?�lN?�Ħ���k��?|D�2�����V?�DY??�-ۃ�ݓh��?{�)?�?�n����+��̩��'L?��?�ΰ=??����?�]�v?B�z�
��6�?*?0���ُ�L�MaZ1sr?Pvrielynckpieterjan.masterproef.encryptionlayer.schemes.AESCipherEncryptedSegmenth�<�Cc�@???xq?~??uq?~?????��:�?5����l,�P-��?�{�◑���?��b���.�>c�?/)�`���?5�!����1�*�]��z��?�z�G��?u�?�??�iWgg?�z?g+.9Y
�a�-Ox.�rH�?��`�Z^`sxO�s��V����yyI˟�b�F��i�J�y�3��i8��W�Q�
r�?/��Z�_?�q��?��Y?�3Z�?�����>�����V�}��9Q�/?k6�&�?YQPp��\Rf��Wc?�??hQ&��o7�!��l�Jy�??�ñA8H>��,l�b��m�G��l�C?~4�T�q�9�?C��������k]�n�����Q�@3YM��I\���?�<�ݧX?���-Y�=�.;C??��Q?�����-�,�x8B�zz�?�hbU�3�`?�Þ���tz�'?>?��?ܟ��9�H���?cs��\Uu*�7]w�@�Q�?�<���F-H��^OѫM��L���H]]>&#x7f;<![CDATA[X�?6�����?�|�?:?]]>&#x7f;<![CDATA[�CM���,?��%�?�o���#K�=�v}��
��??sr?Pvrielynckpieterjan.masterproef.encryptionlayer.schemes.RSACipherEncryptedSegment?�8f3?��???L??encapsulatedAESEncryptedSegmentt?RLvrielynckpieterjan/masterproef/encryptionlayer/schemes/AESCipherEncryptedSegment;xr?Mvrielynckpieterjan.masterproef.encryptionlayer.schemes.CipherEncryptedSegmentC�si_��???[??encryptedSegmentt??[Bxpur??[B��?�??T�???xp????�y���V�v?9I^s�~p�t,??��N�?r�
�?�KLJ�)�L����?�����?�f;���=L?��Ft����uܰ�t�R~�_��ح�oa??st{ۯC�`?�5�?�n�y�_c�?@7�q��g?��?q�.�g�\?�}�??�eXbz?̋]�x1V�5SP1���^��F�	������?�CH�?���N�K���*�%i�zщ��I�E�C�?)�?��v3O2?�Y��<��s��?�1Z�D�����@�?V�b??ڶ=ƅi���?ک��sr?Pvrielynckpieterjan.masterproef.encryptionlayer.schemes.AESCipherEncryptedSegmenth�<�Cc�@???xq?~??uq?~?????���Ê?U�V�#�ķ�!?D�N?��S�w����{?�V�???��#Pm��?)�ތZ?�?*�?�?sF�?�O:�3P&?P�?�?�$P�?��Y��!Y��?e~v��N��Ǻ�]]>&#x7f;<![CDATA[iK�������?G����ť$����'e^q��?��QN��8�r2?8A�}��?��K�7��P�?p?Z��=�]?��?� ?	?*�_�??]s��2�?^�z̃7<��?�?}��*q�_��@�>����?g�r���?F�?/��
�!�
k�??EY�6�?�b�$?��<�?�,�?h�?�@ݲ?d�|[Ix?�%9g�-�=43/�VRYJ�X̴"fD�?��dGt�?BĚ��G�zS��T���D��l?p�R?]]>&#x7f;<![CDATA[f�?�ĩu>�]]>&#x7f;<![CDATA[����ZU�?�bʱP��-�?	���?�?ѻ)�?��T�,���vi�?�,���>��1�?o��
�m?��`?]]>&#x7f;<![CDATA[,4��0ڂ��n�I|�dh��ڮ�??q����?fJ2&�[�|!E �?ڊ��2C?ȯj�j�9��ggr��/�f?ŝ�$X��RP:.���@~$�f��h�j�ȓa?�o�?�����V#�8;���Vj�?�0�I��	'Ѻ~!�h?�0TZI�Vx>l]��ɾ��
����ˇ�Zh�?���?R=�?�
�F�8Q�L}qp&??����DзP��?ܢ�a?�?2k Bg�}��6��?F�z�?l�zS�A{�{�%^0��䮕�ܵ��y^#jlF�X�S^U?�X?�?\���?�?8\AU�?�P�!
���[�\-�?��[?��{�+?�Y�h$Q���>3
��?�hu����?Y��zU��i?<�<�W]?��S��L�{�6y?�L�'�T���&S?N}?�?j�-"{����?	��'�U8�{E��Of�V����??��c?�???�1U�,�\�j���s$~�?�]?��ɟG�̩?Ȝ�����?e?�?G�???\Yw�?z�%_=�Q�ܛ?����`�>_?�)m�@!9@	?�?3c��nMn��?�?hԜ��_ȷH?w�������G�K�q�l�]]>&#x7f;<![CDATA[�0%���@)��-*�;�??�L�4@�[;�B�Xܫ?ǯ?˃�Y<���5zYl�U���?��c�I������]mJ�?��r9r$<e�������h��=?;�⒲?R��O0\�O���}���{���+?]N�����DEږ�B����<+繷�?8`{�M�k��ra�ʣ��/��?�;s�0\0riCi��.�D�?�h��??�w;�ZJ����nt���??H?��H|�t'���,�E]܊h�O �KTF����zu?t�8?ޅ?]2�?�'/VJY���hk`6���d9Q����T?����2��*?x�	��	�m%�y�hFN�
�?�?���?�?�e;$��έ���D�bb�g?_Ɣ�?7��g(��XƧ�<?��0b�i�p�2�F�???n�!;�<�?���z�Y)s�����M�p�-����J?�m�{r�8X;�N�[N?�c����?_�?z�\��?7�Ta�??�9y����zu?t�8?ޅ?]2�?�'/VJY���hk`6��'��|�[k�#G8}?#r6"TQ?��]uJ�1�YP}�
�;)�E�Q=d?��.Tbd��?��U?��zin�g?_Ɣ�?7��g(��XƧ�<?��0b�i�p�2��#~�B����?���9?k�?�ݲA;-??!f�?��V?Fw���[��:?�792�HqL�m�e�G	%f�]]>&#x7f;<![CDATA[ʥ*��m.g?���?�)��#??n,W<J�[�?�kR��u6�?Џ[-�/��|�_��?���*��L��A??x�3Wl�G]]>&#x7f;<![CDATA[0?�km�n�?�V��ғ�w^?m?����K�m����?�!�w����a�W?�?)�PS��o�2�]�?��"�[�i�9�0.!�?�7�ڝ.5
ѱ�?+a��_?���t��|?J�I'cE�Ǭ�qD�����|??��F?y[�?Qcj<?'G��F�
ێ<RY�rMU`M����uo�]]>&#x90;<![CDATA[�o0��E�������Ȫ��J���m7-?SD	�?�b�Q�~��;]�'��<��mQ��,�1�����ĝ�N���?Z����!?��?>৒٣?���lVj2�?"��{�#�Tfy��P��D�Kp1>�?-�%w\�??齋Ť�"?#��ߥ]l��&�M�K�3�E"�i�E?Z�?�\lY.ܶ�BhT���?]6P?(T�6���?��������u�UC�7�Fl�x�/�%C�?Ƥ�����0�0R���x�?��?m:�?�e�W?��?JŔtv?ЧO?d?�ӑ�b�W�f�Œ*V��!1?øw�{?��?>6?��$���X�j?{�?jV�H؉���?��?�Hʛۋ?:t?��`��X?I�??�$�R�l��<���]]>&#x9a;<![CDATA[�����?��/;�4�*��n�Ń<���o�d�κ�Y? ��/f?��?�ƳG�x��/!��ߪ�8����6�z/0��m�?vh�:vIn_�r�q���?.I����>�7�e���W��t#�&??�?X�r
�eh��Qh��
�x�WU?��
�j	^?X�?,mA?@��5&�)?ƮL2d?߻��d??��y=\]�p0t��WdV�F��w??�?�8ɥ??-�qT���?��?/=���?N���oScUt}���!?w?�?A?���P��]%w?-�??���u�?�@8�?��35?�׊�Nkg����=@Y�n��?Q���N�XK�LH�Q i��S�/����?��?��%�W�\�/�R?�8F���F c?�?�Ќ�o??o�6�?�녀W�����%�y�?�*�n?�G������p�O�3?�ͦV�!Q��m$柩q%������l�\wt�����gQ??c�[�J��*kN_	?W�ܮ�]]>&#xd8222;<![CDATA[��>r�i����v4�?Y�nZ4LqrOg6?f?�{?�K��??�]]>&#x7f;<![CDATA[S?k�|�s}���˽��55��Z�iE�?�RWo g{:ў<�??\�7'<+�妭�,P*h??�t���&�?��Wv��hz��?/ps�C�t�?ޏG?]]>&#x7f;<![CDATA[Vq�*��M�??Z��???�*�j�$hn�LmӤ?����5W��?�?�?h/�ܙ������� ,n??�p܁7}}�`B?g�t�?�?�6([�-�[#e���K��?֛�;���?/?�?hx�^J*?1�P�ͩ�c�?%?�c[�@�/;��?8}(�߿��O����?�����R?��?R~�e�Ho?k]]>&#x7f;<![CDATA[�݄�|�?�?m�ʮʤ̎f�]Q��c��Y�����u?�ե�??��u��w??98?���X��?$�I3"�N?sj]]>&#x7f;<![CDATA[db��:�
2x\?G�?0�?ˏ '�z�qH��8���G$?����4a�;\��=?b5�?I#?�~B�7e��Ѧ�?�!�
Ǧr���<;?YtZn�?4�C�w�\F���s���|?g?�.�'�??�F?�\?(r�	?G�eW���nDVf�]]>&#x7f;<![CDATA[�?r%�U?f��]]>&#x9e;<![CDATA[��;?��A3�r�=�bV���g���09��TOeGK ��n\�P���G�LcC�w6qu?�]]>&#x7f;<![CDATA[�٧?�l��??���?���@�,lH�M��
]]></system-out>
  <system-err><![CDATA[]]></system-err>
</testsuite>
