<?xml version="1.0" encoding="UTF-8"?>
<testsuite name="vrielynckpieterjan.encryptionlayer.schemes.IBEDecryptableSegmentTest" tests="1" skipped="0" failures="0" errors="0" timestamp="2021-04-11T07:54:03" hostname="MacBook-Pro-van-Pieter-Jan.local" time="0.314">
  <properties/>
  <testcase name="encrypt()" classname="vrielynckpieterjan.encryptionlayer.schemes.IBEDecryptableSegmentTest" time="0.314"/>
  <system-out><![CDATA[��??sr?@vrielynckpieterjan.encryptionlayer.schemes.IBEDecryptableSegment]]>&#x7f;<![CDATA[�/�p?B???L??encryptedSegmentt?$Lcryptid/ibe/domain/CipherTextTuple;xpsr?"cryptid.ibe.domain.CipherTextTuple7-@?ȠTV???L??cipherUt?0Lcryptid/ellipticcurve/point/affine/AffinePoint;[??cipherVt??[B[??cipherWq?~??xpsr?.cryptid.ellipticcurve.point.affine.AffinePoint�#?U?�a???L??xt??Ljava/math/BigInteger;L??yq?~??xpsr??java.math.BigInteger���?�;�????I??bitCountI?	bitLengthI??firstNonzeroByteNumI??lowestSetBitI??signum[?	magnitudeq?~??xr??java.lang.Number���??���???xp����������������????ur??[B��?�??T�???xp???@,?tJ�C˩���6��#�P�?�?����*?���?���M?E'??s?�v?�? ����?4�KH�yʝ?xsq?~?
����������������????uq?~????@?P���]-�,$_T�Gǧ���E�%��d?����9]]>&#x7f;<![CDATA[i�n�4��T,?�N��?���E�B��/s��Џ�?xuq?~?????�C��?�;��GO?޹~U�~L�uq?~????\�?%P�i�Ց�?1�-��>$��ϻ?BZ��=�c�;Ej�}�?�?o
=iP?4�%pbl(r�E@��*�?��a�d�?&x&e���_u�cA�����]]>&#x95;<![CDATA[�<�@����K�Kx�]���K]]>&#x7f;<![CDATA[��`/!�?�rXr??���D��{?+��?H?'��N�
?��?��Y?�F��?;Go?�?Z�E#?lW]?,���hN�!?by� ��?y��W�?K&n��{�:d�9�d�xݧ�G/�T�:�R�?���Q*(��읆 0��?oV?�~�̏V�p^�Cw�љ�=?�?�DJ�9"���?k�$A�?�c8�Sf�~H+?�ƌ�3^�Y��#N�?�v??����	���??Ӏ����9
`�U�#?�A��u?���b??RE�E�8�*e?	M1��cOm?� ��?g?Y�)���{�Ѡ??��f���D� ??Փ�-��?�K,0�dJ�O�Z�����%��?����?%ZW?��?@?"??7.�j�??��XF��
7]`���?�����3;���q�??-�<��X&�ƒ�?U�[�?DO"�wB�ܲ38ه��?�/֘��?�5?)Ձ�A�	1�qy��%�?�@3���?aB��,���5��?U�֎5?�^1P��>D���A�?-?�A����o����*a/Yr�?Z��L��
]]></system-out>
  <system-err><![CDATA[]]></system-err>
</testsuite>
