<?xml version="1.0" encoding="UTF-8"?>
<testsuite name="vrielynckpieterjan.masterproef.encryptionlayer.schemes.IBEDecryptableSegmentTest" tests="1" skipped="0" failures="0" errors="0" timestamp="2021-04-18T09:51:03" hostname="MBPvanPieterJan" time="0.302">
  <properties/>
  <testcase name="encrypt()" classname="vrielynckpieterjan.masterproef.encryptionlayer.schemes.IBEDecryptableSegmentTest" time="0.302"/>
  <system-out><![CDATA[��??sr?Lvrielynckpieterjan.masterproef.encryptionlayer.schemes.IBEDecryptableSegment[��G�Th???L??encryptedSegmentt?$Lcryptid/ibe/domain/CipherTextTuple;xpsr?"cryptid.ibe.domain.CipherTextTuple7-@?ȠTV???L??cipherUt?0Lcryptid/ellipticcurve/point/affine/AffinePoint;[??cipherVt??[B[??cipherWq?~??xpsr?.cryptid.ellipticcurve.point.affine.AffinePoint�#?U?�a???L??xt??Ljava/math/BigInteger;L??yq?~??xpsr??java.math.BigInteger���?�;�????I??bitCountI?	bitLengthI??firstNonzeroByteNumI??lowestSetBitI??signum[?	magnitudeq?~??xr??java.lang.Number���??���???xp����������������????ur??[B��?�??T�???xp???@D��!Q?��D�)�=��z^1�?����x�C?�?׌[�9�?�hR��@�AQ?�?�V��(8�*@�?��sxsq?~?
����������������????uq?~????@���]?g��<3yw?sf2��ʄ??0C"������ڲ�|γ?ܗ�4x����$�`�?���?]���^1xuq?~?????ȖV's��]]>&#x7f;<![CDATA[4@��?Hl\Rouq?~????\��_�??8��pu??.uvE�yg+��G?	ѓ?~�?	�6�W���}�'�?]]>&#x7f;<![CDATA[FD?�;-'�Q�C?1��?��%�\��?�?�M�?�x��1?V~�U�m�+�?�1?l�?�I
�4a��H�?0?�	?ut��?A�?�#��#>ۙJ\�S��^��7?\?�e?��U�0�%?�U6?�?�ڐ�#��
h@j@u?�?���?C=m�z�ǆ�\.?K,�?Z��{mX�
�"?��Aܭ?(�]]>&#x7f;<![CDATA[��?�?R�?@?��`�-�5?�?<�?`q�U??n�?X0�F�� �?!��]]>&#x7f;<![CDATA[�f��?�&� D����C�?os7T�"�fZ/�^�_�+mn??�=�9��?��t�kwl��?���{{s�����ı��Єy\{�^?�?Ƹ�&��,;I�?4?�?r*,��A�o`�u��`?��
^?�u�'��
�����.�D1�!ʭ#��R��K��?���=��?�mL?g��?A���E?w�4:���?F�4?��GF�����<+�+�?��R�^8�?ی5��"?���?_8c?�&���f���?�?6�?��L�xC/?�-?3�?�?#7C��mWn#W��{�q??0?d�U4N���TՏS:��6&%��|0�t��ڂz���>�?�\ղ����ݧ���;��{���^Sp��Y
]]></system-out>
  <system-err><![CDATA[]]></system-err>
</testsuite>
