<?xml version="1.0" encoding="UTF-8"?>
<testsuite name="vrielynckpieterjan.encryptionlayer.schemes.RSACipherEncryptedSegmentTest" tests="1" skipped="0" failures="0" errors="0" timestamp="2021-04-02T18:19:04" hostname="MacBook-Pro-van-Pieter-Jan.local" time="0.086">
  <properties/>
  <testcase name="encrypt()" classname="vrielynckpieterjan.encryptionlayer.schemes.RSACipherEncryptedSegmentTest" time="0.086"/>
  <system-out><![CDATA[��??sr?Dvrielynckpieterjan.encryptionlayer.schemes.RSACipherEncryptedSegmenth�]]>&#x7f;<![CDATA[���???L??encapsulatedAESEncryptedSegmentt?FLvrielynckpieterjan/encryptionlayer/schemes/AESCipherEncryptedSegment;xr?Avrielynckpieterjan.encryptionlayer.schemes.CipherEncryptedSegment�e��]]>&#x7f;<![CDATA[�bF???[??encryptedSegmentt??[Bxpur??[B��?�??T�???xp????���~��?���#�ۤ?8uX�?��?=�ƀ���<?���7Jy�=?�_F>�W�u~�r/2�-N]�&Ө?N,�w�^�3�]?��z?~�?Y�)TܫS[���zE�
�e��?��?S[�����? �����R���?�?�F4?r`Jv%?RYR�N}�֦?�Y��??�?9\(<���yL5뒂dj���,uD@X�eu�Hv��?-��DB��?;�}h�`���_??L�R?P��?�~8�>e�5�r10G?NL'���)]�j� P?�??�dy��?�#�sr?Dvrielynckpieterjan.encryptionlayer.schemes.AESCipherEncryptedSegment����^D/�???xq?~??uq?~?????�
b?�*���Oy?���sBab�?�&>N���-��׎�!�?�7�h���=F�cil�,�RSH�����*��@���wX��ޜ�Qk���^����ڻ�.�����?~E�'iL�;��F&�Ы�O*v�?����#?������Z�E��?I�D9aś�፾��#�?�i�T�G��Y?�w��/?,y-��ΐQ?��
�6]???c1y�`��������4���?�jXY8?/oY��1�1@�8ː�Z?������?����\ai��\�{Y'?#6?6S��=V�8�'@ʝ?V��_y��s�?�?�I?~??�-�A��?a���fdCv��}P?j]]>&#x7f;<![CDATA[���?�e�?�?c���������d�U%��i?��4s�}�2���{]]>&#x7f;<![CDATA[�q���?u0�.��c�j��gJ�N-�_p6Dt�j?[`D84}0jT��??L9��ʓ�U��6�(eN�4�Љ�*[�?j0:n�??�2��j���:F1��K;t��??\7K�f|kk�j���q��i�F��% ?c�x9Yb��
]]></system-out>
  <system-err><![CDATA[]]></system-err>
</testsuite>
