<?xml version="1.0" encoding="UTF-8"?>
<testsuite name="vrielynckpieterjan.encryptionlayer.schemes.RSACipherEncryptedSegmentTest" tests="2" skipped="0" failures="0" errors="0" timestamp="2021-04-09T08:41:34" hostname="MacBook-Pro-van-Pieter-Jan.local" time="0.5">
  <properties/>
  <testcase name="encrypt()" classname="vrielynckpieterjan.encryptionlayer.schemes.RSACipherEncryptedSegmentTest" time="0.075"/>
  <testcase name="nonStringEncrypt()" classname="vrielynckpieterjan.encryptionlayer.schemes.RSACipherEncryptedSegmentTest" time="0.424"/>
  <system-out><![CDATA[��??sr?Dvrielynckpieterjan.encryptionlayer.schemes.RSACipherEncryptedSegment??a���o????L??encapsulatedAESEncryptedSegmentt?FLvrielynckpieterjan/encryptionlayer/schemes/AESCipherEncryptedSegment;xr?Avrielynckpieterjan.encryptionlayer.schemes.CipherEncryptedSegment7�2Ĩ�4�???[??encryptedSegmentt??[Bxpur??[B��?�??T�???xp????�|��-�����7�ӌ/����t�g
�H����/#�?�ii�U��?ZV�5*6zC-$��y����Q�(t?F��~x?�v>�l�^�x0}uhaF???n�Y��@���T��w<xT��?H�,�$��?\4��ci�?6?��0^���y���M�?"��7� ���!a?��vt��
ˊ�Ɓ����:ˮ��?�7�pI-�??�y�?V?�	xnt+M_]-��[��ޓ?=DY��?�|�X6�|��Y��S�pv�?��&�.�)x�?r?�'�?�msr?Dvrielynckpieterjan.encryptionlayer.schemes.AESCipherEncryptedSegment��?\?t[�???xq?~??uq?~?????�k�%��?M.�"?��i����J_��9��j�B
ӻ?�2��?��#?%'�#]]>&#x7f;<![CDATA[��฿6��=�Z�y+d�?>�vC���h]]>&#x7f;<![CDATA[�E��T���X?<V$��E�bnX?�	��??�S"W�`$2N �?%�U(T��\��<u�?`cm?�?Ⱥ??/��?����?(�(*vش��},���?�X0�΅f8Li�|5i���?T?�_c~M#�JNX??�L�UH^
���?�?�P�!�t�S�����2�����T��{nuv?�i�?�+&z�E����f���U?�����	�5v�[;rF%t�\�^��B��$3ǋ�П��G?�3��*�2�H��P��q�q��"v.-�﵄??45�}C_u�;3�?PX�i��c�?W?�|���9�D?���FI��g�Q�X�4*�����?-?'?w�'z>���?�f�m��>y��?_z�u��;�$i�?��)�;cT?Iݙ�??{?�M?�޽����??VX�??�sLq� ��[+�2?��b)�0#���b?,
ʟ�/��
��??sr?Dvrielynckpieterjan.encryptionlayer.schemes.RSACipherEncryptedSegment??a���o????L??encapsulatedAESEncryptedSegmentt?FLvrielynckpieterjan/encryptionlayer/schemes/AESCipherEncryptedSegment;xr?Avrielynckpieterjan.encryptionlayer.schemes.CipherEncryptedSegment7�2Ĩ�4�???[??encryptedSegmentt??[Bxpur??[B��?�??T�???xp????&?C��?�8Z?	?)�o�:�!��\�3���?�W?98=��i�?�~�.j?�?�<�vY�.�?�k����)�?6��U�]]>&#x7f;<![CDATA[j 
J�}Ɨ�?S�ש?��Ǩ���2������@Y�h?.?���??G��?�$Ӭ�?z?*8??@&hq?�[f?��<:�7Y��9J�mg?zN?I�<dPk/�Ý'�J�?�w�]D-�E�����g?!龢?.,Y??�(jm�o?5?�r??-�mҩ���hv���r���=?�C�,����3�?��#Nk��zL��7sr?Dvrielynckpieterjan.encryptionlayer.schemes.AESCipherEncryptedSegment��?\?t[�???xq?~??uq?~?????`��������F*??I:�{BpV�}�ɗ���???�)?d�K���v��E?�?��??͜E?P=�o�\y_Q��??9G���?�K.Len�'*���vs'?ޒp��_"k�<��P%?�N��W�uo7�2�C?;��d��?� k�I�?�?�1:d�mIT��?⃩
f�?(�?��vi??����?;?�������Ա??doK����?_Vf�Q�k?�u�?/*�Z,]]>&#x98;<![CDATA[��v�ZQY?����?�>�L��O�bZ?�]o�w�?��A��IvA��>l��m?��nE�Xj��2SG?��^U�tc�X??��Z�Kป�e�d l)"�)A��?u6H�U&?%�;���[ϰf��f�
M?rM??�F@{e�d:��O��ł���?��?�f;%�nm�j�?��D?��J?H� �x�?B��'a�Q??��3��?��??L?k]]>&#x7f;<![CDATA["L�S�?�
G?�?lR?��AkB�Q?ر?�?yE?���]]>&#x7f;<![CDATA[ڪ��=�M_ZN3?�6X?�})\%�U�p!�k��?�Lu�PX; �?^8B���鹪�w
�%?�G+A?`�[ꋴƽ$��??eѻ�)??i%�h!��?�������=?�,ߡ?�?���7��?�np?T?L]]>&#x96;<![CDATA[/KF�m�J��	3�?�3?�(���`�B�?���W?��g�H�!�.�d�?;�?��{�����'���?|�Z
&���f����'�얮'&y�I+?V� ����$��aڡ?N�a�?9�vB�mc���?�t���?�T�]���ER9)Ka}?�Vs#�?'�h�?�?3?�Yyz`c�Zm?G��Q?�S�4�]]>&#x7f;<![CDATA[��T�?��^=�;h�?�����b9��m�F�?H?�9�?l/7��Dc�ȩ�X�Tj���50�Ʒ�����-]�x���(�a�-R�۩2��@#�z%'���DN{\��F
?�3��p�8��D�g%Z��?|/j+q�`?x�!��.�?@:R=P3h7�T?-B�M�{�?��_�5�?)�GSJP?��?��??��a?����0?��s�Z��69�L1�]�H?�?b?���Kia��?�tM��ГKLb��>?Hl�_0K��m??Ӽ����l�X<�$*���?:<&y�?? 6�2?���(��2ȁ�^�|vއZ4"�hw��n?�nH'�k���Z
�?�%%^,5�?F�ñB�z�O�<u��Ekv?�*��)���5����L��Y��"-
$��?�l�2n?ޚ��;�m��t	
��`��,3⳿?;j�aj��c�F��1e����P�"9��tup�?%X%|W�2��RJNk?P����sS��K�#��z?6����S3+�:�?��Z�Fl�j`�̵$]]>&#x7f;<![CDATA[��Hߝ��Z-X����G'gS����?�?Mbn�5��˫�?�Z�?�5�%{V#���QL.��`H2��&�0ڠ��_T������A�?�?g��o@�?t}G��e�?�?�I0Z{�.[%���R�Ȉ���=e�>��?�Ԙp5j-�	�?/3?��?�Zr�nv?�|�7/߁g��'B�����E���ޘ�X v?�s.��n?͏R݌]]>&#x7f;<![CDATA[<P�B��Fl�j`�̵$]]>&#x7f;<![CDATA[��Hߝ�/�??b?�?X�AKf?X/���d~�P/�����?���2�]]>&#x7f;<![CDATA[�n�P?|���u������@?�p?5[qS�']]>&#x7f;<![CDATA[M㞂��J�&~??b�@�?t}G��e�?�?�I0�[�f��?$�c�%??p�'DH'\�v�[nŘyH����O� wƉ���2��j�~?#�l�?��??"�`�?��?�w|�?)�?!gSZv_�!q��R:�?O3�?�V?�f��'�?$�*`?�P�V4�����ΡL<?��/pD)?E�?�zL>?���?�?��I?{��\��M?zf7�i�'p��Ą�4?s ��x����;k&/?�Q�	������?�?�L"e���^����@�~G<?M(��6&�H�?Ͳ�%�%?��k?n`
u�rw?b��?t3��?,=3E�O�N䋤?�?�,m��S����zG�|���[�e!b?��BBf??�??�5d�#w?��\��A���??��?s�@��t��?������g��z�)C�Qx�Gy?[�?�{?y�M4�?���,>�g���q"��1���?�7��{P�����N �خ��ר톯y�|??^���/�	����?��l��-�?�Q��^�&�汤mU�?�M@a� �R4���e�9+�5``��^]#��=���;�r8ɿ�W����3C?W�?jM��o0??)�n�������:9<�;�}?��~��ﲄ�bZ�?�??����Ü�	E?F�O��P��[W?�?ևld7�t?�UF�?�b?X\�$�(k<�|���a�W?o�V��V?��\����?wd���k�yg��oDQ��&��=�5$hL?���a�?�Rd\�ܢƳ�?��?ص�S��{��?�?]]>&#x7f;<![CDATA[�۲�M��9�u?�ʶ�2D?��?-��wr泞�ؽ�N�5���˨�����9�7�+���j�3��՝r??5?��Bu�J��iٹK�?�?��k��^ �Ɒ�P_��?�@��m�:��5y.�?��?�z7%n�%�d
�^G�Lp���w�^~�8?�5fMzN����?Z�q���
�.j�l5?�g����t?�J%�rw?�????e��+h�]]>&#x7f;<![CDATA[c=�e7>��?`��b����sf�:L�|g��D�U*�?r5LyS�?��$誫"n=:?�.H��S��U???�0��??44�G�s�?�?���J?]&�.V�;IE��?��??<99Q*S?��Z?�"o����A?�?�{�÷���>n8�?%OR��?�???�U�xHnԥ���<?&��N'?�<����*??i�|[}1??8�fd�^��]]>&#x7f;<![CDATA[��?W??�3i.	�?�?���?�?6<m�S�9�޼>?
�2'�4���??��y��Sn3�_��x]]>&#x7f;<![CDATA[
�0�aV*�?�� b??�?ř�"�Đ?78N�CM7��]���њ�m�?9q?��K�aQ�����Ef���??��=I?��a��4"/?�ӐZ[R�V*Z�؛����?L�(?{U�c7�?r?5OWR��L�D�I�~&�p�??	I���#��6�B}�GE?Q1�???�y����_�|�?�:g]]>&#x7f;<![CDATA[?.L�?2?�q�?H�YS��?��?�ۮ����P�L?h�L��?c�
Al��?�# l�??��噢�_��?+�����-X;�?K}����syy�>c��tM�A�m���??T?sd�a�����f�??�f]?�$8��$����iq����;?π���97�'�4:������-�hf�c�V�B"����ʋ:�J�x?Md?�|�???��3X@H?�w_[�?(���?�n�'w.�k��?�z�?���'�-ݾLy?G,��"]T,��K?�r�2��4	�8*	TaUFws��?����5?��THm���h��{�[�^WT<"aV���?J���2��b5(�wYK�?���d�>�8�"?c��%Vy=�X�3�P����ly?�(|�5
T�6�S[{?v:��?5x��ⱐ��#ol����/	X߿�=`F����?��U�{�p��6�cx�R�*��L�igPSxhQ���[���a
{.iqr�Z*�?f�ђӂ�?�q�D��r��3up}l3�
u5ʘ�?.�?�8?Ѓ??+�f'h�?*	Q4��?}�͎C[E3���J�?$�"�1OaT???#H��h4�?PJs��?/�\��ʹI�[�n�bd�a��_3�bT�n���>��?�`�<a�V�p�?͕̬f�i��i☳�z��S?�+��B?�?p?5?,a&D��7Հ?�??��ځ
/ϵ???A�ː�C�(#�`5A/ػ���!&G�z?� ��(	?vװ�?v?����R�V@rW�(*?]�2��??�?�d-���5���?'�Scv��Ȍ�s?��V�"��?>?w����ܰ�M2��?�Ǉ�'?TtZn?�cߙ���F�M����܊?�P��ɳ�t;)�k��w�g������?�y��ɐ,�ROY�k?3��t�{��^~�U��,?|?d?��#�?{�`?yYf~�;�0�?��2?���T�\�h?r��?��ܣ�?�F�M����܊?�P��ɳ��=�A?�?���?��Z�,l�p��?�뚰�??!1-�*� ϣ�x�?�J���f̀�/�?7*�ps_Lsm5�[�^���AwU5?i�?U?4?X?͒{q\�P�:?6�@̫�ߜP���j#�B�?��1	]]>&#x89;<![CDATA[R`:"3�7�L�3=Hy:?����]�??����,Nl}>�P8w`?F�{�^@R���fP�Af�ʤ�AM]]>&#x7f;<![CDATA[??�yCZF�M����܊?�P��ɳI�?�?��"?F�?~?J��s�0kH�?ĭoI	?y���n%�?�@�&�^X>?�^h4tB��?\e�Rw?�h_��Q?;?}.�?}�a�i�?U?4?X?͒{q\�P�:?6�@̫�ߜP���Q��ѣ̀��i�>�u?�O�	?^F�ʖ��6���^�?�}���*K8��n�J�X?�ӈai?e�?'}��Cd٨�?�\������#:�@w�??�m��6����E��=pɎ��q?n\'_?T�??��e_fY?ѱ�r
]]></system-out>
  <system-err><![CDATA[]]></system-err>
</testsuite>
