<?xml version="1.0" encoding="UTF-8"?>
<testsuite name="vrielynckpieterjan.encryptionlayer.WIBEDecryptableSegmentTest" tests="1" skipped="0" failures="0" errors="0" timestamp="2021-04-02T14:42:58" hostname="MacBook-Pro-van-Pieter-Jan.local" time="2.943">
  <properties/>
  <testcase name="encrypt()" classname="vrielynckpieterjan.encryptionlayer.WIBEDecryptableSegmentTest" time="2.943"/>
  <system-out><![CDATA[]]></system-out>
  <system-err><![CDATA[]]></system-err>
</testsuite>
