<?xml version="1.0" encoding="UTF-8"?>
<testsuite name="vrielynckpieterjan.storagelayer.dht.KademliaDHTStorageLayerTest" tests="1" skipped="0" failures="0" errors="0" timestamp="2021-04-03T15:44:53" hostname="MBPvanPieterJan" time="6.246">
  <properties/>
  <testcase name="putAndRetrieve()" classname="vrielynckpieterjan.storagelayer.dht.KademliaDHTStorageLayerTest" time="6.246"/>
  <system-out><![CDATA[]]></system-out>
  <system-err><![CDATA[apr. 03, 2021 5:44:58 P.M. vrielynckpieterjan.storagelayer.dht.KademliaDHTStorageLayer <init>
INFO: [vrielynckpieterjan.storagelayer.dht.KademliaDHTStorageLayer@54481a77] Initialized using Kademlia ID (b020288400bdb64c00c0) on port 12049.
apr. 03, 2021 5:44:58 P.M. vrielynckpieterjan.storagelayer.dht.KademliaDHTStorageLayer <init>
INFO: [vrielynckpieterjan.storagelayer.dht.KademliaDHTStorageLayer@16b14d56] Initialized using Kademlia ID (2c5dd125eba31fd9da85) on port 12050.
apr. 03, 2021 5:44:58 P.M. vrielynckpieterjan.storagelayer.dht.KademliaDHTStorageLayer bootstrap
INFO: [vrielynckpieterjan.storagelayer.dht.KademliaDHTStorageLayer@16b14d56] Bootstrap with Node (6230323032383834303062646236346330306330) completed.
]]></system-err>
</testsuite>
