<?xml version="1.0" encoding="UTF-8"?>
<testsuite name="vrielynckpieterjan.masterproef.applicationlayer.attestation.issuer.IssuerPartAttestationTest" tests="1" skipped="0" failures="0" errors="0" timestamp="2021-06-20T19:27:25" hostname="MBPvanPieterJan" time="0.276">
  <properties/>
  <testcase name="hasValidSignature()" classname="vrielynckpieterjan.masterproef.applicationlayer.attestation.issuer.IssuerPartAttestationTest" time="0.276"/>
  <system-out><![CDATA[]]></system-out>
  <system-err><![CDATA[]]></system-err>
</testsuite>
