<?xml version="1.0" encoding="UTF-8"?>
<testsuite name="vrielynckpieterjan.masterproef.applicationlayer.proof.ProofObjectTest" tests="1" skipped="0" failures="0" errors="0" timestamp="2021-04-24T08:17:09" hostname="MacBook-Pro-van-Pieter-Jan.local" time="6.656">
  <properties/>
  <testcase name="test()" classname="vrielynckpieterjan.masterproef.applicationlayer.proof.ProofObjectTest" time="6.656"/>
  <system-out><![CDATA[Entity identifiers generated (time needed: 315 milliseconds).
The generate PublicEntityIdentifiers:
Cloud:	f7fdaf01fb1ab8509854b0dcaf05b2adeda38c764f291ddea092386bfef4dbee09fca39cb265e597d8042324671ca7d3f4e4363504b6cc57f6aedb2d4a6b8964
userA:	22d614e8ec1b06e2a07eede8bbd0913946a7e5955d012a64d31528f9f0d98d376771b4d66ab40a210073d074d34e50861c6eefb511ea4f463dde5e64df9e44b1
userB:	5c02314e93e8426ddbce33ed64c5f66b91b08ae7dd24bb3bc3b582746369e16f135e7aacec02e2e8f32e83a2e0d166db02be61f55fcbdee6c27db4c7e2a363a4
userC:	22de819389b8dd8a689fea35b2cc82a3544ee59b33be325c452b16241549bc66fda5855c9bb983c5f1d9ed460715849bf105d15ff01912cc623de1dc86019539
Policies generated (time needed: 3 milliseconds).
Storage identifiers generated (time needed: 0 milliseconds).
Revocation secrets and commitments generated (time needed: 0 milliseconds).
Issuer's parts generated (time needed: 970 milliseconds).
Attestations generated (time needed: 2 milliseconds).
DHTStorageLayers initialized (time needed: 561 milliseconds).
Generated Attestations stored in the DHT (time needed: 3121 milliseconds).
Proof object manually generated (time needed: 519 milliseconds).
Proof object automatically generated (time needed: 785 milliseconds).
Proof object verified (time needed: 264 milliseconds).
One revocation secret revealed (time needed: 26 milliseconds).
Invalid proof object successfully detected (time needed: 87 milliseconds).
]]></system-out>
  <system-err><![CDATA[apr. 24, 2021 10:17:10 A.M. vrielynckpieterjan.masterproef.storagelayer.dht.DHTStorageLayer <init>
INFO: DHTStorageLayer (vrielynckpieterjan.masterproef.storagelayer.dht.DHTStorageLayer@52d58441) initialized and running on port 5678.
apr. 24, 2021 10:17:10 A.M. vrielynckpieterjan.masterproef.storagelayer.dht.DHTStorageLayer <init>
INFO: DHTStorageLayer (vrielynckpieterjan.masterproef.storagelayer.dht.DHTStorageLayer@304e6e7b) initialized and running on port 5679.
apr. 24, 2021 10:17:10 A.M. vrielynckpieterjan.masterproef.storagelayer.dht.DHTStorageLayer <init>
INFO: DHTStorageLayer (vrielynckpieterjan.masterproef.storagelayer.dht.DHTStorageLayer@304e6e7b) bootstrapped using DHTStorageLayer (vrielynckpieterjan.masterproef.storagelayer.dht.DHTStorageLayer@52d58441).
apr. 24, 2021 10:17:10 A.M. vrielynckpieterjan.masterproef.storagelayer.dht.DHTStorageLayer <init>
INFO: DHTStorageLayer (vrielynckpieterjan.masterproef.storagelayer.dht.DHTStorageLayer@3440102c) initialized and running on port 5680.
apr. 24, 2021 10:17:10 A.M. vrielynckpieterjan.masterproef.storagelayer.dht.DHTStorageLayer <init>
INFO: DHTStorageLayer (vrielynckpieterjan.masterproef.storagelayer.dht.DHTStorageLayer@3440102c) bootstrapped using DHTStorageLayer (vrielynckpieterjan.masterproef.storagelayer.dht.DHTStorageLayer@52d58441).
apr. 24, 2021 10:17:10 A.M. vrielynckpieterjan.masterproef.storagelayer.dht.DHTStorageLayer <init>
INFO: DHTStorageLayer (vrielynckpieterjan.masterproef.storagelayer.dht.DHTStorageLayer@3440102c) bootstrapped using DHTStorageLayer (vrielynckpieterjan.masterproef.storagelayer.dht.DHTStorageLayer@304e6e7b).
apr. 24, 2021 10:17:15 A.M. vrielynckpieterjan.masterproef.applicationlayer.proof.ProofObject verify
INFO: Trying to verify ProofObject (ProofObject{storageElementIdentifiers=[StorageElementIdentifier{identifier='22d614e8ec1b06e2a07eede8bbd0913946a7e5955d012a64d31528f9f0d98d376771b4d66ab40a210073d074d34e50861c6eefb511ea4f463dde5e64df9e44b1'}, StorageElementIdentifier{identifier='userAtoUserB'}, StorageElementIdentifier{identifier='userBtoUserC'}], aesKeys=[WHQ2HI2bUbDpC5bktzSleHS10jfbHEFc, WLBUrjafKRU7zN6WeBrCojLJ7lPR6xaJ, j8Rpouy1BTib9z5wNzWfml5cc1VADWfu], aesKeyNamespaceAttestationProver='UnENR5v3tUjEaxOfSyvJ9iIgxYh15KiY'})...
apr. 24, 2021 10:17:15 A.M. vrielynckpieterjan.masterproef.applicationlayer.proof.ProofObject verify
INFO: Verifying the 0th Attestation with StorageElementIdentifier (StorageElementIdentifier{identifier='22d614e8ec1b06e2a07eede8bbd0913946a7e5955d012a64d31528f9f0d98d376771b4d66ab40a210073d074d34e50861c6eefb511ea4f463dde5e64df9e44b1'}) for ProofObject (ProofObject{storageElementIdentifiers=[StorageElementIdentifier{identifier='22d614e8ec1b06e2a07eede8bbd0913946a7e5955d012a64d31528f9f0d98d376771b4d66ab40a210073d074d34e50861c6eefb511ea4f463dde5e64df9e44b1'}, StorageElementIdentifier{identifier='userAtoUserB'}, StorageElementIdentifier{identifier='userBtoUserC'}], aesKeys=[WHQ2HI2bUbDpC5bktzSleHS10jfbHEFc, WLBUrjafKRU7zN6WeBrCojLJ7lPR6xaJ, j8Rpouy1BTib9z5wNzWfml5cc1VADWfu], aesKeyNamespaceAttestationProver='UnENR5v3tUjEaxOfSyvJ9iIgxYh15KiY'})...
apr. 24, 2021 10:17:15 A.M. vrielynckpieterjan.masterproef.applicationlayer.proof.ProofObject verify
INFO: Verifying the 1th Attestation with StorageElementIdentifier (StorageElementIdentifier{identifier='userAtoUserB'}) for ProofObject (ProofObject{storageElementIdentifiers=[StorageElementIdentifier{identifier='22d614e8ec1b06e2a07eede8bbd0913946a7e5955d012a64d31528f9f0d98d376771b4d66ab40a210073d074d34e50861c6eefb511ea4f463dde5e64df9e44b1'}, StorageElementIdentifier{identifier='userAtoUserB'}, StorageElementIdentifier{identifier='userBtoUserC'}], aesKeys=[WHQ2HI2bUbDpC5bktzSleHS10jfbHEFc, WLBUrjafKRU7zN6WeBrCojLJ7lPR6xaJ, j8Rpouy1BTib9z5wNzWfml5cc1VADWfu], aesKeyNamespaceAttestationProver='UnENR5v3tUjEaxOfSyvJ9iIgxYh15KiY'})...
apr. 24, 2021 10:17:15 A.M. vrielynckpieterjan.masterproef.applicationlayer.proof.ProofObject verify
INFO: Verifying the 2th Attestation with StorageElementIdentifier (StorageElementIdentifier{identifier='userBtoUserC'}) for ProofObject (ProofObject{storageElementIdentifiers=[StorageElementIdentifier{identifier='22d614e8ec1b06e2a07eede8bbd0913946a7e5955d012a64d31528f9f0d98d376771b4d66ab40a210073d074d34e50861c6eefb511ea4f463dde5e64df9e44b1'}, StorageElementIdentifier{identifier='userAtoUserB'}, StorageElementIdentifier{identifier='userBtoUserC'}], aesKeys=[WHQ2HI2bUbDpC5bktzSleHS10jfbHEFc, WLBUrjafKRU7zN6WeBrCojLJ7lPR6xaJ, j8Rpouy1BTib9z5wNzWfml5cc1VADWfu], aesKeyNamespaceAttestationProver='UnENR5v3tUjEaxOfSyvJ9iIgxYh15KiY'})...
apr. 24, 2021 10:17:15 A.M. vrielynckpieterjan.masterproef.applicationlayer.proof.ProofObject verify
INFO: Verifying the NamespaceAttestation of the prover with PublicEntityIdentifier (22de819389b8dd8a689fea35b2cc82a3544ee59b33be325c452b16241549bc66fda5855c9bb983c5f1d9ed460715849bf105d15ff01912cc623de1dc86019539) for ProofObject (ProofObject{storageElementIdentifiers=[StorageElementIdentifier{identifier='22d614e8ec1b06e2a07eede8bbd0913946a7e5955d012a64d31528f9f0d98d376771b4d66ab40a210073d074d34e50861c6eefb511ea4f463dde5e64df9e44b1'}, StorageElementIdentifier{identifier='userAtoUserB'}, StorageElementIdentifier{identifier='userBtoUserC'}], aesKeys=[WHQ2HI2bUbDpC5bktzSleHS10jfbHEFc, WLBUrjafKRU7zN6WeBrCojLJ7lPR6xaJ, j8Rpouy1BTib9z5wNzWfml5cc1VADWfu], aesKeyNamespaceAttestationProver='UnENR5v3tUjEaxOfSyvJ9iIgxYh15KiY'})...
apr. 24, 2021 10:17:15 A.M. vrielynckpieterjan.masterproef.applicationlayer.proof.ProofObject verify
INFO: Verifying that the prover with PublicEntityIdentifier (22de819389b8dd8a689fea35b2cc82a3544ee59b33be325c452b16241549bc66fda5855c9bb983c5f1d9ed460715849bf105d15ff01912cc623de1dc86019539) is hosting his personal queue...
apr. 24, 2021 10:17:15 A.M. vrielynckpieterjan.masterproef.applicationlayer.proof.ProofObject verify
INFO: ProofObject (ProofObject{storageElementIdentifiers=[StorageElementIdentifier{identifier='22d614e8ec1b06e2a07eede8bbd0913946a7e5955d012a64d31528f9f0d98d376771b4d66ab40a210073d074d34e50861c6eefb511ea4f463dde5e64df9e44b1'}, StorageElementIdentifier{identifier='userAtoUserB'}, StorageElementIdentifier{identifier='userBtoUserC'}], aesKeys=[WHQ2HI2bUbDpC5bktzSleHS10jfbHEFc, WLBUrjafKRU7zN6WeBrCojLJ7lPR6xaJ, j8Rpouy1BTib9z5wNzWfml5cc1VADWfu], aesKeyNamespaceAttestationProver='UnENR5v3tUjEaxOfSyvJ9iIgxYh15KiY'}) verified.
apr. 24, 2021 10:17:15 A.M. vrielynckpieterjan.masterproef.applicationlayer.proof.ProofObject verify
INFO: Trying to verify ProofObject (ProofObject{storageElementIdentifiers=[StorageElementIdentifier{identifier='22d614e8ec1b06e2a07eede8bbd0913946a7e5955d012a64d31528f9f0d98d376771b4d66ab40a210073d074d34e50861c6eefb511ea4f463dde5e64df9e44b1'}, StorageElementIdentifier{identifier='userAtoUserB'}, StorageElementIdentifier{identifier='userBtoUserC'}], aesKeys=[WHQ2HI2bUbDpC5bktzSleHS10jfbHEFc, WLBUrjafKRU7zN6WeBrCojLJ7lPR6xaJ, j8Rpouy1BTib9z5wNzWfml5cc1VADWfu], aesKeyNamespaceAttestationProver='UnENR5v3tUjEaxOfSyvJ9iIgxYh15KiY'})...
apr. 24, 2021 10:17:15 A.M. vrielynckpieterjan.masterproef.applicationlayer.proof.ProofObject verify
INFO: Verifying the 0th Attestation with StorageElementIdentifier (StorageElementIdentifier{identifier='22d614e8ec1b06e2a07eede8bbd0913946a7e5955d012a64d31528f9f0d98d376771b4d66ab40a210073d074d34e50861c6eefb511ea4f463dde5e64df9e44b1'}) for ProofObject (ProofObject{storageElementIdentifiers=[StorageElementIdentifier{identifier='22d614e8ec1b06e2a07eede8bbd0913946a7e5955d012a64d31528f9f0d98d376771b4d66ab40a210073d074d34e50861c6eefb511ea4f463dde5e64df9e44b1'}, StorageElementIdentifier{identifier='userAtoUserB'}, StorageElementIdentifier{identifier='userBtoUserC'}], aesKeys=[WHQ2HI2bUbDpC5bktzSleHS10jfbHEFc, WLBUrjafKRU7zN6WeBrCojLJ7lPR6xaJ, j8Rpouy1BTib9z5wNzWfml5cc1VADWfu], aesKeyNamespaceAttestationProver='UnENR5v3tUjEaxOfSyvJ9iIgxYh15KiY'})...
apr. 24, 2021 10:17:15 A.M. vrielynckpieterjan.masterproef.applicationlayer.proof.ProofObject verify
INFO: Verifying the 1th Attestation with StorageElementIdentifier (StorageElementIdentifier{identifier='userAtoUserB'}) for ProofObject (ProofObject{storageElementIdentifiers=[StorageElementIdentifier{identifier='22d614e8ec1b06e2a07eede8bbd0913946a7e5955d012a64d31528f9f0d98d376771b4d66ab40a210073d074d34e50861c6eefb511ea4f463dde5e64df9e44b1'}, StorageElementIdentifier{identifier='userAtoUserB'}, StorageElementIdentifier{identifier='userBtoUserC'}], aesKeys=[WHQ2HI2bUbDpC5bktzSleHS10jfbHEFc, WLBUrjafKRU7zN6WeBrCojLJ7lPR6xaJ, j8Rpouy1BTib9z5wNzWfml5cc1VADWfu], aesKeyNamespaceAttestationProver='UnENR5v3tUjEaxOfSyvJ9iIgxYh15KiY'})...
]]></system-err>
</testsuite>
