<?xml version="1.0" encoding="UTF-8"?>
<testsuite name="vrielynckpieterjan.masterproef.encryptionlayer.schemes.IBEDecryptableSegmentTest" tests="1" skipped="0" failures="0" errors="0" timestamp="2021-06-20T19:27:26" hostname="MBPvanPieterJan" time="0.323">
  <properties/>
  <testcase name="encrypt()" classname="vrielynckpieterjan.masterproef.encryptionlayer.schemes.IBEDecryptableSegmentTest" time="0.323"/>
  <system-out><![CDATA[��??sr?Lvrielynckpieterjan.masterproef.encryptionlayer.schemes.IBEDecryptableSegment[��G�Th???L??encryptedSegmentt?$Lcryptid/ibe/domain/CipherTextTuple;xpsr?"cryptid.ibe.domain.CipherTextTuple7-@?ȠTV???L??cipherUt?0Lcryptid/ellipticcurve/point/affine/AffinePoint;[??cipherVt??[B[??cipherWq?~??xpsr?.cryptid.ellipticcurve.point.affine.AffinePoint�#?U?�a???L??xt??Ljava/math/BigInteger;L??yq?~??xpsr??java.math.BigInteger���?�;�????I??bitCountI?	bitLengthI??firstNonzeroByteNumI??lowestSetBitI??signum[?	magnitudeq?~??xr??java.lang.Number���??���???xp����������������????ur??[B��?�??T�???xp???@5ۤ�X?�8�K���|U[?A+�n~�L֫�c����s�vc��z��ўF?|$�?>�?_?PȪ�i��
`@xsq?~?
����������������????uq?~????@?U��;2�:���X�s���T���?:b?��??Ma6��2���u��|��;��/s��naQm�?(�??��xuq?~?????w׫7���B)C?x��P�N���uq?~????\���jD?! ѡ�;�?%
�'��K���?���0:�p��?{�ֿ�-l$��wg�
��>�s���a�_�r��@9�@�g3���7j?���0 ���x?�?P?���)>0.r��?�0)�?��51�82�?B1l����?)�7W���?f?��Q4ۆ�%9?��$��b?��?D��?�d??��:��ڳ0D�	???рd�?if�^h�^�YN���y�$e<����L"?[�?�&Z�U�����TDL�9?�?l�:P]��^�?@�[8z��
S՜�]�Yt�Ec�#N]]>&#x7f;<![CDATA[3��p3?.D��6�byJz̲8�?�v?UP???�-dX�uz=�.?�???M3S�p?���At�?8�:	���?�F�$�G7|?4��
ɐ�?��"R�hފ(�+\E*���p�C���'�3q��,�?ᮛ��"?W?�;ֹ_���?K�/ܹ݅?;|��2}?���r�߳��^V�p�z��߫x�̂��?���b���k��O�CM���^~?m��Jz�?9>�rF�{�݁?m��F�2Ӷ?"?�@4s;ʤ@�#?z��g��K]c?Ô�$��h���Qvن9m�/??:�Zk���r �?�-��|WN��?ŵ?�6�P?n��?��]fk���-?ug?f�S���?��??���nW
]]></system-out>
  <system-err><![CDATA[]]></system-err>
</testsuite>
