<?xml version="1.0" encoding="UTF-8"?>
<testsuite name="vrielynckpieterjan.encryptionlayer.schemes.RSACipherEncryptedSegmentTest" tests="2" skipped="0" failures="0" errors="0" timestamp="2021-04-11T07:54:04" hostname="MacBook-Pro-van-Pieter-Jan.local" time="0.273">
  <properties/>
  <testcase name="encrypt()" classname="vrielynckpieterjan.encryptionlayer.schemes.RSACipherEncryptedSegmentTest" time="0.061"/>
  <testcase name="nonStringEncrypt()" classname="vrielynckpieterjan.encryptionlayer.schemes.RSACipherEncryptedSegmentTest" time="0.212"/>
  <system-out><![CDATA[��??sr?Dvrielynckpieterjan.encryptionlayer.schemes.RSACipherEncryptedSegment??a���o????L??encapsulatedAESEncryptedSegmentt?FLvrielynckpieterjan/encryptionlayer/schemes/AESCipherEncryptedSegment;xr?Avrielynckpieterjan.encryptionlayer.schemes.CipherEncryptedSegment7�2Ĩ�4�???[??encryptedSegmentt??[Bxpur??[B��?�??T�???xp????�v|qU܊�V$ϼ��ЪQ�/?cL5^��aB��٨�i4���E_[�1���UW��z�p�?F��?!�aK���#Vĝ���Ɵ�yҝ�uzelN�ʚ?����F��:�Ik�R�%�?P��M�2�~��M
��?-؈�t�劕(F?`?1�;e9�:%'�?�o�	p??-5�??e?�����褢���?�X��}�!��_t���H��>^�]]>&#x7f;<![CDATA[DcL�?��/ǻZM9�V���,E����?�Ij�M�?��t�~��-w����}��x�Ӭ�v҉�:?e`sr?Dvrielynckpieterjan.encryptionlayer.schemes.AESCipherEncryptedSegment��?\?t[�???xq?~??uq?~?????�L�:��Wk뢾$t�?ۅ���]�?���u�Q5�6�r �k�`��۲l�~٢�k�?/'Dj�(A$�d?���[��׺��b�rP�һ��x���	��S�??u�??�?�(�V?�F��0&:�j?Y���T�a�e��T�D�S�E�[:>a+�%[9-�?-?'�\`?:v��
�?|˱*���Y.[�I�K��?q?�癓絫��!�ۻsZɘ6b�j?`?HO�7;�/�&?6�%#�:�7aB9&WQf=�q���E���j[q.5?���/���L<��sU�-s�B�]]>&#x7f;<![CDATA[��\��V�?���l�8�f�?�vy��]�9%~\=A�?����}6Ng2��?W%���$��!e��ٝ����?g�S??��?q�ǂ���>t^&wbM�4Dkcʄ���?��V㦠q��!��;΅�Hka}F���z���üZ�e?�k�V�?s�~^?�y�`?ݤ ?5�]]>&#x7f;<![CDATA[�����"^N�M��?n�u�s�K��ż���y�Z�?�K�.�?���q��'d???G]����
��??sr?Dvrielynckpieterjan.encryptionlayer.schemes.RSACipherEncryptedSegment??a���o????L??encapsulatedAESEncryptedSegmentt?FLvrielynckpieterjan/encryptionlayer/schemes/AESCipherEncryptedSegment;xr?Avrielynckpieterjan.encryptionlayer.schemes.CipherEncryptedSegment7�2Ĩ�4�???[??encryptedSegmentt??[Bxpur??[B��?�??T�???xp?????��#m?�Ikۂk�?5??zCZ��?7�˵�1R�fY?{җH��? _�)�?I��??jk��?,��?�~i�{k�_���?��:[�8�?�H�V��"B�7�i4��?��ʖ��=�J�y?�H���1�c�&�.�?�QR������B]]>&#x7f;<![CDATA[�soZ????�\�g�O�//#��+1�:?Q��H����"d��mt?;�g㴆8�����ڙl��d4�nz�-!�w�r�:$M?>�E@=�?�����?�?��c����h�}y���i???4?�l?��+sr?Dvrielynckpieterjan.encryptionlayer.schemes.AESCipherEncryptedSegment��?\?t[�???xq?~??uq?~????�V??���%?'??e?����ca��B���??T]k	����_h��H?q�?�Z4)��f??1�9�\.���N�x?h??�7�Ko�?	��*��v�96�ŏ?�e´�n?���?M{�h�?��xU?. yM��,Td??]���A!?�/<Q�i�ӚB*=?�4�T�v�w�g���3
$>??���2�\jJ?k���?���Ic.?����:��a?#���?w1Z������H�^o�?�F�9?�?��?�Wƶv��$���֥Bj��׫?	?�3?6�*T�1�=#�J,M?(K0��2Fih?���'<�aY��p�?*�׋(���Jwm�/^��W"]]>&#x7f;<![CDATA[S��??��???������P�4X�~n�tF�
ڽZ&Y���c:?]Q9:�?җ�?�}�A�{�Ͼ�Vfq^>�:��#{s�S��l�?�?��I��?hg�$�$��9���bJ70mH�h��??��D?LKt�-B??�#�����?	C� ���+s\%'n?�? ����w?�ʻp��?Yx�]]>&#x7f;<![CDATA[��魙
���]]>&#x7f;<![CDATA[Ο�EK�il�?�M���:}TZ�Ļñ��Z�x18ٍ'?�O��-�e_4gˎE)?�P�f�]]>&#x7f;<![CDATA[4!�?�Cc1�D?��??�k��1n�z��4�W˵��ȣ�`���4�j?�Wf�?�Ea`1{�8���(�U�G@??y�]Q�C��$�@��H��?�� �y�|�/��??�C��l�����"tN��-\�Ь�?��AU,v�^c? G�Vy S���3�?0cU?�h�W��iP"2�e2�t�3��!Ù1Pl�i&��5�?96/����M-�w��?�?Kcj��]�?�?ɉ�l?}??2�?���??%$?E��?)�d��?*�%�8@$�2�??]]>&#x7f;<![CDATA[o�:`fI?������^�Thߜ��???qB�?�?��?��[���?(i{Tg)g?��%=U�ĝB�>?�T��T�?��P:�oR�-�t_w?��M��	�Y���'I8or?�/��	Q�Qp-�>Y�?^?�?���6?�� ��?����f���|i�?k�[0[������s��?�?6��?���?7?_m?W��7�1��#�BmQgy�??�n?��H�w���W�I�{�?�=WX�Ȏ5]]>&#x7f;<![CDATA[���O�>�?8�h���gXs��I_��?�]]>&#x7f;<![CDATA[�(�[��m�|-N��s��H��?�����[S�Վs��;�xe��?�����(?ƙDz'T�?�f�Ls�Mk?��??jV?�9�N1?�r���e?f��&�y�?aⴳ�vc�??�?A-��z?;G��b.h�#��?�?#8�,?�W'x$k�{�[�Ե�J��ݷ:,4u�?�?I��>/��|�@�e�d?�ld�"�
�U��Z��:??98?^?]�ΐ��}g��ׄGUo"�c���U���l��s{?��?<�?��z?���?F?U��?��[Fh��?"����!�9-���TD���WJ�c?���Yw�??�?�D�b�B??� l?!��t:��'�k�g=]]>&#x7f;<![CDATA[u?7��?a?:P�r-�5��/???F�^]r�A�?�6�u_��-*�nMW�I�{�?�=WX�Ȏ5&�{?�S�g.+��t�׉����~u�_`�`D�O,��ef0B�i(k���?�Ӿ?�?n�
?��1�?a�<��
�V���?�2?�i�C�?��[Fh��?"����!!�?�?~�*L]]>&#x7f;<![CDATA[v��h����&?�����׍�?U2#���!<�u��{�C`�pa�bz�4�a8?�K�??bȊ�Y���vB���Ps��?�?6��?���?7?�HZ���L�+�Z��?�?1�/���V}���*O?��?�R)���[��}FI�`��D����d�?�o
T_"��?��ڄQ�k�@?�"9�@�Q�����!;�tY��^|�U�SF�\|�s����!?� 3��r�ߕ&�?�?��VsQӸ�F�����D��e��[E��-��
�Ƌ??��?B���lfg�Ȅ��䒎����?��0#??"G�?rtb�+�,WQ�L��?�?#�\���<6D�?PC���J?ict?�D&/a�?Y?�-p?�6�C޽g�,�??N�?6J?�-?o�?>�??x��PSF������r�y�a�E�9Q"2�˺�?����H�lg?F�%XD�?��b��l�(J�?t����j�>�T�[!N�+x����m�?b�c$�?�Ԇq7N��?RZ<??�~� t�]]>&#x9f;<![CDATA[a�m��?�-�X?T'%�?�$X�Y�a�?��?݈?vr?�ӧ2<�8?gU�??fv�?�Jc��?qD}
pTT�:�SG|�?!��Ă��?N�͵������d?�`)=���IG�m��@Y~��e��{�KD.�L��z��{E�)މn��Hf�������2]D�jb �4$&B?�!�3^?�]]>&#x7f;<![CDATA[U���2?��֮9�?s��N�??�(���8*D}V	(6N?5 I?^���Z�}�0��]ڒ�S4�?��??�?�?s-dOv?��ˤ���??s8�eC��d�ؾ������{h�?�fV:k��??�#?�k??�?��`�
n�x�dD9?p�?]*U��&q�GĀ%���DLq�G�o��V�<.�VRq�����/k�9�f��7<w���Ҙ�?���du寗�m?���1�����??!?�?�#?s�@�Fb�|�?�?_/�Hb?Y��SL��?B�Y阠�|�[+?�?.e���l4��2?���Oz����c���? �3�~��j/찠L?+�A��X�a]]>&#x7f;<![CDATA[?+�Kc���?�yx{9����̴��x��:{9��Q�}�\`HT�0��?i�~�?v��	��iJw�WfNt�ZI�E?��h?*�]]>&#x7f;<![CDATA[��$)�U����=����E&�ǽ?��b�D%����߈�]]>&#x8a;<![CDATA[��?+�UdC�� ur�-xF
??��6~���?�?�?��t&?G6�H�������D���ы?l�B1��?G0uDu�??xQUea�E7��Y�1�?��>?,&`;u��K����?gF���7y��!W?��e��?}�?>��;�_�F��}�I?�?���?͟�wH??#�T�O��1X�^��?05P��A��!���3�v3V�Ҋ��?r�?F	?.'Z"ƵS�1??��i�@�?>qC��=��sN}���|�܎?��1�v�]]>&#x7f;<![CDATA[�'L]���;�İ:3��"��=�h+?	�����?g�?"5�v�ex����?~��?�?��|Z3���B�Vw??��f��IUM�~[s�?B���e��ć?ߐ�=d}n����?�?�Ҩ���/k�z�.?��J��8��
?7@��q`����H5Tdӱ,�1??n�O��??�E]]>&#x7f;<![CDATA[r??c�����~���?�_��k?x�pl??�@;'Q���rVk�?��/kn�?�8�`��euNBZ��??��ѵ?I?Q?�ʸv���8�&P�7s���n�t���??F�li뿵�݁�ºlb�[�0�V�8.<���Y3���?}?mh?�x�?f5??��R�:b?fb�-????��{��T�	QwP+gs�]]>&#x7f;<![CDATA[?�?m?��|I���T;�υ���eYw�?+(???�me�Ym8�� �,2�6�@�Ep?��?���?�#i?���ۦ�=??n���?!!ԥ?n����k��E�?Ⱊ/3�'?!?DRƱe/MAc#����ST�&?Le�;?��F�T��ePK�:?�ja��??��M�����??�6�r?:��^g@%?3??Z� ��*����d?���,@^���9t�~^y	�#E�@��}?ڈ#]]>&#x7f;<![CDATA[�dk?y��(�m?����?�b�?�[�H�?�m��BΦ����9[P�S3��k죡��N����c�SI�z��M�Zn:_3)��<�
_��x��2?�m"?y�܈?�5R���dE�ȶ�?y�?�;�a���x{�f�f�u�hH��֕ǔ�Oy�ˍ��?�`gI��S��՟]ъ��>H"��A
]]></system-out>
  <system-err><![CDATA[]]></system-err>
</testsuite>
