<?xml version="1.0" encoding="UTF-8"?>
<testsuite name="vrielynckpieterjan.encryptionlayer.schemes.AESCipherEncryptedSegmentTest" tests="2" skipped="0" failures="0" errors="0" timestamp="2021-04-05T17:22:05" hostname="MacBook-Pro-van-Pieter-Jan.local" time="0.321">
  <properties/>
  <testcase name="encrypt()" classname="vrielynckpieterjan.encryptionlayer.schemes.AESCipherEncryptedSegmentTest" time="0.002"/>
  <testcase name="nonStringEncrypt()" classname="vrielynckpieterjan.encryptionlayer.schemes.AESCipherEncryptedSegmentTest" time="0.318"/>
  <system-out><![CDATA[��??sr?Dvrielynckpieterjan.encryptionlayer.schemes.AESCipherEncryptedSegment��?\?t[�???xr?Avrielynckpieterjan.encryptionlayer.schemes.CipherEncryptedSegment7�2Ĩ�4�???[??encryptedSegmentt??[Bxpur??[B��?�??T�???xp???�K�r�?�G�?��?M���]]>&#x7f;<![CDATA[4v����^���-?R��i�?!��p�?��>z)�����?�j��a���Q[�>?�t�6	{]]>&#x7f;<![CDATA[U�P���o��+J<r��W=�?�^`d�h��ġ 3�3aJ�x�3RVB�l�����FT��??��<��x��V�>���N�o_k�����?�ԕ�?���-?5b?�=5�(1?%�g%UJ�L�X?O�n?�C�����}���l32Q�P `0E`1�GP}ݷݺ�N?]?n��?�?lM�&??���?8[�)?]�����?6�H�m�2�?[Eŭ?�0;r6$,�#�-7c??�,.\���?~���|�ن�~]��gW��hsFH|�?-� �#���^ӳ��(�̻3�@jG�\Ut�?Z.Έ�?^rRl-�1�&M�(�]]>&#x7f;<![CDATA[邉�?j�g�O?+�E��h�?�G[��g���9�ݺ??H=?,���CӪ�aּ�CN�2�-Q�?:ן�???@����k���c�?+E�J?�p0���R��9�?�S^
��??sr?Dvrielynckpieterjan.encryptionlayer.schemes.AESCipherEncryptedSegment��?\?t[�???xr?Avrielynckpieterjan.encryptionlayer.schemes.CipherEncryptedSegment7�2Ĩ�4�???[??encryptedSegmentt??[Bxpur??[B��?�??T�???xp???P??���:�0�y�?ր��<�}?mU�?7���?a��K�\�Qa���y�C��???�V�?��???���?���=��O��y�]?���&��3i?[��q{???�)�ޝ��?��=??�8��[�hS�?�J�AЗ�A?4��L�I�㛌��=�D��!hc��?�L�a�d)r?|~�I1?�R�B�e����!GA��� B����/5'8z�N�?��]]>&#x7f;<![CDATA[��?�|0?_6�fS��+o�??���h8n?�?N�]�1���?�f+�xR�E��![�u?�J�??=�Z�?-�Z���1�?+7TI"p��h?F� ��s�E��#ط�W?����'�A���N�պ�9~�O�?�f��l���|?[�,i��VO����,g��˭�??��n�J���K����oBEd'�r�$�d��ۙ����^i�>�8篩��?`+?}?��8�???Q�?��????��~�,f�AF����w
�?�9���Ucdڹ��??�Jٵ�?�]]>&#x7f;<![CDATA[?�z������(�?�H�m�?�?�8��?)y�o	S��?0�+��a��?B�/����ڸ�??;�0���~�hD?�d=�m?)F@.?��[�/��?�]]>&#x7f;<![CDATA[<Λo���?����Ed��?��??#��f?�Ew�?��JV|Aj0K?h�gL7���?ל??����$�?٬]]>&#x7f;<![CDATA[�s<IQ�A-??�j,?`��?��?Ρ�[��K�?w��?;v	���-6�a?s��b???��h?'?�D"5y�X�)�;�s��]��]b!7`�ju�ʮ���[�Q�8�?j�U��da�ۼ�?��^�S�8#??��r�P9��s�1�w��+q��s�X���X�h?�?ޕ�!i��c?4��Ǿ?}���?��3�`���7�¬�,RrB��>�K]f'�a�n&?�><m��[?�?��$o�?�;�?��?	�`�w�aff�%t>�J��?�����\U�???�NИq��?��wHu�]]>&#x7f;<![CDATA[�?6?��"���^}��$�&࡯�:?a�?`�Q&?�DLz??[fKS?:�xB� ##����{;�?�j�[O�[U��R2�q�??e7��4����ǚ?<��Q��?�di���&�|S����o$<���&�!���^m^(z)�M�?��D!�H���?�T�?(n�R��o�??�:1��?�:Olh������0U��qL�p?�+��;��?^d>��m�A|b�rm���`��g0?���ų2��?���JV�Y?E�h�J�6�5㰏�3?�]a�?���?�"U�;�G�=�?~?(�}�����@?�)��]]>&#x7f;<![CDATA[��<Z���L�[��{?�1?���M01�u=1�TqA�M�M�S^���{?��Wa??'?κ�6}�ܵ%=<?�?$�}O��80�!�???q;�h=?���N��4�&�
�?Aa-A�<�?��?�*�К�`��/b??n�A�&�?�?������T8?�P-�?�jO-�Jf���d?Te��r'�?�6��z{??؜�'ΐ�}���ݥ?��1�#AP?�0�(���kPb�́�7��z�L�[��{?�1?���M01?�2m��u?�?�=��U^[ګ??A�����*X��7�s���r �?��?	V:
P��?�h��j1?{�p?*�����ߑ7˦��ʵ<�?��?�*�К�`��/b??n�A�&�?�?���6?�?ӿ�s��h�6?5gx���X�?�ax?�C[O%[�:?�?{��?.9Շ�HzM�ѫ�Į���L�??���?3�_#@�?�4��։䄺�ծ??8+�y??���,J?�?]]>&#x7f;<![CDATA[�\�:'.C}?C�Y�.�<C/��3I?K��׃�?vȀ?��:�]?��N�*?�m?�a?����F�?����H)+j�T%�8�¶��h�W1<a���FQ7�S���֟�@�?K�??&��G���Ǐ�Ě)�}$��^��?�?�V�?�?eH?��Xo �Hn
�&F��?+�?��!�~�w�??���{	?EE�#jld��?Cn?I�}��~�?���6�?_�,?n�x����/I`P?�����/�?6 z��r�3!��?�{�?
��Íl���?��?�^B�Ʋ?������??�r�M	�.��r�w??�?V��7?#	�lږt?(�(5�c�k�L?�Cw+~�?Xh'�;�?b�^�q aG]�??7����ϓ?IH?�>xu6QѼ�"�?�W0+��_?�t?��?�\��Y�����?�R�.K���o���?��ݘ��ji
?���x�g7?�??Cd�?7ې�4��L����ENK��?��@�?Ԃ��*M:��?����9M�Ǘ�J*4b�S�	.��i��t}��C��G�k?1�_\��I?^ȩ[���5�ےm8h?�/4ȫ1��Y��2m��xђ���������Q�I^=?��*	�H�d�ɞM2��S2��4�?]]>&#x7f;<![CDATA[r�,��?@K"c�z�t]�?���q~w���Gⶎ�OF?Ls܏�t��hM��X�:�솉��ÐE�<��?�6q����V)_�5��z�f	<����B?�JB��xb~?�?�
��7+�?\�A?4�%��ݜ�l6��?��d�Pl�?�>Ny�z�9�!������)nq�U�8�y�?���|3�S��?��i0�.H��0S?���<)�É6�x.��A�|?��?Y?2C r?�Y_��kk?KY�?�x??�_�]]>&#x7f;<![CDATA[�9'2%��	?	>c-LOH�e%?x]��R��1><�� ���g�Q�y�4���1h?�+��A??k�u�?X�~:�U?��Э?y�o���F�A?Q��?(e)&L�}��]]>&#x7f;<![CDATA[+�������0Z�!�I??�jX?ZOV��ǖ?��4%�C?NL>Zϻ�!���[Q�&r��$+�j߬�^�?,T��=��6�?B})?��?%?+A�8sN�E�� H?ѓ�?���?2��??`Q?�8�4��)0�?t�j??�E�W�Hu?��?�]�l�ح?e?��?w����D�E����?�ip,?�?u�$!��2qa�?o�,C�??A�C���LV���mP?b1ÐY�@?qV��q~Ι<v�T�{��?f�D��裃tϱ�qw���B�nv�?�R"�K-��	�{1|)X�/�?��^a��?�?�V���TC?��w�?�nw��?���p�G���ܮ݄�7����Z�JV����%�!����?+ɋ�a��.q��f6��=H9?y:=���?~w��{U�/
�?�2��?�B�?�X	u���t�-�zy?@$����2,���V�����-(F?=c\�?ی~>?%Y?1?r�}�._��?���?�l�bÀ(�L��gq�n????�K]]>&#x7f;<![CDATA[>"G�?G-�?~��������uF?+lH)����'��Y���?�?�?�?�=�?�^���l���/?�?M�]����Ғ�[�?�/�~G��?�Y7�ֵ�??���?��'���(���o���(\7�So���v�?��}�MPyE?;Q$����0.쌢��7,�F?�?��Ѵ�Z?D�?�2�^??s�޴��XsNZm�?�xu��Е
~???�O��2??�.�m���s?,??Yx��pJv?=a)�����5ބ�?ھJ^Q��ߒ���/}���-
�??�?��`o�nг�Y�"�[���?� ���R4w���a�??ZJ�x�???�bf��?J;C�84X;���f~ï���x$?E�m>???�T���l��O4�2�tG�V<���ȓ��>��D�?]]>&#x7f;<![CDATA[���?x?_���|[?�K�0���`]�@���[j�>}�_�2�Ԥc���[E��|d۞G�ϑ,!�*��]]>&#x7f;<![CDATA[A)3�;���3e��?`)�⚅��J�F�B�1m�ӏ�j?[?;??�0?��.�@�xoL�k����?��?ڭ�?WoߧQ�����v4W� �?\\�H{?Lz�?@�d,������ʫ(r�%�@�X��;�#���uІ	?
�)�_��B�&d�p�YH:0��{�.7f��
cH<��Ǒ ?���/ͽ*�W��|Q�vTB
?��?4#�4ʃX]]>&#x7f;<![CDATA[��(w�??��	["}���R���{��*���?�h�?�?X?K�Y��?Q�Q�v?�?S���A�?0g�D�{��{�.7f��
cH<��Ǒ ?���/ͽ*�W��|Q�g�{y��"Տz�%Q<��!��Z\�_8?la02��?���??�??a�LuHM��y�$)�d-��?�E�?��?,����p[�]]>&#x75fc1;<![CDATA[��?$9��)��oS{�T��)\��@��$?��J��Ȑ�?��FE���?�?�??1mK�Q0}��?zSpy?��??r��E?9?�2>�??F�?�??��?6#3�H��{�.7f��
cH<��Ǒ ?���/ͽ*�W��|Q�?�?"A��g(��`��YZ�?��?3?sɑ��%=����V��9?��??f���\O��
�j-?qu/{w?
?%?�e�?�j�u�?A�?$9��)��oS{�T��:��H?1��?�#Ak<0?]]>&#x7f;<![CDATA[.gG?�?9�Wo�N�?��?��?����&�&���Ĵ*?��?��-sn?����?�$�}�?i�_�/��?3�]x>�2��?v�;�\? n��1FL�>�(��xF?�?	?�@?�?��O��\xD�0*�@?P>]]>&#x7f;<![CDATA[�ϩ�c
]]></system-out>
  <system-err><![CDATA[apr. 05, 2021 7:22:05 P.M. vrielynckpieterjan.encryptionlayer.schemes.AESCipherEncryptedSegment adjustKeyLength
INFO: [vrielynckpieterjan.encryptionlayer.schemes.AESCipherEncryptedSegment@0] A key of 10 byte(s) has been provided for the AES-256 algorithm. The original key will be repeated to obtain a key of 32 bytes instead.
apr. 05, 2021 7:22:05 P.M. vrielynckpieterjan.encryptionlayer.schemes.AESCipherEncryptedSegment adjustKeyLength
INFO: [vrielynckpieterjan.encryptionlayer.schemes.AESCipherEncryptedSegment@37d05efb] A key of 10 byte(s) has been provided for the AES-256 algorithm. The original key will be repeated to obtain a key of 32 bytes instead.
apr. 05, 2021 7:22:06 P.M. vrielynckpieterjan.encryptionlayer.schemes.AESCipherEncryptedSegment adjustKeyLength
INFO: [vrielynckpieterjan.encryptionlayer.schemes.AESCipherEncryptedSegment@0] A key of 10 byte(s) has been provided for the AES-256 algorithm. The original key will be repeated to obtain a key of 32 bytes instead.
apr. 05, 2021 7:22:06 P.M. vrielynckpieterjan.encryptionlayer.schemes.AESCipherEncryptedSegment adjustKeyLength
INFO: [vrielynckpieterjan.encryptionlayer.schemes.AESCipherEncryptedSegment@6cbf2020] A key of 10 byte(s) has been provided for the AES-256 algorithm. The original key will be repeated to obtain a key of 32 bytes instead.
]]></system-err>
</testsuite>
