<?xml version="1.0" encoding="UTF-8"?>
<testsuite name="vrielynckpieterjan.encryptionlayer.schemes.IBEDecryptableSegmentTest" tests="1" skipped="0" failures="0" errors="0" timestamp="2021-04-07T10:35:02" hostname="MacBook-Pro-van-Pieter-Jan.local" time="0.294">
  <properties/>
  <testcase name="encrypt()" classname="vrielynckpieterjan.encryptionlayer.schemes.IBEDecryptableSegmentTest" time="0.294"/>
  <system-out><![CDATA[��??sr?@vrielynckpieterjan.encryptionlayer.schemes.IBEDecryptableSegmentl\
nʅ�????L??encryptedSegmentt?$Lcryptid/ibe/domain/CipherTextTuple;xpsr?"cryptid.ibe.domain.CipherTextTuple7-@?ȠTV???L??cipherUt?0Lcryptid/ellipticcurve/point/affine/AffinePoint;[??cipherVt??[B[??cipherWq?~??xpsr?.cryptid.ellipticcurve.point.affine.AffinePoint�#?U?�a???L??xt??Ljava/math/BigInteger;L??yq?~??xpsr??java.math.BigInteger���?�;�????I??bitCountI?	bitLengthI??firstNonzeroByteNumI??lowestSetBitI??signum[?	magnitudeq?~??xr??java.lang.Number���??���???xp����������������????ur??[B��?�??T�???xp???@d!�2�(�!W�	?��bv��???&Ɯ�{C��??Wr?�D�j��q���dY?�(��L�:??�m��xsq?~?
����������������????uq?~????@??�y5��&@�*ɍ��
?��8kR�9?���A���:P�k1:?�-�:�{���`��t��@??��#B�@xuq?~?????�[1qkL���ְ�?t?�;�uq?~????\�N/^�?�?h�.����D!�����9�%�;��R??P����0?]]>&#x7f;<![CDATA[�Yp�L?�-�� �ǘ�l?ҳg�2����Bs���?I<��d??���c6?tUY?N;?�R��i&�?�U;��h7��ҝ�q�3�?PR�Q�0\]]>&#x7f;<![CDATA[P��|�o�?�?(�\�U��.i]?�G�X	�f;?]]>&#x7f;<![CDATA[��&fd��??3]�{Q��?`?o�M�?S�5�?�N+��$.�P�@x/ۭ}7�aL�.-��g?i�^(???K����Փ��<�q�s]]>&#x7f;<![CDATA[r�?0�??�?~�7wUfHQv�Pgwg3�kµ�4?©��ע�Ƚ,?�?8�qIaI�,hm�?�(�?��%=?Xq�wPIi��?���?��8�h�,?�?VO,?��7�;?u��j���L؉	$�?���?b?�*hM??�@!��>�q3t���BM��j�Ⱦ?�h���[�2��u�[?&F?����m�?�?jC�?���w�z�n=C�x��S� 2ō��?j�?�yͮm��'�?�A�U�??�?�8(��?U3C?#�9�M/w�?�ۯX?2L�]]>&#x7f;<![CDATA[����4pR/�ty��
b�JV�Wp�?�ͭt!?��?$??G?P]a]]>&#x7f;<![CDATA[?�?����2��MA�?w�R?����P?�?�;1���~nf�?y?tf}]]>&#x7f;<![CDATA[p���?�<?׋]�+u�fCv��U��?i
]]></system-out>
  <system-err><![CDATA[]]></system-err>
</testsuite>
