<?xml version="1.0" encoding="UTF-8"?>
<testsuite name="vrielynckpieterjan.encryptionlayer.schemes.RSACipherEncryptedSegmentTest" tests="2" skipped="0" failures="0" errors="0" timestamp="2021-04-03T15:45:07" hostname="MBPvanPieterJan" time="0.457">
  <properties/>
  <testcase name="encrypt()" classname="vrielynckpieterjan.encryptionlayer.schemes.RSACipherEncryptedSegmentTest" time="0.035"/>
  <testcase name="nonStringEncrypt()" classname="vrielynckpieterjan.encryptionlayer.schemes.RSACipherEncryptedSegmentTest" time="0.422"/>
  <system-out><![CDATA[��??sr?Dvrielynckpieterjan.encryptionlayer.schemes.RSACipherEncryptedSegment:?u!����???L??encapsulatedAESEncryptedSegmentt?FLvrielynckpieterjan/encryptionlayer/schemes/AESCipherEncryptedSegment;xr?Avrielynckpieterjan.encryptionlayer.schemes.CipherEncryptedSegment7�2Ĩ�4�???[??encryptedSegmentt??[Bxpur??[B��?�??T�???xp?????h�b�?�5�?@Xm:@"�J;��M?��]]>&#x7f;<![CDATA[�D�(���?A5t`��4?�\hу�zܲ�}A�?�?��S�֬OO��c�?y T�J��?]�?W�鰱�?$zp�?8�A�V?�]]>&#x8b;<![CDATA[�����d@�F?<ju=�k?p�(+ �?��vZ�u�%�?��������?0{w!Ѥ�2�����?���JY?���ɐR�՗]]>&#x7f;<![CDATA[f�J#2:�� ��R�˃�i����gk^�?~m9�U��䒉�??�h��XA???`�r�\:d�K�E�̥���)�x%�И?���sr?Dvrielynckpieterjan.encryptionlayer.schemes.AESCipherEncryptedSegment��?\?t[�???xq?~??uq?~?????����?�q���G�U�$??�}��1FߧD��_G[�?^�?���߫@-??�!Vd���?���_?QX��*�ц�TA�?r�>MZO�LE5�ʬ;O��"��?�_-a�?\a�wlpD,�����	l˱�?�6���^�������,����WE�Xe�r�/�0arm���sМ�j5n|\r6-6�?]]>&#x7f;<![CDATA[s0[?V�2�|y�O�???D?��=w�E)C;4�?�
�c��@���?��-?��w��Ƈ{t??�;�|�ۮ?I?�|L����*]1/j,ټ�??0??��?���V?7�?�F?��T�4�F�?�q_�)�+��7GɯIF�,�
s�?�����i�6�e��/�&J�?�?�9�&zn�:5�?-'�j�?t�b�ly?�ȏ@i�?x?�����D7�?1TC��?~`@*x_O<Z��9��Iu��'K�T�2'�yT�97�p<[?M�F��������~�ƛ��� ��9�E]�_qA<�҄ی�J?�?��n�07�%;��>�]�C�n?�?�l���
��??sr?Dvrielynckpieterjan.encryptionlayer.schemes.RSACipherEncryptedSegment:?u!����???L??encapsulatedAESEncryptedSegmentt?FLvrielynckpieterjan/encryptionlayer/schemes/AESCipherEncryptedSegment;xr?Avrielynckpieterjan.encryptionlayer.schemes.CipherEncryptedSegment7�2Ĩ�4�???[??encryptedSegmentt??[Bxpur??[B��?�??T�???xp????��� ++�?�g]o�c'���3��ZmX��BR?�`��]�e�_�72�����?!��3!6V��Fq?ю(_��ٲ=ܱG7jO9�)i�tN?���@��?.5��-n�?���A�C?�K??8?�"q|"s??m��=.D�??�H�??ӅB??:��)M�?)q(�"m??h??�R��l�ƍ~4;�WW#��S=+?*=?~�+�?�?�j�?�0k{��??ت�6SLw>�"�RI?i�?�J?�W5��L�?�(/*� ��?b(��?��B��=���R�Ksr?Dvrielynckpieterjan.encryptionlayer.schemes.AESCipherEncryptedSegment��?\?t[�???xq?~??uq?~?????�랐:?��M�Q�F�,ˌz??U�?`)��ބa�'==����7��^���U92?�}\�?����e�Y?��4?<?��=/�2Yc(�]]>&#x7f;<![CDATA[�.��v�A&'?c��M�����t5�?e���ך�a$?�?-'�ںȦ1!?�b�u��?��?-����m��{�ҍ|�*��[c���??�kB*]]>&#x7f;<![CDATA[ot��V��C�t�8\��N�6�n?�?$-`/]]>&#x7f;<![CDATA[v�a?�YYg�.@e�?�����?��?�`���??!�]]>&#x1ffc6;<![CDATA[��n7��rᤸ�?J�)o�u�]z�vz���?�??"���lZ�l?^!qy>��4?�3/h�?�?�y��_�2V���֜�Z��g��x???��1??�?�=k�]]>&#x7f;<![CDATA[?�$i:��?h?�}ř���h�B�&?F��,�М�??t��I�]]>&#x7f;<![CDATA[�lTU����Ҁ�?�&?�� ��2�?�??6'?;��
�r?z?��t{Wt1�ɪ�-?&a?HΈ?4��y?hu�?��㟛0�7?c?Dy��1�?�6$�z?���?M�?pb+�?���]�W$?�U�]]>&#x7f;<![CDATA[?�C�dv?
?	�p�2�&�]tդ�y�����?��F���'ͭp�u���M@�����J5�����Xƶ#؃� ��,3�]]>&#x7f;<![CDATA[e?��˯�*?*7�RXkD�Ei�?�xlr���#�tK�m0AYQJ�܆��,Ǽ��ja��WjT+����?]]>&#x7f;<![CDATA[�H���IRd���t��?��䬅O���?���8�/�h>ݘ�@8??¥CO��??���s�!m�?T�f����?�G�?�,<�3�?�Q��̲���m�Ā?�m��o���	@s���?0ZW�?~�=t�*?r�c���|j}�p?|��??& �$??����!���i
K�rp5�i�3��7R��I݌��j��=�w^�b���+�;��a�_.!??��?٬�?"?���_��Q1ˎ�I�?x+*t�Y6�?�xrϲQ����$��zf�?s�:P�?�?�?��?��?�|;��V{? ?3���r+mJ^�b��M��g(z�?�G6���??r#�5?�����N��	�;�cu-��0��^���:M�?|X�ˆ{��K|???�)�XNe?c��]]>&#x7f;<![CDATA[��?���؊?�?J�v?]]>&#x7f;<![CDATA[�P�d4�SPҜ)?��Ε?,�#i��[?:�z?z�?����[���1?���_l̊?y���f�zY?)MUr�-�?��>��5O?Qoـcc�f%�ODj�m3�[��x��on]���'E����qL��c�]]>&#x7f;<![CDATA[�6lf��{^�dU�1��F��yI�?CD'?N?�Z1�t����łRQL�_?��?U�u?�������?&��9?�?���-����� ��V���I�?�?l1�P��ʙ?K��=s4ƞwi?I�m���B<'??�(m�z!� N����d�k�?�MQL�$���[J���3���?�F�s?4?g��a4�c����?�?��{Tk?�C�?aa���.?���]]>&#x7f;<![CDATA[Q�Z��]]>&#x7f;<![CDATA[]]>&#x7f;<![CDATA[?r���/�<3��k�n�����_�|�%?�_TP��&Y�"�-��w�XN4>U_I"a-Z�8k��im��??nR]]>&#x7f;<![CDATA[�ת��*5��?�qT?��4���^�����ʙ?K��=s4ƞwi?��?�R�i���?:������?%��,�=gƊ/�,r��?"×l���R"H�S�+U�?�r��w��5?&�cO?ؗ�(��4�vL��aa���.?���]]>&#x7f;<![CDATA[Q�Zk<�r�G�#�Y?#�	m��d?�aH���axd�WYO��I�JZJ|K?ʪŐ9F�����m��?��$A���NOtM���˳+}1�	���3"[N�I]]>&#x7f;<![CDATA[?�IP��F��"k�u?U?@/�A���J[c�?��؞�6�$$�j�Z�����ep�y_ل�[?ز�?σ��6�[@g???&�)�?�+x?Ud�A9�?`/p��~?˶y�?��
�VE�?�.�?�?0Ci�I�??䦜K?�'d�H����)m(#��Xi��X��?A`$u^jH��g\j�H�`�`���Ϯ�́�K{>f�������MD��*?"��?�Yg x(�k�}o�=�]]>&#x8d;<![CDATA[��??yW���[��WSfG�&���?C��*��q?P苑�P���I��m??�ׯ�?��}?��R��?���L����?�?)3�Ge�����0?[�:�?�nD`�n�?�rX;�?ā��7ջ?�?i?K?��X�*:?���r�o:_���=�j�4�_}�o��}��V?��P(?��w
Q	���"s��0�_?v3lQ��K'ߛ4��%��5?�?�P�>�Z�VcX�?��-�?�éڏZ?b�e7�??;�?�B?�	���`T�R�J���?�Śj�<f-K�^ˁ�z�O?x�?S?DSB=R�@4?JW�V���o�zȶ�E?�i&a�??=�@ͣ��},d?u��.��?1N�.?�J�?�<��׫?9��9s<?ҙ?�$��,�?l��퓚���MK�E?�XٚД�T?[?�q?�l?f�vR�?8P?�`�ڬ�?#I�c�??q���Qwy���ч���\?iU����?(~�?����|�H�L`A.�9*???��ʛA����}���?@�Eju�e?9L�N�?h�Z5sw����?�l��|�$+�T�j�?��L�?L���ҐcI�S?!^����p�#?��?Q˿.G&ؔ�|Y��^J@���Rq2yi�?7#?�����?w�,�?]]>&#x7f;<![CDATA[�!�?�3��?ַi|Fg~�y��A�JF�������4?��?�����C-.w�q?��!P"?�?q�r�� �l��p8S?�$$?A�G�?�?�
�u=�*U�!F(�>6 �'�.;��D�E�Tk?~ϗvu[?K,���O�j?ce��	�!H:{?�?�N?�
�?$??�f<
��|v��Q�oB�0�g�I?{z?F?��u��V��ծ�?R��|�La���?�k]]>&#x8f;<![CDATA[��^0BaK(3��9?��0<�y?��B�|��bpR�`?=��^8s-�?1.4?���?&�)���@B��&P�?j	?T2NY���'i��$?C?�|R�~���3��\��d����\�Q�+c���?��?�ϖ	 ���?Ӽ�?��^�(?�E?��H���Y��d�?����=:?�?T?�?���?�"t?<�F�XdҩTa?�ΰ�(���J��?��?��J]nH�K�X��<�1��?L���Z�N��?�#j��~�?m�!?/Иb~o�j�]���|ga7��nKoSG�%'?��?�?ئ�u��lL���?�r?k3H�%?"?�,c}z�??�'7>�X?M�T�R��ճ�B��Z??zIK7A��\��܏I2?y�ѯ��;$:?j?�?���@�74㗬?�?�:V?�����x߇j��??�?B,?U?���)��)>I?]]>&#x7f;<![CDATA[??��?��vQ��?���Hp�?�x�w^0R�v1�{�?C?��1~�?��~$�a�&\]]>&#x7f;<![CDATA[�?I�dDˇߙ?����?Sؘ�Z��?`�>
2?!A?n�*E+*6r�}7�x����Y��l�]Nj�P��O?-�l�G�?G���C?3�%?Ϻ�����R���車�/��?^K�-q?�Rc��d']]>&#x7f;<![CDATA[?uN?��x~=OUy�J??²0��kKN^�|+��ҷ4��+??R��{|<�1[X??#C�f�<�<?�lH?�]]>&#x7f;<![CDATA[=G�Z'�k�?��@�1笇�d7�l?�^��?��4�L���r2�t�O")?*��??)!�W!-cg(�vV?��94?8U��MfN?��ܒ�]]>&#x7f;<![CDATA[�??�2�5�??TďY�|1D��.�gS�#����>%$��V@?�?�QU��D��!Ii�/?�Yܸ%�<?���z�0DEuޗ��R�?�,?1Q�L%��[@�e��~��"��#�F�\�z�]`�??�?�>��BG�����ʙ?K��=s4ƞwi?�
�WM�^ˎr��oO.F��|8�??:��???�ɡ?\�?d��E"ywwZ�M��ӕ?�E���J����)�_`]]>&#x7f;<![CDATA[G��85Q�ͫ�_��?�qT?��4���^�����ʙ?K��=s4ƞwi?�Z�(��B�j&?͖\�Ҋ��?�}�O�1(̇44Q'�݋M?�?<?��?��x)�??˴�??�ݓ���)����k��$�}K��E�aa���.?���]]>&#x7f;<![CDATA[Q�Z'?:5�?��V�Oΰ�VG�ۅ��.?�i�}�����'���C�f_�?��C-�MY	�?KQ�]Q��J��;�?�?�?I�H8�>"�?�qT?��4���^�����ʙ?K��=s4ƞwi?��?��yz*??Ú��e@�?�u���o)�l_0�$�>	��?���?+?��2]]>&#x7f;<![CDATA[n���M('?MF]]>&#x7f;<![CDATA[���NE�δ-?af?��}?~�|?aa���.?���]]>&#x7f;<![CDATA[Q�ZJp_�??�?�u쎫��h�~�De?��E�.?/�?J?����u�ԙAe��,V<?��J�7?�@�r�?_?<S��r���4�?�?��3"[N�I]]>&#x7f;<![CDATA[?�IP��F��"k�u?U?@/�A��?�sb�I�u�L?��?Պ[�Y>??4�)�
��W?/
]]></system-out>
  <system-err><![CDATA[]]></system-err>
</testsuite>
